[ 2017-05-12T08:28:47+08:00 ] 127.0.0.1 /tpg/
INFO: [ app_init ] --START--
INFO: Run Behavior\BuildLiteBehavior [ RunTime:0.000014s ]
INFO: [ app_init ] --END-- [ RunTime:0.022657s ]
INFO: [ app_begin ] --START--
INFO: Run Behavior\ReadHtmlCacheBehavior [ RunTime:0.011853s ]
INFO: [ app_begin ] --END-- [ RunTime:0.011918s ]
SQL: SHOW COLUMNS FROM `travel_jingdian` [ RunTime:0.0293s ]
SQL: SELECT * FROM `travel_jingdian` LIMIT 0,8   [ RunTime:0.0175s ]
SQL: SELECT * FROM `travel_jingdian` ORDER BY jingdian_id desc LIMIT 8   [ RunTime:0.0004s ]
SQL: SHOW COLUMNS FROM `travel_xianlu` [ RunTime:0.0080s ]
SQL: SELECT * FROM `travel_xianlu` ORDER BY xianlu_id LIMIT 8   [ RunTime:0.0004s ]
SQL: SELECT * FROM `travel_jingdian` LIMIT 10,4   [ RunTime:0.0004s ]
INFO: [ view_parse ] --START--
INFO: [ template_filter ] --START--
INFO: Run Behavior\ContentReplaceBehavior [ RunTime:0.000216s ]
INFO: [ template_filter ] --END-- [ RunTime:0.000266s ]
NOTIC: [8] Use of undefined constant jingdian_id - assumed 'jingdian_id' C:\xampp\htdocs\tpg\guizhou\Runtime\Cache\Home\c1d0c4ca6eb9ae2ad55359290868129b.php 第 622 行.
NOTIC: [8] Use of undefined constant jingdian_id - assumed 'jingdian_id' C:\xampp\htdocs\tpg\guizhou\Runtime\Cache\Home\c1d0c4ca6eb9ae2ad55359290868129b.php 第 622 行.
NOTIC: [8] Use of undefined constant jingdian_id - assumed 'jingdian_id' C:\xampp\htdocs\tpg\guizhou\Runtime\Cache\Home\c1d0c4ca6eb9ae2ad55359290868129b.php 第 622 行.
NOTIC: [8] Use of undefined constant jingdian_id - assumed 'jingdian_id' C:\xampp\htdocs\tpg\guizhou\Runtime\Cache\Home\c1d0c4ca6eb9ae2ad55359290868129b.php 第 622 行.
NOTIC: [8] Use of undefined constant jingdian_id - assumed 'jingdian_id' C:\xampp\htdocs\tpg\guizhou\Runtime\Cache\Home\c1d0c4ca6eb9ae2ad55359290868129b.php 第 622 行.
NOTIC: [8] Use of undefined constant jingdian_id - assumed 'jingdian_id' C:\xampp\htdocs\tpg\guizhou\Runtime\Cache\Home\c1d0c4ca6eb9ae2ad55359290868129b.php 第 622 行.
NOTIC: [8] Use of undefined constant jingdian_id - assumed 'jingdian_id' C:\xampp\htdocs\tpg\guizhou\Runtime\Cache\Home\c1d0c4ca6eb9ae2ad55359290868129b.php 第 622 行.
NOTIC: [8] Use of undefined constant jingdian_id - assumed 'jingdian_id' C:\xampp\htdocs\tpg\guizhou\Runtime\Cache\Home\c1d0c4ca6eb9ae2ad55359290868129b.php 第 622 行.
NOTIC: [8] Use of undefined constant jingdian_id - assumed 'jingdian_id' C:\xampp\htdocs\tpg\guizhou\Runtime\Cache\Home\c1d0c4ca6eb9ae2ad55359290868129b.php 第 648 行.
NOTIC: [8] Use of undefined constant jingdian_id - assumed 'jingdian_id' C:\xampp\htdocs\tpg\guizhou\Runtime\Cache\Home\c1d0c4ca6eb9ae2ad55359290868129b.php 第 652 行.
NOTIC: [8] Use of undefined constant jingdian_id - assumed 'jingdian_id' C:\xampp\htdocs\tpg\guizhou\Runtime\Cache\Home\c1d0c4ca6eb9ae2ad55359290868129b.php 第 648 行.
NOTIC: [8] Use of undefined constant jingdian_id - assumed 'jingdian_id' C:\xampp\htdocs\tpg\guizhou\Runtime\Cache\Home\c1d0c4ca6eb9ae2ad55359290868129b.php 第 652 行.
NOTIC: [8] Use of undefined constant jingdian_id - assumed 'jingdian_id' C:\xampp\htdocs\tpg\guizhou\Runtime\Cache\Home\c1d0c4ca6eb9ae2ad55359290868129b.php 第 648 行.
NOTIC: [8] Use of undefined constant jingdian_id - assumed 'jingdian_id' C:\xampp\htdocs\tpg\guizhou\Runtime\Cache\Home\c1d0c4ca6eb9ae2ad55359290868129b.php 第 652 行.
NOTIC: [8] Use of undefined constant jingdian_id - assumed 'jingdian_id' C:\xampp\htdocs\tpg\guizhou\Runtime\Cache\Home\c1d0c4ca6eb9ae2ad55359290868129b.php 第 648 行.
NOTIC: [8] Use of undefined constant jingdian_id - assumed 'jingdian_id' C:\xampp\htdocs\tpg\guizhou\Runtime\Cache\Home\c1d0c4ca6eb9ae2ad55359290868129b.php 第 652 行.
NOTIC: [8] Use of undefined constant jingdian_id - assumed 'jingdian_id' C:\xampp\htdocs\tpg\guizhou\Runtime\Cache\Home\c1d0c4ca6eb9ae2ad55359290868129b.php 第 648 行.
NOTIC: [8] Use of undefined constant jingdian_id - assumed 'jingdian_id' C:\xampp\htdocs\tpg\guizhou\Runtime\Cache\Home\c1d0c4ca6eb9ae2ad55359290868129b.php 第 652 行.
NOTIC: [8] Use of undefined constant jingdian_id - assumed 'jingdian_id' C:\xampp\htdocs\tpg\guizhou\Runtime\Cache\Home\c1d0c4ca6eb9ae2ad55359290868129b.php 第 648 行.
NOTIC: [8] Use of undefined constant jingdian_id - assumed 'jingdian_id' C:\xampp\htdocs\tpg\guizhou\Runtime\Cache\Home\c1d0c4ca6eb9ae2ad55359290868129b.php 第 652 行.
NOTIC: [8] Use of undefined constant jingdian_id - assumed 'jingdian_id' C:\xampp\htdocs\tpg\guizhou\Runtime\Cache\Home\c1d0c4ca6eb9ae2ad55359290868129b.php 第 648 行.
NOTIC: [8] Use of undefined constant jingdian_id - assumed 'jingdian_id' C:\xampp\htdocs\tpg\guizhou\Runtime\Cache\Home\c1d0c4ca6eb9ae2ad55359290868129b.php 第 652 行.
NOTIC: [8] Use of undefined constant jingdian_id - assumed 'jingdian_id' C:\xampp\htdocs\tpg\guizhou\Runtime\Cache\Home\c1d0c4ca6eb9ae2ad55359290868129b.php 第 648 行.
NOTIC: [8] Use of undefined constant jingdian_id - assumed 'jingdian_id' C:\xampp\htdocs\tpg\guizhou\Runtime\Cache\Home\c1d0c4ca6eb9ae2ad55359290868129b.php 第 652 行.
NOTIC: [8] Use of undefined constant jingdian_id - assumed 'jingdian_id' C:\xampp\htdocs\tpg\guizhou\Runtime\Cache\Home\c1d0c4ca6eb9ae2ad55359290868129b.php 第 915 行.
NOTIC: [8] Use of undefined constant jingdian_id - assumed 'jingdian_id' C:\xampp\htdocs\tpg\guizhou\Runtime\Cache\Home\c1d0c4ca6eb9ae2ad55359290868129b.php 第 915 行.
NOTIC: [8] Use of undefined constant jingdian_id - assumed 'jingdian_id' C:\xampp\htdocs\tpg\guizhou\Runtime\Cache\Home\c1d0c4ca6eb9ae2ad55359290868129b.php 第 915 行.
NOTIC: [8] Use of undefined constant jingdian_id - assumed 'jingdian_id' C:\xampp\htdocs\tpg\guizhou\Runtime\Cache\Home\c1d0c4ca6eb9ae2ad55359290868129b.php 第 915 行.
INFO: Run Behavior\ParseTemplateBehavior [ RunTime:0.108478s ]
INFO: [ view_parse ] --END-- [ RunTime:0.108529s ]
INFO: [ view_filter ] --START--
INFO: Run Behavior\WriteHtmlCacheBehavior [ RunTime:0.010879s ]
INFO: [ view_filter ] --END-- [ RunTime:0.010926s ]
INFO: [ app_end ] --START--
INFO: Run Behavior\ShowPageTraceBehavior [ RunTime:0.043352s ]
INFO: [ app_end ] --END-- [ RunTime:0.043442s ]

[ 2017-05-12T08:29:58+08:00 ] 127.0.0.1 /tpg/home/show/showjingdian?id=22
INFO: [ app_init ] --START--
INFO: Run Behavior\BuildLiteBehavior [ RunTime:0.000019s ]
INFO: [ app_init ] --END-- [ RunTime:0.000888s ]
INFO: [ app_begin ] --START--
INFO: Run Behavior\ReadHtmlCacheBehavior [ RunTime:0.002167s ]
INFO: [ app_begin ] --END-- [ RunTime:0.002283s ]
SQL: SHOW COLUMNS FROM `travel_jingdian` [ RunTime:0.0059s ]
SQL: SELECT * FROM `travel_jingdian` WHERE ( jingdian_id='22' ) LIMIT 1   [ RunTime:0.0194s ]
SQL: SELECT * FROM `travel_jingdian` ORDER BY jingdian_id desc LIMIT 1   [ RunTime:0.0005s ]
SQL: SHOW COLUMNS FROM `travel_pinglun` [ RunTime:0.0077s ]
SQL: SELECT * FROM `travel_pinglun` WHERE ( jingdian_id='22' )  [ RunTime:0.0004s ]
INFO: [ view_parse ] --START--
INFO: [ template_filter ] --START--
INFO: Run Behavior\ContentReplaceBehavior [ RunTime:0.000199s ]
INFO: [ template_filter ] --END-- [ RunTime:0.000249s ]
INFO: Run Behavior\ParseTemplateBehavior [ RunTime:0.071333s ]
INFO: [ view_parse ] --END-- [ RunTime:0.071433s ]
INFO: [ view_filter ] --START--
INFO: Run Behavior\WriteHtmlCacheBehavior [ RunTime:0.001402s ]
INFO: [ view_filter ] --END-- [ RunTime:0.001483s ]
INFO: [ app_end ] --START--
INFO: Run Behavior\ShowPageTraceBehavior [ RunTime:0.001838s ]
INFO: [ app_end ] --END-- [ RunTime:0.001949s ]

[ 2017-05-12T08:29:58+08:00 ] 127.0.0.1 /tpg/home/show/worker.appcache
INFO: [ app_init ] --START--
INFO: Run Behavior\BuildLiteBehavior [ RunTime:0.000027s ]
INFO: [ app_init ] --END-- [ RunTime:0.001212s ]
INFO: [ app_begin ] --START--
INFO: Run Behavior\ReadHtmlCacheBehavior [ RunTime:0.002227s ]
INFO: [ app_begin ] --END-- [ RunTime:0.002394s ]
ERR: 非法操作:worker.appcache

[ 2017-05-12T08:30:04+08:00 ] 127.0.0.1 /tpg/home/show/pinglunajax
INFO: [ app_init ] --START--
INFO: Run Behavior\BuildLiteBehavior [ RunTime:0.000012s ]
INFO: [ app_init ] --END-- [ RunTime:0.000834s ]
INFO: [ app_begin ] --START--
INFO: Run Behavior\ReadHtmlCacheBehavior [ RunTime:0.001256s ]
INFO: [ app_begin ] --END-- [ RunTime:0.001304s ]

[ 2017-05-12T08:30:04+08:00 ] 127.0.0.1 /tpg/home/show/pinglunajax
INFO: [ app_init ] --START--
INFO: Run Behavior\BuildLiteBehavior [ RunTime:0.000013s ]
INFO: [ app_init ] --END-- [ RunTime:0.000742s ]
INFO: [ app_begin ] --START--
INFO: Run Behavior\ReadHtmlCacheBehavior [ RunTime:0.001008s ]
INFO: [ app_begin ] --END-- [ RunTime:0.001055s ]

[ 2017-05-12T08:30:08+08:00 ] 127.0.0.1 /tpg/home/cate/cate
INFO: [ app_init ] --START--
INFO: Run Behavior\BuildLiteBehavior [ RunTime:0.000035s ]
INFO: [ app_init ] --END-- [ RunTime:0.003200s ]
INFO: [ app_begin ] --START--
INFO: Run Behavior\ReadHtmlCacheBehavior [ RunTime:0.001831s ]
INFO: [ app_begin ] --END-- [ RunTime:0.001940s ]
SQL: SHOW COLUMNS FROM `travel_jingdian` [ RunTime:0.0066s ]
SQL: SELECT * FROM `travel_jingdian` LIMIT 4   [ RunTime:0.0011s ]
SQL: SHOW COLUMNS FROM `travel_meishi` [ RunTime:0.1050s ]
SQL: SELECT * FROM `travel_meishi` ORDER BY id desc LIMIT 0,3   [ RunTime:0.0004s ]
SQL: SELECT * FROM `travel_meishi` LIMIT 0,4   [ RunTime:0.0003s ]
INFO: [ view_parse ] --START--
INFO: [ template_filter ] --START--
INFO: Run Behavior\ContentReplaceBehavior [ RunTime:0.000198s ]
INFO: [ template_filter ] --END-- [ RunTime:0.000482s ]
INFO: Run Behavior\ParseTemplateBehavior [ RunTime:0.345375s ]
INFO: [ view_parse ] --END-- [ RunTime:0.345468s ]
INFO: [ view_filter ] --START--
INFO: Run Behavior\WriteHtmlCacheBehavior [ RunTime:0.001221s ]
INFO: [ view_filter ] --END-- [ RunTime:0.001283s ]
INFO: [ app_end ] --START--
INFO: Run Behavior\ShowPageTraceBehavior [ RunTime:0.002468s ]
INFO: [ app_end ] --END-- [ RunTime:0.002576s ]

[ 2017-05-12T08:30:08+08:00 ] 127.0.0.1 /tpg/home/cate/worker.appcache
INFO: [ app_init ] --START--
INFO: Run Behavior\BuildLiteBehavior [ RunTime:0.000012s ]
INFO: [ app_init ] --END-- [ RunTime:0.000784s ]
INFO: [ app_begin ] --START--
INFO: Run Behavior\ReadHtmlCacheBehavior [ RunTime:0.001127s ]
INFO: [ app_begin ] --END-- [ RunTime:0.001207s ]
ERR: 非法操作:worker.appcache

[ 2017-05-12T08:30:20+08:00 ] 127.0.0.1 /tpg/home/show/showcate?id=3
INFO: [ app_init ] --START--
INFO: Run Behavior\BuildLiteBehavior [ RunTime:0.000020s ]
INFO: [ app_init ] --END-- [ RunTime:0.000972s ]
INFO: [ app_begin ] --START--
INFO: Run Behavior\ReadHtmlCacheBehavior [ RunTime:0.001123s ]
INFO: [ app_begin ] --END-- [ RunTime:0.001193s ]
SQL: SHOW COLUMNS FROM `travel_meishi` [ RunTime:0.0068s ]
SQL: SELECT * FROM `travel_meishi` WHERE ( id='3' ) LIMIT 1   [ RunTime:0.0004s ]
SQL: SHOW COLUMNS FROM `travel_jingdian` [ RunTime:0.0066s ]
SQL: SELECT * FROM `travel_jingdian` ORDER BY jingdian_id desc LIMIT 3   [ RunTime:0.0005s ]
SQL: SHOW COLUMNS FROM `travel_xianlu` [ RunTime:0.0064s ]
SQL: SELECT * FROM `travel_xianlu` LIMIT 5   [ RunTime:0.0004s ]
SQL: SHOW COLUMNS FROM `travel_jiudian` [ RunTime:0.0179s ]
SQL: SELECT * FROM `travel_jiudian` LIMIT 3   [ RunTime:0.0004s ]
INFO: [ view_parse ] --START--
INFO: [ template_filter ] --START--
INFO: Run Behavior\ContentReplaceBehavior [ RunTime:0.000145s ]
INFO: [ template_filter ] --END-- [ RunTime:0.000187s ]
NOTIC: [8] Undefined index: jingdian_prith C:\xampp\htdocs\tpg\guizhou\Runtime\Cache\Home\a559c22949d3eaa700671dcb8ae76262.php 第 542 行.
NOTIC: [8] Undefined index: jingdian_prith C:\xampp\htdocs\tpg\guizhou\Runtime\Cache\Home\a559c22949d3eaa700671dcb8ae76262.php 第 542 行.
NOTIC: [8] Undefined index: jingdian_prith C:\xampp\htdocs\tpg\guizhou\Runtime\Cache\Home\a559c22949d3eaa700671dcb8ae76262.php 第 542 行.
INFO: Run Behavior\ParseTemplateBehavior [ RunTime:0.041199s ]
INFO: [ view_parse ] --END-- [ RunTime:0.041259s ]
INFO: [ view_filter ] --START--
INFO: Run Behavior\WriteHtmlCacheBehavior [ RunTime:0.000996s ]
INFO: [ view_filter ] --END-- [ RunTime:0.001050s ]
INFO: [ app_end ] --START--
INFO: Run Behavior\ShowPageTraceBehavior [ RunTime:0.001806s ]
INFO: [ app_end ] --END-- [ RunTime:0.001910s ]

[ 2017-05-12T08:30:20+08:00 ] 127.0.0.1 /tpg/home/show/worker.appcache
INFO: [ app_init ] --START--
INFO: Run Behavior\BuildLiteBehavior [ RunTime:0.000027s ]
INFO: [ app_init ] --END-- [ RunTime:0.001145s ]
INFO: [ app_begin ] --START--
INFO: Run Behavior\ReadHtmlCacheBehavior [ RunTime:0.002262s ]
INFO: [ app_begin ] --END-- [ RunTime:0.002373s ]
ERR: 非法操作:worker.appcache

[ 2017-05-12T08:30:24+08:00 ] 127.0.0.1 /tpg/home/show/showxianlu?id=3
INFO: [ app_init ] --START--
INFO: Run Behavior\BuildLiteBehavior [ RunTime:0.000014s ]
INFO: [ app_init ] --END-- [ RunTime:0.000722s ]
INFO: [ app_begin ] --START--
INFO: Run Behavior\ReadHtmlCacheBehavior [ RunTime:0.002142s ]
INFO: [ app_begin ] --END-- [ RunTime:0.002256s ]
SQL: SHOW COLUMNS FROM `travel_jingdian` [ RunTime:0.0171s ]
SQL: SELECT * FROM `travel_jingdian` LIMIT 10   [ RunTime:0.0033s ]
SQL: SHOW COLUMNS FROM `travel_xianlu` [ RunTime:0.0064s ]
SQL: SELECT * FROM `travel_xianlu` WHERE ( xianlu_id='3' ) LIMIT 1   [ RunTime:0.0004s ]
INFO: [ view_parse ] --START--
INFO: [ template_filter ] --START--
INFO: Run Behavior\ContentReplaceBehavior [ RunTime:0.000386s ]
INFO: [ template_filter ] --END-- [ RunTime:0.000481s ]
INFO: Run Behavior\ParseTemplateBehavior [ RunTime:0.053232s ]
INFO: [ view_parse ] --END-- [ RunTime:0.053351s ]
INFO: [ view_filter ] --START--
INFO: Run Behavior\WriteHtmlCacheBehavior [ RunTime:0.003359s ]
INFO: [ view_filter ] --END-- [ RunTime:0.003557s ]
INFO: [ app_end ] --START--
INFO: Run Behavior\ShowPageTraceBehavior [ RunTime:0.005293s ]
INFO: [ app_end ] --END-- [ RunTime:0.005426s ]

[ 2017-05-12T08:30:24+08:00 ] 127.0.0.1 /tpg/home/show/worker.appcache
INFO: [ app_init ] --START--
INFO: Run Behavior\BuildLiteBehavior [ RunTime:0.000027s ]
INFO: [ app_init ] --END-- [ RunTime:0.001475s ]
INFO: [ app_begin ] --START--
INFO: Run Behavior\ReadHtmlCacheBehavior [ RunTime:0.001732s ]
INFO: [ app_begin ] --END-- [ RunTime:0.001843s ]
ERR: 非法操作:worker.appcache

[ 2017-05-12T08:30:26+08:00 ] 127.0.0.1 /tpg/home/show/showjingdian?id=9
INFO: [ app_init ] --START--
INFO: Run Behavior\BuildLiteBehavior [ RunTime:0.000013s ]
INFO: [ app_init ] --END-- [ RunTime:0.000776s ]
INFO: [ app_begin ] --START--
INFO: Run Behavior\ReadHtmlCacheBehavior [ RunTime:0.001131s ]
INFO: [ app_begin ] --END-- [ RunTime:0.001198s ]
SQL: SHOW COLUMNS FROM `travel_jingdian` [ RunTime:0.0373s ]
SQL: SELECT * FROM `travel_jingdian` WHERE ( jingdian_id='9' ) LIMIT 1   [ RunTime:0.0004s ]
SQL: SELECT * FROM `travel_jingdian` ORDER BY jingdian_id desc LIMIT 1   [ RunTime:0.0003s ]
SQL: SHOW COLUMNS FROM `travel_pinglun` [ RunTime:0.0048s ]
SQL: SELECT * FROM `travel_pinglun` WHERE ( jingdian_id='9' )  [ RunTime:0.0004s ]
INFO: [ view_parse ] --START--
INFO: [ template_filter ] --START--
INFO: Run Behavior\ContentReplaceBehavior [ RunTime:0.000203s ]
INFO: [ template_filter ] --END-- [ RunTime:0.000262s ]
INFO: Run Behavior\ParseTemplateBehavior [ RunTime:0.017893s ]
INFO: [ view_parse ] --END-- [ RunTime:0.017956s ]
INFO: [ view_filter ] --START--
INFO: Run Behavior\WriteHtmlCacheBehavior [ RunTime:0.000880s ]
INFO: [ view_filter ] --END-- [ RunTime:0.000920s ]
INFO: [ app_end ] --START--
INFO: Run Behavior\ShowPageTraceBehavior [ RunTime:0.001473s ]
INFO: [ app_end ] --END-- [ RunTime:0.001563s ]

[ 2017-05-12T08:30:26+08:00 ] 127.0.0.1 /tpg/home/show/worker.appcache
INFO: [ app_init ] --START--
INFO: Run Behavior\BuildLiteBehavior [ RunTime:0.000021s ]
INFO: [ app_init ] --END-- [ RunTime:0.001282s ]
INFO: [ app_begin ] --START--
INFO: Run Behavior\ReadHtmlCacheBehavior [ RunTime:0.001482s ]
INFO: [ app_begin ] --END-- [ RunTime:0.001564s ]
ERR: 非法操作:worker.appcache

[ 2017-05-12T08:30:28+08:00 ] 127.0.0.1 /tpg/home/show/more?name=jingdian
INFO: [ app_init ] --START--
INFO: Run Behavior\BuildLiteBehavior [ RunTime:0.000019s ]
INFO: [ app_init ] --END-- [ RunTime:0.001025s ]
INFO: [ app_begin ] --START--
INFO: Run Behavior\ReadHtmlCacheBehavior [ RunTime:0.001000s ]
INFO: [ app_begin ] --END-- [ RunTime:0.001061s ]
SQL: SHOW COLUMNS FROM `travel_jingdian` [ RunTime:0.0048s ]
SQL: SHOW COLUMNS FROM `travel_xianlu` [ RunTime:0.0047s ]
SQL: SELECT * FROM `travel_jingdian`  [ RunTime:0.0009s ]
INFO: [ view_parse ] --START--
INFO: [ template_filter ] --START--
INFO: Run Behavior\ContentReplaceBehavior [ RunTime:0.000230s ]
INFO: [ template_filter ] --END-- [ RunTime:0.000317s ]
NOTIC: [8] Undefined variable: xianlus C:\xampp\htdocs\tpg\guizhou\Runtime\Cache\Home\054e181d5b2279b875d6d5d4f128291a.php 第 702 行.
INFO: Run Behavior\ParseTemplateBehavior [ RunTime:0.032465s ]
INFO: [ view_parse ] --END-- [ RunTime:0.032548s ]
INFO: [ view_filter ] --START--
INFO: Run Behavior\WriteHtmlCacheBehavior [ RunTime:0.000860s ]
INFO: [ view_filter ] --END-- [ RunTime:0.000904s ]
INFO: [ app_end ] --START--
INFO: Run Behavior\ShowPageTraceBehavior [ RunTime:0.001546s ]
INFO: [ app_end ] --END-- [ RunTime:0.001665s ]

[ 2017-05-12T08:30:28+08:00 ] 127.0.0.1 /tpg/home/show/worker.appcache
INFO: [ app_init ] --START--
INFO: Run Behavior\BuildLiteBehavior [ RunTime:0.000027s ]
INFO: [ app_init ] --END-- [ RunTime:0.001657s ]
INFO: [ app_begin ] --START--
INFO: Run Behavior\ReadHtmlCacheBehavior [ RunTime:0.001431s ]
INFO: [ app_begin ] --END-- [ RunTime:0.001524s ]
ERR: 非法操作:worker.appcache

[ 2017-05-12T08:30:36+08:00 ] 127.0.0.1 /tpg/home/show/showjingdian?id=7
INFO: [ app_init ] --START--
INFO: Run Behavior\BuildLiteBehavior [ RunTime:0.000028s ]
INFO: [ app_init ] --END-- [ RunTime:0.001131s ]
INFO: [ app_begin ] --START--
INFO: Run Behavior\ReadHtmlCacheBehavior [ RunTime:0.001659s ]
INFO: [ app_begin ] --END-- [ RunTime:0.001728s ]
SQL: SHOW COLUMNS FROM `travel_jingdian` [ RunTime:0.0100s ]
SQL: SELECT * FROM `travel_jingdian` WHERE ( jingdian_id='7' ) LIMIT 1   [ RunTime:0.0011s ]
SQL: SELECT * FROM `travel_jingdian` ORDER BY jingdian_id desc LIMIT 1   [ RunTime:0.0006s ]
SQL: SHOW COLUMNS FROM `travel_pinglun` [ RunTime:0.0088s ]
SQL: SELECT * FROM `travel_pinglun` WHERE ( jingdian_id='7' )  [ RunTime:0.0005s ]
INFO: [ view_parse ] --START--
INFO: [ template_filter ] --START--
INFO: Run Behavior\ContentReplaceBehavior [ RunTime:0.000399s ]
INFO: [ template_filter ] --END-- [ RunTime:0.000502s ]
INFO: Run Behavior\ParseTemplateBehavior [ RunTime:0.032414s ]
INFO: [ view_parse ] --END-- [ RunTime:0.032731s ]
INFO: [ view_filter ] --START--
INFO: Run Behavior\WriteHtmlCacheBehavior [ RunTime:0.001845s ]
INFO: [ view_filter ] --END-- [ RunTime:0.002326s ]
INFO: [ app_end ] --START--
INFO: Run Behavior\ShowPageTraceBehavior [ RunTime:0.001970s ]
INFO: [ app_end ] --END-- [ RunTime:0.002085s ]

[ 2017-05-12T08:30:36+08:00 ] 127.0.0.1 /tpg/home/show/worker.appcache
INFO: [ app_init ] --START--
INFO: Run Behavior\BuildLiteBehavior [ RunTime:0.000026s ]
INFO: [ app_init ] --END-- [ RunTime:0.001201s ]
INFO: [ app_begin ] --START--
INFO: Run Behavior\ReadHtmlCacheBehavior [ RunTime:0.001555s ]
INFO: [ app_begin ] --END-- [ RunTime:0.001638s ]
ERR: 非法操作:worker.appcache

[ 2017-05-12T08:30:39+08:00 ] 127.0.0.1 /tpg/home/hotels/hotel
INFO: [ app_init ] --START--
INFO: Run Behavior\BuildLiteBehavior [ RunTime:0.000037s ]
INFO: [ app_init ] --END-- [ RunTime:0.000858s ]
INFO: [ app_begin ] --START--
INFO: Run Behavior\ReadHtmlCacheBehavior [ RunTime:0.000983s ]
INFO: [ app_begin ] --END-- [ RunTime:0.001039s ]
SQL: SHOW COLUMNS FROM `travel_jiudian` [ RunTime:0.0124s ]
SQL: SELECT * FROM `travel_jiudian`  [ RunTime:0.0005s ]
SQL: SHOW COLUMNS FROM `travel_jingdian` [ RunTime:0.0089s ]
SQL: SELECT * FROM `travel_jingdian` LIMIT 5   [ RunTime:0.0007s ]
SQL: SHOW COLUMNS FROM `travel_xianlu` [ RunTime:0.0072s ]
SQL: SELECT * FROM `travel_xianlu` ORDER BY xianlu_id desc LIMIT 0,5   [ RunTime:0.0004s ]
SQL: SELECT * FROM `travel_jiudian` ORDER BY jiudian_id desc  [ RunTime:0.0003s ]
SQL: SHOW COLUMNS FROM `travel_meishi` [ RunTime:0.0073s ]
SQL: SELECT * FROM `travel_meishi` LIMIT 3   [ RunTime:0.0007s ]
INFO: [ view_parse ] --START--
INFO: [ template_filter ] --START--
INFO: Run Behavior\ContentReplaceBehavior [ RunTime:0.000237s ]
INFO: [ template_filter ] --END-- [ RunTime:0.000291s ]
INFO: Run Behavior\ParseTemplateBehavior [ RunTime:0.049242s ]
INFO: [ view_parse ] --END-- [ RunTime:0.049331s ]
INFO: [ view_filter ] --START--
INFO: Run Behavior\WriteHtmlCacheBehavior [ RunTime:0.000748s ]
INFO: [ view_filter ] --END-- [ RunTime:0.000789s ]
INFO: [ app_end ] --START--
INFO: Run Behavior\ShowPageTraceBehavior [ RunTime:0.001882s ]
INFO: [ app_end ] --END-- [ RunTime:0.001977s ]

[ 2017-05-12T08:30:39+08:00 ] 127.0.0.1 /tpg/home/hotels/worker.appcache
INFO: [ app_init ] --START--
INFO: Run Behavior\BuildLiteBehavior [ RunTime:0.000033s ]
INFO: [ app_init ] --END-- [ RunTime:0.002552s ]
INFO: [ app_begin ] --START--
INFO: Run Behavior\ReadHtmlCacheBehavior [ RunTime:0.001738s ]
INFO: [ app_begin ] --END-- [ RunTime:0.001838s ]
ERR: 非法操作:worker.appcache

[ 2017-05-12T08:30:39+08:00 ] 127.0.0.1 /tpg/home/hotels/css/jquery-ui.css
INFO: [ app_init ] --START--
INFO: Run Behavior\BuildLiteBehavior [ RunTime:0.000035s ]
INFO: [ app_init ] --END-- [ RunTime:0.002825s ]
INFO: [ app_begin ] --START--
INFO: Run Behavior\ReadHtmlCacheBehavior [ RunTime:0.001479s ]
INFO: [ app_begin ] --END-- [ RunTime:0.001571s ]
ERR: 非法操作:css

[ 2017-05-12T08:30:40+08:00 ] 127.0.0.1 /tpg/home/hotels/css/jquery-ui.css
INFO: [ app_init ] --START--
INFO: Run Behavior\BuildLiteBehavior [ RunTime:0.000029s ]
INFO: [ app_init ] --END-- [ RunTime:0.001792s ]
INFO: [ app_begin ] --START--
INFO: Run Behavior\ReadHtmlCacheBehavior [ RunTime:0.001573s ]
INFO: [ app_begin ] --END-- [ RunTime:0.001652s ]
ERR: 非法操作:css

[ 2017-05-12T08:30:50+08:00 ] 127.0.0.1 /tpg/home/show/showhotel?id=3
INFO: [ app_init ] --START--
INFO: Run Behavior\BuildLiteBehavior [ RunTime:0.000015s ]
INFO: [ app_init ] --END-- [ RunTime:0.001492s ]
INFO: [ app_begin ] --START--
INFO: Run Behavior\ReadHtmlCacheBehavior [ RunTime:0.000938s ]
INFO: [ app_begin ] --END-- [ RunTime:0.001004s ]
SQL: SHOW COLUMNS FROM `travel_jiudian` [ RunTime:0.0080s ]
SQL: SELECT * FROM `travel_jiudian` WHERE ( jiudian_id='3' ) LIMIT 1   [ RunTime:0.0006s ]
SQL: SELECT * FROM `travel_jiudian` ORDER BY jiudian_id desc LIMIT 1   [ RunTime:0.0003s ]
SQL: SHOW COLUMNS FROM `travel_jingdian` [ RunTime:0.0094s ]
SQL: SELECT * FROM `travel_jingdian` ORDER BY jingdian_id desc LIMIT 3   [ RunTime:0.0011s ]
INFO: [ view_parse ] --START--
INFO: [ template_filter ] --START--
INFO: Run Behavior\ContentReplaceBehavior [ RunTime:0.000668s ]
INFO: [ template_filter ] --END-- [ RunTime:0.000987s ]
INFO: Run Behavior\ParseTemplateBehavior [ RunTime:0.054780s ]
INFO: [ view_parse ] --END-- [ RunTime:0.054917s ]
INFO: [ view_filter ] --START--
INFO: Run Behavior\WriteHtmlCacheBehavior [ RunTime:0.001527s ]
INFO: [ view_filter ] --END-- [ RunTime:0.001640s ]
INFO: [ app_end ] --START--
INFO: Run Behavior\ShowPageTraceBehavior [ RunTime:0.008258s ]
INFO: [ app_end ] --END-- [ RunTime:0.008919s ]

[ 2017-05-12T08:30:50+08:00 ] 127.0.0.1 /tpg/home/show/worker.appcache
INFO: [ app_init ] --START--
INFO: Run Behavior\BuildLiteBehavior [ RunTime:0.000023s ]
INFO: [ app_init ] --END-- [ RunTime:0.001553s ]
INFO: [ app_begin ] --START--
INFO: Run Behavior\ReadHtmlCacheBehavior [ RunTime:0.001472s ]
INFO: [ app_begin ] --END-- [ RunTime:0.001533s ]
ERR: 非法操作:worker.appcache

[ 2017-05-12T08:31:09+08:00 ] 127.0.0.1 /tpg/Home/Message/message
INFO: [ app_init ] --START--
INFO: Run Behavior\BuildLiteBehavior [ RunTime:0.000013s ]
INFO: [ app_init ] --END-- [ RunTime:0.000884s ]
INFO: [ app_begin ] --START--
INFO: Run Behavior\ReadHtmlCacheBehavior [ RunTime:0.001000s ]
INFO: [ app_begin ] --END-- [ RunTime:0.001050s ]
SQL: SHOW COLUMNS FROM `travel_jiudian` [ RunTime:0.0084s ]
SQL: SELECT * FROM `travel_jiudian` ORDER BY jiudian_id desc  [ RunTime:0.0005s ]
SQL: SHOW COLUMNS FROM `travel_jingdian` [ RunTime:0.0063s ]
SQL: SELECT * FROM `travel_jingdian` ORDER BY jingdian_id desc LIMIT 3   [ RunTime:0.0009s ]
SQL: SHOW COLUMNS FROM `travel_message` [ RunTime:0.0095s ]
SQL: SELECT COUNT(*) AS tp_count FROM `travel_message` LIMIT 1   [ RunTime:0.0005s ]
SQL: SELECT * FROM `travel_message` ORDER BY message_id desc LIMIT 0,5   [ RunTime:0.0004s ]
INFO: [ app_end ] --START--
INFO: Run Behavior\ShowPageTraceBehavior [ RunTime:0.001551s ]
INFO: [ app_end ] --END-- [ RunTime:0.001602s ]

[ 2017-05-12T08:32:03+08:00 ] 127.0.0.1 /tpg/home/show/worker.appcache
INFO: [ app_init ] --START--
INFO: Run Behavior\BuildLiteBehavior [ RunTime:0.000026s ]
INFO: [ app_init ] --END-- [ RunTime:0.001410s ]
INFO: [ app_begin ] --START--
INFO: Run Behavior\ReadHtmlCacheBehavior [ RunTime:0.002055s ]
INFO: [ app_begin ] --END-- [ RunTime:0.002178s ]
ERR: 非法操作:worker.appcache

[ 2017-05-12T08:32:08+08:00 ] 127.0.0.1 /tpg/
INFO: [ app_init ] --START--
INFO: Run Behavior\BuildLiteBehavior [ RunTime:0.000023s ]
INFO: [ app_init ] --END-- [ RunTime:0.001151s ]
INFO: [ app_begin ] --START--
INFO: Run Behavior\ReadHtmlCacheBehavior [ RunTime:0.002003s ]
INFO: [ app_begin ] --END-- [ RunTime:0.002158s ]
SQL: SHOW COLUMNS FROM `travel_jingdian` [ RunTime:0.0094s ]
SQL: SELECT * FROM `travel_jingdian` LIMIT 0,8   [ RunTime:0.0006s ]
SQL: SELECT * FROM `travel_jingdian` ORDER BY jingdian_id desc LIMIT 8   [ RunTime:0.0011s ]
SQL: SHOW COLUMNS FROM `travel_xianlu` [ RunTime:0.0099s ]
SQL: SELECT * FROM `travel_xianlu` ORDER BY xianlu_id LIMIT 8   [ RunTime:0.0006s ]
SQL: SELECT * FROM `travel_jingdian` LIMIT 10,4   [ RunTime:0.0008s ]
INFO: [ view_parse ] --START--
INFO: [ template_filter ] --START--
INFO: Run Behavior\ContentReplaceBehavior [ RunTime:0.000365s ]
INFO: [ template_filter ] --END-- [ RunTime:0.000478s ]
NOTIC: [8] Use of undefined constant jingdian_id - assumed 'jingdian_id' C:\xampp\htdocs\tpg\guizhou\Runtime\Cache\Home\c1d0c4ca6eb9ae2ad55359290868129b.php 第 622 行.
NOTIC: [8] Use of undefined constant jingdian_id - assumed 'jingdian_id' C:\xampp\htdocs\tpg\guizhou\Runtime\Cache\Home\c1d0c4ca6eb9ae2ad55359290868129b.php 第 622 行.
NOTIC: [8] Use of undefined constant jingdian_id - assumed 'jingdian_id' C:\xampp\htdocs\tpg\guizhou\Runtime\Cache\Home\c1d0c4ca6eb9ae2ad55359290868129b.php 第 622 行.
NOTIC: [8] Use of undefined constant jingdian_id - assumed 'jingdian_id' C:\xampp\htdocs\tpg\guizhou\Runtime\Cache\Home\c1d0c4ca6eb9ae2ad55359290868129b.php 第 622 行.
NOTIC: [8] Use of undefined constant jingdian_id - assumed 'jingdian_id' C:\xampp\htdocs\tpg\guizhou\Runtime\Cache\Home\c1d0c4ca6eb9ae2ad55359290868129b.php 第 622 行.
NOTIC: [8] Use of undefined constant jingdian_id - assumed 'jingdian_id' C:\xampp\htdocs\tpg\guizhou\Runtime\Cache\Home\c1d0c4ca6eb9ae2ad55359290868129b.php 第 622 行.
NOTIC: [8] Use of undefined constant jingdian_id - assumed 'jingdian_id' C:\xampp\htdocs\tpg\guizhou\Runtime\Cache\Home\c1d0c4ca6eb9ae2ad55359290868129b.php 第 622 行.
NOTIC: [8] Use of undefined constant jingdian_id - assumed 'jingdian_id' C:\xampp\htdocs\tpg\guizhou\Runtime\Cache\Home\c1d0c4ca6eb9ae2ad55359290868129b.php 第 622 行.
NOTIC: [8] Use of undefined constant jingdian_id - assumed 'jingdian_id' C:\xampp\htdocs\tpg\guizhou\Runtime\Cache\Home\c1d0c4ca6eb9ae2ad55359290868129b.php 第 648 行.
NOTIC: [8] Use of undefined constant jingdian_id - assumed 'jingdian_id' C:\xampp\htdocs\tpg\guizhou\Runtime\Cache\Home\c1d0c4ca6eb9ae2ad55359290868129b.php 第 652 行.
NOTIC: [8] Use of undefined constant jingdian_id - assumed 'jingdian_id' C:\xampp\htdocs\tpg\guizhou\Runtime\Cache\Home\c1d0c4ca6eb9ae2ad55359290868129b.php 第 648 行.
NOTIC: [8] Use of undefined constant jingdian_id - assumed 'jingdian_id' C:\xampp\htdocs\tpg\guizhou\Runtime\Cache\Home\c1d0c4ca6eb9ae2ad55359290868129b.php 第 652 行.
NOTIC: [8] Use of undefined constant jingdian_id - assumed 'jingdian_id' C:\xampp\htdocs\tpg\guizhou\Runtime\Cache\Home\c1d0c4ca6eb9ae2ad55359290868129b.php 第 648 行.
NOTIC: [8] Use of undefined constant jingdian_id - assumed 'jingdian_id' C:\xampp\htdocs\tpg\guizhou\Runtime\Cache\Home\c1d0c4ca6eb9ae2ad55359290868129b.php 第 652 行.
NOTIC: [8] Use of undefined constant jingdian_id - assumed 'jingdian_id' C:\xampp\htdocs\tpg\guizhou\Runtime\Cache\Home\c1d0c4ca6eb9ae2ad55359290868129b.php 第 648 行.
NOTIC: [8] Use of undefined constant jingdian_id - assumed 'jingdian_id' C:\xampp\htdocs\tpg\guizhou\Runtime\Cache\Home\c1d0c4ca6eb9ae2ad55359290868129b.php 第 652 行.
NOTIC: [8] Use of undefined constant jingdian_id - assumed 'jingdian_id' C:\xampp\htdocs\tpg\guizhou\Runtime\Cache\Home\c1d0c4ca6eb9ae2ad55359290868129b.php 第 648 行.
NOTIC: [8] Use of undefined constant jingdian_id - assumed 'jingdian_id' C:\xampp\htdocs\tpg\guizhou\Runtime\Cache\Home\c1d0c4ca6eb9ae2ad55359290868129b.php 第 652 行.
NOTIC: [8] Use of undefined constant jingdian_id - assumed 'jingdian_id' C:\xampp\htdocs\tpg\guizhou\Runtime\Cache\Home\c1d0c4ca6eb9ae2ad55359290868129b.php 第 648 行.
NOTIC: [8] Use of undefined constant jingdian_id - assumed 'jingdian_id' C:\xampp\htdocs\tpg\guizhou\Runtime\Cache\Home\c1d0c4ca6eb9ae2ad55359290868129b.php 第 652 行.
NOTIC: [8] Use of undefined constant jingdian_id - assumed 'jingdian_id' C:\xampp\htdocs\tpg\guizhou\Runtime\Cache\Home\c1d0c4ca6eb9ae2ad55359290868129b.php 第 648 行.
NOTIC: [8] Use of undefined constant jingdian_id - assumed 'jingdian_id' C:\xampp\htdocs\tpg\guizhou\Runtime\Cache\Home\c1d0c4ca6eb9ae2ad55359290868129b.php 第 652 行.
NOTIC: [8] Use of undefined constant jingdian_id - assumed 'jingdian_id' C:\xampp\htdocs\tpg\guizhou\Runtime\Cache\Home\c1d0c4ca6eb9ae2ad55359290868129b.php 第 648 行.
NOTIC: [8] Use of undefined constant jingdian_id - assumed 'jingdian_id' C:\xampp\htdocs\tpg\guizhou\Runtime\Cache\Home\c1d0c4ca6eb9ae2ad55359290868129b.php 第 652 行.
NOTIC: [8] Use of undefined constant jingdian_id - assumed 'jingdian_id' C:\xampp\htdocs\tpg\guizhou\Runtime\Cache\Home\c1d0c4ca6eb9ae2ad55359290868129b.php 第 915 行.
NOTIC: [8] Use of undefined constant jingdian_id - assumed 'jingdian_id' C:\xampp\htdocs\tpg\guizhou\Runtime\Cache\Home\c1d0c4ca6eb9ae2ad55359290868129b.php 第 915 行.
NOTIC: [8] Use of undefined constant jingdian_id - assumed 'jingdian_id' C:\xampp\htdocs\tpg\guizhou\Runtime\Cache\Home\c1d0c4ca6eb9ae2ad55359290868129b.php 第 915 行.
NOTIC: [8] Use of undefined constant jingdian_id - assumed 'jingdian_id' C:\xampp\htdocs\tpg\guizhou\Runtime\Cache\Home\c1d0c4ca6eb9ae2ad55359290868129b.php 第 915 行.
INFO: Run Behavior\ParseTemplateBehavior [ RunTime:0.036158s ]
INFO: [ view_parse ] --END-- [ RunTime:0.036215s ]
INFO: [ view_filter ] --START--
INFO: Run Behavior\WriteHtmlCacheBehavior [ RunTime:0.001092s ]
INFO: [ view_filter ] --END-- [ RunTime:0.001137s ]
INFO: [ app_end ] --START--
INFO: Run Behavior\ShowPageTraceBehavior [ RunTime:0.001537s ]
INFO: [ app_end ] --END-- [ RunTime:0.001668s ]

[ 2017-05-12T08:32:13+08:00 ] 127.0.0.1 /tpg/home/about/about
INFO: [ app_init ] --START--
INFO: Run Behavior\BuildLiteBehavior [ RunTime:0.000022s ]
INFO: [ app_init ] --END-- [ RunTime:0.002717s ]
INFO: [ app_begin ] --START--
INFO: Run Behavior\ReadHtmlCacheBehavior [ RunTime:0.002977s ]
INFO: [ app_begin ] --END-- [ RunTime:0.003104s ]
INFO: [ view_parse ] --START--
INFO: [ template_filter ] --START--
INFO: Run Behavior\ContentReplaceBehavior [ RunTime:0.000337s ]
INFO: [ template_filter ] --END-- [ RunTime:0.000416s ]
INFO: Run Behavior\ParseTemplateBehavior [ RunTime:0.062712s ]
INFO: [ view_parse ] --END-- [ RunTime:0.062829s ]
INFO: [ view_filter ] --START--
INFO: Run Behavior\WriteHtmlCacheBehavior [ RunTime:0.001328s ]
INFO: [ view_filter ] --END-- [ RunTime:0.001385s ]
INFO: [ app_end ] --START--
INFO: Run Behavior\ShowPageTraceBehavior [ RunTime:0.003073s ]
INFO: [ app_end ] --END-- [ RunTime:0.003196s ]

[ 2017-05-12T08:32:13+08:00 ] 127.0.0.1 /tpg/home/about/worker.appcache
INFO: [ app_init ] --START--
INFO: Run Behavior\BuildLiteBehavior [ RunTime:0.000015s ]
INFO: [ app_init ] --END-- [ RunTime:0.000767s ]
INFO: [ app_begin ] --START--
INFO: Run Behavior\ReadHtmlCacheBehavior [ RunTime:0.002420s ]
INFO: [ app_begin ] --END-- [ RunTime:0.002526s ]
ERR: 非法操作:worker.appcache

[ 2017-05-12T08:32:14+08:00 ] 127.0.0.1 /tpg/home/about/img/bg-2.jpg
INFO: [ app_init ] --START--
INFO: Run Behavior\BuildLiteBehavior [ RunTime:0.000023s ]
INFO: [ app_init ] --END-- [ RunTime:0.001510s ]

[ 2017-05-12T08:32:14+08:00 ] 127.0.0.1 /tpg/home/about/img/bg-1.jpg
INFO: [ app_init ] --START--
INFO: Run Behavior\BuildLiteBehavior [ RunTime:0.000024s ]
INFO: [ app_init ] --END-- [ RunTime:0.001434s ]

[ 2017-05-12T08:32:14+08:00 ] 127.0.0.1 /tpg/home/about/img/bg-3.jpg
INFO: [ app_init ] --START--
INFO: Run Behavior\BuildLiteBehavior [ RunTime:0.000028s ]
INFO: [ app_init ] --END-- [ RunTime:0.001404s ]

[ 2017-05-12T08:34:55+08:00 ] 127.0.0.1 /tpg/
INFO: [ app_init ] --START--
INFO: Run Behavior\BuildLiteBehavior [ RunTime:0.000013s ]
INFO: [ app_init ] --END-- [ RunTime:0.000887s ]
INFO: [ app_begin ] --START--
INFO: Run Behavior\ReadHtmlCacheBehavior [ RunTime:0.001562s ]
INFO: [ app_begin ] --END-- [ RunTime:0.001670s ]
SQL: SHOW COLUMNS FROM `travel_jingdian` [ RunTime:0.0068s ]
SQL: SELECT * FROM `travel_jingdian` LIMIT 0,8   [ RunTime:0.0011s ]
SQL: SELECT * FROM `travel_jingdian` ORDER BY jingdian_id desc LIMIT 8   [ RunTime:0.0005s ]
SQL: SHOW COLUMNS FROM `travel_xianlu` [ RunTime:0.0048s ]
SQL: SELECT * FROM `travel_xianlu` ORDER BY xianlu_id LIMIT 8   [ RunTime:0.0004s ]
SQL: SELECT * FROM `travel_jingdian` LIMIT 10,4   [ RunTime:0.0003s ]
INFO: [ view_parse ] --START--
INFO: [ template_filter ] --START--
INFO: Run Behavior\ContentReplaceBehavior [ RunTime:0.000236s ]
INFO: [ template_filter ] --END-- [ RunTime:0.000293s ]
NOTIC: [8] Use of undefined constant jingdian_id - assumed 'jingdian_id' C:\xampp\htdocs\tpg\guizhou\Runtime\Cache\Home\c1d0c4ca6eb9ae2ad55359290868129b.php 第 622 行.
NOTIC: [8] Use of undefined constant jingdian_id - assumed 'jingdian_id' C:\xampp\htdocs\tpg\guizhou\Runtime\Cache\Home\c1d0c4ca6eb9ae2ad55359290868129b.php 第 622 行.
NOTIC: [8] Use of undefined constant jingdian_id - assumed 'jingdian_id' C:\xampp\htdocs\tpg\guizhou\Runtime\Cache\Home\c1d0c4ca6eb9ae2ad55359290868129b.php 第 622 行.
NOTIC: [8] Use of undefined constant jingdian_id - assumed 'jingdian_id' C:\xampp\htdocs\tpg\guizhou\Runtime\Cache\Home\c1d0c4ca6eb9ae2ad55359290868129b.php 第 622 行.
NOTIC: [8] Use of undefined constant jingdian_id - assumed 'jingdian_id' C:\xampp\htdocs\tpg\guizhou\Runtime\Cache\Home\c1d0c4ca6eb9ae2ad55359290868129b.php 第 622 行.
NOTIC: [8] Use of undefined constant jingdian_id - assumed 'jingdian_id' C:\xampp\htdocs\tpg\guizhou\Runtime\Cache\Home\c1d0c4ca6eb9ae2ad55359290868129b.php 第 622 行.
NOTIC: [8] Use of undefined constant jingdian_id - assumed 'jingdian_id' C:\xampp\htdocs\tpg\guizhou\Runtime\Cache\Home\c1d0c4ca6eb9ae2ad55359290868129b.php 第 622 行.
NOTIC: [8] Use of undefined constant jingdian_id - assumed 'jingdian_id' C:\xampp\htdocs\tpg\guizhou\Runtime\Cache\Home\c1d0c4ca6eb9ae2ad55359290868129b.php 第 622 行.
NOTIC: [8] Use of undefined constant jingdian_id - assumed 'jingdian_id' C:\xampp\htdocs\tpg\guizhou\Runtime\Cache\Home\c1d0c4ca6eb9ae2ad55359290868129b.php 第 648 行.
NOTIC: [8] Use of undefined constant jingdian_id - assumed 'jingdian_id' C:\xampp\htdocs\tpg\guizhou\Runtime\Cache\Home\c1d0c4ca6eb9ae2ad55359290868129b.php 第 652 行.
NOTIC: [8] Use of undefined constant jingdian_id - assumed 'jingdian_id' C:\xampp\htdocs\tpg\guizhou\Runtime\Cache\Home\c1d0c4ca6eb9ae2ad55359290868129b.php 第 648 行.
NOTIC: [8] Use of undefined constant jingdian_id - assumed 'jingdian_id' C:\xampp\htdocs\tpg\guizhou\Runtime\Cache\Home\c1d0c4ca6eb9ae2ad55359290868129b.php 第 652 行.
NOTIC: [8] Use of undefined constant jingdian_id - assumed 'jingdian_id' C:\xampp\htdocs\tpg\guizhou\Runtime\Cache\Home\c1d0c4ca6eb9ae2ad55359290868129b.php 第 648 行.
NOTIC: [8] Use of undefined constant jingdian_id - assumed 'jingdian_id' C:\xampp\htdocs\tpg\guizhou\Runtime\Cache\Home\c1d0c4ca6eb9ae2ad55359290868129b.php 第 652 行.
NOTIC: [8] Use of undefined constant jingdian_id - assumed 'jingdian_id' C:\xampp\htdocs\tpg\guizhou\Runtime\Cache\Home\c1d0c4ca6eb9ae2ad55359290868129b.php 第 648 行.
NOTIC: [8] Use of undefined constant jingdian_id - assumed 'jingdian_id' C:\xampp\htdocs\tpg\guizhou\Runtime\Cache\Home\c1d0c4ca6eb9ae2ad55359290868129b.php 第 652 行.
NOTIC: [8] Use of undefined constant jingdian_id - assumed 'jingdian_id' C:\xampp\htdocs\tpg\guizhou\Runtime\Cache\Home\c1d0c4ca6eb9ae2ad55359290868129b.php 第 648 行.
NOTIC: [8] Use of undefined constant jingdian_id - assumed 'jingdian_id' C:\xampp\htdocs\tpg\guizhou\Runtime\Cache\Home\c1d0c4ca6eb9ae2ad55359290868129b.php 第 652 行.
NOTIC: [8] Use of undefined constant jingdian_id - assumed 'jingdian_id' C:\xampp\htdocs\tpg\guizhou\Runtime\Cache\Home\c1d0c4ca6eb9ae2ad55359290868129b.php 第 648 行.
NOTIC: [8] Use of undefined constant jingdian_id - assumed 'jingdian_id' C:\xampp\htdocs\tpg\guizhou\Runtime\Cache\Home\c1d0c4ca6eb9ae2ad55359290868129b.php 第 652 行.
NOTIC: [8] Use of undefined constant jingdian_id - assumed 'jingdian_id' C:\xampp\htdocs\tpg\guizhou\Runtime\Cache\Home\c1d0c4ca6eb9ae2ad55359290868129b.php 第 648 行.
NOTIC: [8] Use of undefined constant jingdian_id - assumed 'jingdian_id' C:\xampp\htdocs\tpg\guizhou\Runtime\Cache\Home\c1d0c4ca6eb9ae2ad55359290868129b.php 第 652 行.
NOTIC: [8] Use of undefined constant jingdian_id - assumed 'jingdian_id' C:\xampp\htdocs\tpg\guizhou\Runtime\Cache\Home\c1d0c4ca6eb9ae2ad55359290868129b.php 第 648 行.
NOTIC: [8] Use of undefined constant jingdian_id - assumed 'jingdian_id' C:\xampp\htdocs\tpg\guizhou\Runtime\Cache\Home\c1d0c4ca6eb9ae2ad55359290868129b.php 第 652 行.
NOTIC: [8] Use of undefined constant jingdian_id - assumed 'jingdian_id' C:\xampp\htdocs\tpg\guizhou\Runtime\Cache\Home\c1d0c4ca6eb9ae2ad55359290868129b.php 第 915 行.
NOTIC: [8] Use of undefined constant jingdian_id - assumed 'jingdian_id' C:\xampp\htdocs\tpg\guizhou\Runtime\Cache\Home\c1d0c4ca6eb9ae2ad55359290868129b.php 第 915 行.
NOTIC: [8] Use of undefined constant jingdian_id - assumed 'jingdian_id' C:\xampp\htdocs\tpg\guizhou\Runtime\Cache\Home\c1d0c4ca6eb9ae2ad55359290868129b.php 第 915 行.
NOTIC: [8] Use of undefined constant jingdian_id - assumed 'jingdian_id' C:\xampp\htdocs\tpg\guizhou\Runtime\Cache\Home\c1d0c4ca6eb9ae2ad55359290868129b.php 第 915 行.
INFO: Run Behavior\ParseTemplateBehavior [ RunTime:0.029962s ]
INFO: [ view_parse ] --END-- [ RunTime:0.030020s ]
INFO: [ view_filter ] --START--
INFO: Run Behavior\WriteHtmlCacheBehavior [ RunTime:0.001118s ]
INFO: [ view_filter ] --END-- [ RunTime:0.001188s ]
INFO: [ app_end ] --START--
INFO: Run Behavior\ShowPageTraceBehavior [ RunTime:0.001825s ]
INFO: [ app_end ] --END-- [ RunTime:0.001952s ]

[ 2017-05-12T08:35:37+08:00 ] 127.0.0.1 /tpg/home/login/register
INFO: [ app_init ] --START--
INFO: Run Behavior\BuildLiteBehavior [ RunTime:0.000012s ]
INFO: [ app_init ] --END-- [ RunTime:0.000746s ]
INFO: [ app_begin ] --START--
INFO: Run Behavior\ReadHtmlCacheBehavior [ RunTime:0.001040s ]
INFO: [ app_begin ] --END-- [ RunTime:0.001100s ]
INFO: [ view_parse ] --START--
INFO: [ template_filter ] --START--
INFO: Run Behavior\ContentReplaceBehavior [ RunTime:0.000092s ]
INFO: [ template_filter ] --END-- [ RunTime:0.000138s ]
INFO: Run Behavior\ParseTemplateBehavior [ RunTime:0.025727s ]
INFO: [ view_parse ] --END-- [ RunTime:0.025932s ]
INFO: [ view_filter ] --START--
INFO: Run Behavior\WriteHtmlCacheBehavior [ RunTime:0.000882s ]
INFO: [ view_filter ] --END-- [ RunTime:0.000925s ]
INFO: [ app_end ] --START--
INFO: Run Behavior\ShowPageTraceBehavior [ RunTime:0.002190s ]
INFO: [ app_end ] --END-- [ RunTime:0.002264s ]

[ 2017-05-12T08:35:38+08:00 ] 127.0.0.1 /tpg/home/login/rand
INFO: [ app_init ] --START--
INFO: Run Behavior\BuildLiteBehavior [ RunTime:0.000026s ]
INFO: [ app_init ] --END-- [ RunTime:0.001185s ]
INFO: [ app_begin ] --START--
INFO: Run Behavior\ReadHtmlCacheBehavior [ RunTime:0.003758s ]
INFO: [ app_begin ] --END-- [ RunTime:0.003870s ]
NOTIC: [8] Use of undefined constant a - assumed 'a' C:\xampp\htdocs\tpg\guizhou\Home\Controller\LoginController.class.php 第 18 行.
NOTIC: [8] Use of undefined constant z - assumed 'z' C:\xampp\htdocs\tpg\guizhou\Home\Controller\LoginController.class.php 第 18 行.

[ 2017-05-12T08:35:54+08:00 ] 127.0.0.1 /tpg/home/login/login.html
INFO: [ app_init ] --START--
INFO: Run Behavior\BuildLiteBehavior [ RunTime:0.000013s ]
INFO: [ app_init ] --END-- [ RunTime:0.000785s ]
INFO: [ app_begin ] --START--
INFO: Run Behavior\ReadHtmlCacheBehavior [ RunTime:0.001157s ]
INFO: [ app_begin ] --END-- [ RunTime:0.001220s ]
INFO: [ view_parse ] --START--
INFO: [ template_filter ] --START--
INFO: Run Behavior\ContentReplaceBehavior [ RunTime:0.000050s ]
INFO: [ template_filter ] --END-- [ RunTime:0.000098s ]
INFO: Run Behavior\ParseTemplateBehavior [ RunTime:0.032086s ]
INFO: [ view_parse ] --END-- [ RunTime:0.032151s ]
INFO: [ view_filter ] --START--
INFO: Run Behavior\WriteHtmlCacheBehavior [ RunTime:0.000801s ]
INFO: [ view_filter ] --END-- [ RunTime:0.000845s ]
INFO: [ app_end ] --START--
INFO: Run Behavior\ShowPageTraceBehavior [ RunTime:0.001088s ]
INFO: [ app_end ] --END-- [ RunTime:0.001132s ]

[ 2017-05-12T08:35:57+08:00 ] 127.0.0.1 /tpg/home/login/forgotpassword.html
INFO: [ app_init ] --START--
INFO: Run Behavior\BuildLiteBehavior [ RunTime:0.000014s ]
INFO: [ app_init ] --END-- [ RunTime:0.000924s ]
INFO: [ app_begin ] --START--
INFO: Run Behavior\ReadHtmlCacheBehavior [ RunTime:0.001418s ]
INFO: [ app_begin ] --END-- [ RunTime:0.001483s ]
INFO: [ view_parse ] --START--
INFO: [ template_filter ] --START--
INFO: Run Behavior\ContentReplaceBehavior [ RunTime:0.000068s ]
INFO: [ template_filter ] --END-- [ RunTime:0.000146s ]
INFO: Run Behavior\ParseTemplateBehavior [ RunTime:0.015578s ]
INFO: [ view_parse ] --END-- [ RunTime:0.015651s ]
INFO: [ view_filter ] --START--
INFO: Run Behavior\WriteHtmlCacheBehavior [ RunTime:0.001459s ]
INFO: [ view_filter ] --END-- [ RunTime:0.001525s ]
INFO: [ app_end ] --START--
INFO: Run Behavior\ShowPageTraceBehavior [ RunTime:0.002468s ]
INFO: [ app_end ] --END-- [ RunTime:0.002841s ]

[ 2017-05-12T08:36:09+08:00 ] 127.0.0.1 /tpg/home/login/register
INFO: [ app_init ] --START--
INFO: Run Behavior\BuildLiteBehavior [ RunTime:0.000011s ]
INFO: [ app_init ] --END-- [ RunTime:0.000839s ]
INFO: [ app_begin ] --START--
INFO: Run Behavior\ReadHtmlCacheBehavior [ RunTime:0.001220s ]
INFO: [ app_begin ] --END-- [ RunTime:0.001275s ]
INFO: [ view_parse ] --START--
INFO: [ template_filter ] --START--
INFO: Run Behavior\ContentReplaceBehavior [ RunTime:0.000091s ]
INFO: [ template_filter ] --END-- [ RunTime:0.000141s ]
INFO: Run Behavior\ParseTemplateBehavior [ RunTime:0.009743s ]
INFO: [ view_parse ] --END-- [ RunTime:0.009799s ]
INFO: [ view_filter ] --START--
INFO: Run Behavior\WriteHtmlCacheBehavior [ RunTime:0.000837s ]
INFO: [ view_filter ] --END-- [ RunTime:0.000876s ]
INFO: [ app_end ] --START--
INFO: Run Behavior\ShowPageTraceBehavior [ RunTime:0.001844s ]
INFO: [ app_end ] --END-- [ RunTime:0.001940s ]

[ 2017-05-12T08:36:09+08:00 ] 127.0.0.1 /tpg/home/login/rand
INFO: [ app_init ] --START--
INFO: Run Behavior\BuildLiteBehavior [ RunTime:0.000017s ]
INFO: [ app_init ] --END-- [ RunTime:0.001053s ]
INFO: [ app_begin ] --START--
INFO: Run Behavior\ReadHtmlCacheBehavior [ RunTime:0.004058s ]
INFO: [ app_begin ] --END-- [ RunTime:0.004442s ]
NOTIC: [8] Use of undefined constant a - assumed 'a' C:\xampp\htdocs\tpg\guizhou\Home\Controller\LoginController.class.php 第 18 行.
NOTIC: [8] Use of undefined constant z - assumed 'z' C:\xampp\htdocs\tpg\guizhou\Home\Controller\LoginController.class.php 第 18 行.

