[ 2017-05-08T15:24:34+08:00 ] 127.0.0.1 /tpg/admin.php
INFO: [ app_init ] --START--
INFO: Run Behavior\BuildLiteBehavior [ RunTime:0.000014s ]
INFO: [ app_init ] --END-- [ RunTime:0.001422s ]
INFO: [ app_begin ] --START--
INFO: Run Behavior\ReadHtmlCacheBehavior [ RunTime:0.001550s ]
INFO: [ app_begin ] --END-- [ RunTime:0.001606s ]
INFO: [ view_parse ] --START--
INFO: [ template_filter ] --START--
INFO: Run Behavior\ContentReplaceBehavior [ RunTime:0.000047s ]
INFO: [ template_filter ] --END-- [ RunTime:0.000095s ]
INFO: Run Behavior\ParseTemplateBehavior [ RunTime:0.794818s ]
INFO: [ view_parse ] --END-- [ RunTime:0.794891s ]
INFO: [ view_filter ] --START--
INFO: Run Behavior\WriteHtmlCacheBehavior [ RunTime:0.001438s ]
INFO: [ view_filter ] --END-- [ RunTime:0.001491s ]
INFO: [ app_end ] --START--
INFO: Run Behavior\ShowPageTraceBehavior [ RunTime:0.009105s ]
INFO: [ app_end ] --END-- [ RunTime:0.009182s ]

[ 2017-05-08T15:24:56+08:00 ] 127.0.0.1 /tpg/admin.php/home/adminform/indexdeal
INFO: [ app_init ] --START--
INFO: Run Behavior\BuildLiteBehavior [ RunTime:0.000016s ]
INFO: [ app_init ] --END-- [ RunTime:0.002382s ]
INFO: [ app_begin ] --START--
INFO: Run Behavior\ReadHtmlCacheBehavior [ RunTime:0.002907s ]
INFO: [ app_begin ] --END-- [ RunTime:0.003000s ]
SQL: SHOW COLUMNS FROM `travel_adminuers` [ RunTime:0.0586s ]
SQL: SELECT * FROM `travel_adminuers` WHERE ( adminemail='1591631526@qq.com' ) LIMIT 1   [ RunTime:0.0089s ]
SQL: SELECT * FROM `travel_adminuers`  [ RunTime:0.0005s ]
INFO: [ view_parse ] --START--
INFO: [ template_filter ] --START--
INFO: Run Behavior\ContentReplaceBehavior [ RunTime:0.000101s ]
INFO: [ template_filter ] --END-- [ RunTime:0.000147s ]
INFO: Run Behavior\ParseTemplateBehavior [ RunTime:0.047735s ]
INFO: [ view_parse ] --END-- [ RunTime:0.047815s ]
INFO: [ view_filter ] --START--
INFO: Run Behavior\WriteHtmlCacheBehavior [ RunTime:0.001357s ]
INFO: [ view_filter ] --END-- [ RunTime:0.001397s ]
INFO: [ app_end ] --START--
INFO: Run Behavior\ShowPageTraceBehavior [ RunTime:0.002521s ]
INFO: [ app_end ] --END-- [ RunTime:0.002633s ]

[ 2017-05-08T15:25:00+08:00 ] 127.0.0.1 /tpg/admin.php/home/index/admintables
INFO: [ app_init ] --START--
INFO: Run Behavior\BuildLiteBehavior [ RunTime:0.000014s ]
INFO: [ app_init ] --END-- [ RunTime:0.001039s ]
INFO: [ app_begin ] --START--
INFO: Run Behavior\ReadHtmlCacheBehavior [ RunTime:0.001773s ]
INFO: [ app_begin ] --END-- [ RunTime:0.001998s ]
SQL: SHOW COLUMNS FROM `travel_jingdian` [ RunTime:0.0164s ]
SQL: SELECT * FROM `travel_jingdian`  [ RunTime:0.0007s ]
SQL: SHOW COLUMNS FROM `travel_users` [ RunTime:0.0860s ]
SQL: SELECT * FROM `travel_users`  [ RunTime:0.0237s ]
SQL: SHOW COLUMNS FROM `travel_meishi` [ RunTime:0.0436s ]
SQL: SELECT * FROM `travel_meishi`  [ RunTime:0.0005s ]
SQL: SHOW COLUMNS FROM `travel_xianlu` [ RunTime:0.0211s ]
SQL: SELECT * FROM `travel_xianlu`  [ RunTime:0.0005s ]
SQL: SHOW COLUMNS FROM `travel_jiudian` [ RunTime:0.0220s ]
SQL: SELECT * FROM `travel_jiudian`  [ RunTime:0.0006s ]
SQL: SHOW COLUMNS FROM `travel_pinglun` [ RunTime:0.0246s ]
SQL: SELECT * FROM `travel_pinglun`  [ RunTime:0.0004s ]
SQL: SELECT * FROM `travel_jingdian` WHERE ( jingdian_id='6' ) LIMIT 1   [ RunTime:0.0004s ]
SQL: SELECT * FROM `travel_jingdian` WHERE ( jingdian_id='10' ) LIMIT 1   [ RunTime:0.0004s ]
SQL: SELECT * FROM `travel_jingdian` WHERE ( jingdian_id='9' ) LIMIT 1   [ RunTime:0.0004s ]
SQL: SELECT * FROM `travel_jingdian` WHERE ( jingdian_id='24' ) LIMIT 1   [ RunTime:0.0003s ]
SQL: SELECT * FROM `travel_jingdian` WHERE ( jingdian_id='24' ) LIMIT 1   [ RunTime:0.0004s ]
SQL: SHOW COLUMNS FROM `travel_message` [ RunTime:0.0162s ]
SQL: SELECT * FROM `travel_message`  [ RunTime:0.0254s ]
INFO: [ view_parse ] --START--
INFO: [ template_filter ] --START--
INFO: Run Behavior\ContentReplaceBehavior [ RunTime:0.000196s ]
INFO: [ template_filter ] --END-- [ RunTime:0.000257s ]
INFO: Run Behavior\ParseTemplateBehavior [ RunTime:0.068007s ]
INFO: [ view_parse ] --END-- [ RunTime:0.068092s ]
INFO: [ view_filter ] --START--
INFO: Run Behavior\WriteHtmlCacheBehavior [ RunTime:0.001303s ]
INFO: [ view_filter ] --END-- [ RunTime:0.001348s ]
INFO: [ app_end ] --START--
INFO: Run Behavior\ShowPageTraceBehavior [ RunTime:0.001720s ]
INFO: [ app_end ] --END-- [ RunTime:0.001785s ]

[ 2017-05-08T15:25:05+08:00 ] 127.0.0.1 /tpg/admin.php/home/index/admincalendar
INFO: [ app_init ] --START--
INFO: Run Behavior\BuildLiteBehavior [ RunTime:0.000021s ]
INFO: [ app_init ] --END-- [ RunTime:0.001196s ]
INFO: [ app_begin ] --START--
INFO: Run Behavior\ReadHtmlCacheBehavior [ RunTime:0.001602s ]
INFO: [ app_begin ] --END-- [ RunTime:0.001662s ]
INFO: [ view_parse ] --START--
INFO: [ template_filter ] --START--
INFO: Run Behavior\ContentReplaceBehavior [ RunTime:0.000162s ]
INFO: [ template_filter ] --END-- [ RunTime:0.000245s ]
INFO: Run Behavior\ParseTemplateBehavior [ RunTime:0.029608s ]
INFO: [ view_parse ] --END-- [ RunTime:0.029769s ]
INFO: [ view_filter ] --START--
INFO: Run Behavior\WriteHtmlCacheBehavior [ RunTime:0.001861s ]
INFO: [ view_filter ] --END-- [ RunTime:0.001973s ]
INFO: [ app_end ] --START--
INFO: Run Behavior\ShowPageTraceBehavior [ RunTime:0.002377s ]
INFO: [ app_end ] --END-- [ RunTime:0.002480s ]

[ 2017-05-08T15:25:33+08:00 ] 127.0.0.1 /tpg/admin.php/home/index/adminform
INFO: [ app_init ] --START--
INFO: Run Behavior\BuildLiteBehavior [ RunTime:0.000021s ]
INFO: [ app_init ] --END-- [ RunTime:0.001296s ]
INFO: [ app_begin ] --START--
INFO: Run Behavior\ReadHtmlCacheBehavior [ RunTime:0.002749s ]
INFO: [ app_begin ] --END-- [ RunTime:0.002835s ]
INFO: [ view_parse ] --START--
INFO: [ template_filter ] --START--
INFO: Run Behavior\ContentReplaceBehavior [ RunTime:0.000150s ]
INFO: [ template_filter ] --END-- [ RunTime:0.000200s ]
INFO: Run Behavior\ParseTemplateBehavior [ RunTime:0.045549s ]
INFO: [ view_parse ] --END-- [ RunTime:0.045614s ]
INFO: [ view_filter ] --START--
INFO: Run Behavior\WriteHtmlCacheBehavior [ RunTime:0.002026s ]
INFO: [ view_filter ] --END-- [ RunTime:0.002095s ]
INFO: [ app_end ] --START--
INFO: Run Behavior\ShowPageTraceBehavior [ RunTime:0.003529s ]
INFO: [ app_end ] --END-- [ RunTime:0.004358s ]

[ 2017-05-08T15:27:00+08:00 ] 127.0.0.1 /tpg/admin.php/home/index/admintableimg
INFO: [ app_init ] --START--
INFO: Run Behavior\BuildLiteBehavior [ RunTime:0.000015s ]
INFO: [ app_init ] --END-- [ RunTime:0.001017s ]
INFO: [ app_begin ] --START--
INFO: Run Behavior\ReadHtmlCacheBehavior [ RunTime:0.001909s ]
INFO: [ app_begin ] --END-- [ RunTime:0.001970s ]
SQL: SHOW COLUMNS FROM `travel_jingdian` [ RunTime:0.0400s ]
SQL: SELECT COUNT(*) AS tp_count FROM `travel_jingdian` LIMIT 1   [ RunTime:0.1568s ]
SQL: SELECT * FROM `travel_jingdian` LIMIT 0,5   [ RunTime:0.0037s ]
INFO: [ view_parse ] --START--
INFO: [ template_filter ] --START--
INFO: Run Behavior\ContentReplaceBehavior [ RunTime:0.000124s ]
INFO: [ template_filter ] --END-- [ RunTime:0.000176s ]
INFO: Run Behavior\ParseTemplateBehavior [ RunTime:0.037049s ]
INFO: [ view_parse ] --END-- [ RunTime:0.037131s ]
INFO: [ view_filter ] --START--
INFO: Run Behavior\WriteHtmlCacheBehavior [ RunTime:0.004637s ]
INFO: [ view_filter ] --END-- [ RunTime:0.004691s ]
INFO: [ app_end ] --START--
INFO: Run Behavior\ShowPageTraceBehavior [ RunTime:0.003129s ]
INFO: [ app_end ] --END-- [ RunTime:0.003611s ]

[ 2017-05-08T15:27:00+08:00 ] 127.0.0.1 /tpg/admin.php/home/index/%7B%7Bone.jingdian_image%7D%7D
INFO: [ app_init ] --START--
INFO: Run Behavior\BuildLiteBehavior [ RunTime:0.000017s ]
INFO: [ app_init ] --END-- [ RunTime:0.001403s ]
INFO: [ app_begin ] --START--
INFO: Run Behavior\ReadHtmlCacheBehavior [ RunTime:0.002693s ]
INFO: [ app_begin ] --END-- [ RunTime:0.002765s ]
ERR: 非法操作:{{one.jingdian_image}}

[ 2017-05-08T15:27:00+08:00 ] 127.0.0.1 /tpg/admin.php/home/index/%7B%7Bone.jingdian_image%7D%7D
INFO: [ app_init ] --START--
INFO: Run Behavior\BuildLiteBehavior [ RunTime:0.000017s ]
INFO: [ app_init ] --END-- [ RunTime:0.001069s ]
INFO: [ app_begin ] --START--
INFO: Run Behavior\ReadHtmlCacheBehavior [ RunTime:0.003608s ]
INFO: [ app_begin ] --END-- [ RunTime:0.003700s ]
ERR: 非法操作:{{one.jingdian_image}}

[ 2017-05-08T15:27:01+08:00 ] 127.0.0.1 /tpg/admin.php/Home/Index/pageimg
INFO: [ app_init ] --START--
INFO: Run Behavior\BuildLiteBehavior [ RunTime:0.000066s ]
INFO: [ app_init ] --END-- [ RunTime:0.001508s ]
INFO: [ app_begin ] --START--
INFO: Run Behavior\ReadHtmlCacheBehavior [ RunTime:0.001946s ]
INFO: [ app_begin ] --END-- [ RunTime:0.002099s ]
SQL: SHOW COLUMNS FROM `travel_jingdian` [ RunTime:0.0184s ]
SQL: SELECT * FROM `travel_jingdian`  [ RunTime:0.0007s ]

[ 2017-05-08T15:27:26+08:00 ] 127.0.0.1 /tpg/admin.php/home/index/admintablelist
INFO: [ app_init ] --START--
INFO: Run Behavior\BuildLiteBehavior [ RunTime:0.000031s ]
INFO: [ app_init ] --END-- [ RunTime:0.003196s ]
INFO: [ app_begin ] --START--
INFO: Run Behavior\ReadHtmlCacheBehavior [ RunTime:0.003617s ]
INFO: [ app_begin ] --END-- [ RunTime:0.003723s ]
SQL: SHOW COLUMNS FROM `travel_jingdian` [ RunTime:0.0500s ]
SQL: SELECT COUNT(*) AS tp_count FROM `travel_jingdian` LIMIT 1   [ RunTime:0.0006s ]
SQL: SELECT * FROM `travel_jingdian` LIMIT 0,5   [ RunTime:0.0007s ]
INFO: [ view_parse ] --START--
INFO: [ template_filter ] --START--
INFO: Run Behavior\ContentReplaceBehavior [ RunTime:0.000082s ]
INFO: [ template_filter ] --END-- [ RunTime:0.000126s ]
INFO: Run Behavior\ParseTemplateBehavior [ RunTime:0.030285s ]
INFO: [ view_parse ] --END-- [ RunTime:0.030385s ]
INFO: [ view_filter ] --START--
INFO: Run Behavior\WriteHtmlCacheBehavior [ RunTime:0.001858s ]
INFO: [ view_filter ] --END-- [ RunTime:0.001934s ]
INFO: [ app_end ] --START--
INFO: Run Behavior\ShowPageTraceBehavior [ RunTime:0.003632s ]
INFO: [ app_end ] --END-- [ RunTime:0.003745s ]

[ 2017-05-08T15:27:31+08:00 ] 127.0.0.1 /tpg/admin.php/Home/Index/admintablelist/p/2.html
INFO: [ app_init ] --START--
INFO: Run Behavior\BuildLiteBehavior [ RunTime:0.000015s ]
INFO: [ app_init ] --END-- [ RunTime:0.000970s ]
INFO: [ app_begin ] --START--
INFO: Run Behavior\ReadHtmlCacheBehavior [ RunTime:0.001826s ]
INFO: [ app_begin ] --END-- [ RunTime:0.001886s ]
SQL: SHOW COLUMNS FROM `travel_jingdian` [ RunTime:0.0156s ]
SQL: SELECT COUNT(*) AS tp_count FROM `travel_jingdian` LIMIT 1   [ RunTime:0.0006s ]
SQL: SELECT * FROM `travel_jingdian` LIMIT 5,5   [ RunTime:0.0006s ]
INFO: [ view_parse ] --START--
INFO: [ template_filter ] --START--
INFO: Run Behavior\ContentReplaceBehavior [ RunTime:0.000084s ]
INFO: [ template_filter ] --END-- [ RunTime:0.000130s ]
INFO: Run Behavior\ParseTemplateBehavior [ RunTime:0.019743s ]
INFO: [ view_parse ] --END-- [ RunTime:0.019836s ]
INFO: [ view_filter ] --START--
INFO: Run Behavior\WriteHtmlCacheBehavior [ RunTime:0.001624s ]
INFO: [ view_filter ] --END-- [ RunTime:0.001675s ]
INFO: [ app_end ] --START--
INFO: Run Behavior\ShowPageTraceBehavior [ RunTime:0.003207s ]
INFO: [ app_end ] --END-- [ RunTime:0.003435s ]

[ 2017-05-08T15:27:34+08:00 ] 127.0.0.1 /tpg/admin.php/Home/Index/admintablelist/p/3.html
INFO: [ app_init ] --START--
INFO: Run Behavior\BuildLiteBehavior [ RunTime:0.000014s ]
INFO: [ app_init ] --END-- [ RunTime:0.000918s ]
INFO: [ app_begin ] --START--
INFO: Run Behavior\ReadHtmlCacheBehavior [ RunTime:0.001978s ]
INFO: [ app_begin ] --END-- [ RunTime:0.002038s ]
SQL: SHOW COLUMNS FROM `travel_jingdian` [ RunTime:0.0168s ]
SQL: SELECT COUNT(*) AS tp_count FROM `travel_jingdian` LIMIT 1   [ RunTime:0.0005s ]
SQL: SELECT * FROM `travel_jingdian` LIMIT 10,5   [ RunTime:0.0008s ]
INFO: [ view_parse ] --START--
INFO: [ template_filter ] --START--
INFO: Run Behavior\ContentReplaceBehavior [ RunTime:0.000087s ]
INFO: [ template_filter ] --END-- [ RunTime:0.000138s ]
INFO: Run Behavior\ParseTemplateBehavior [ RunTime:0.019752s ]
INFO: [ view_parse ] --END-- [ RunTime:0.019832s ]
INFO: [ view_filter ] --START--
INFO: Run Behavior\WriteHtmlCacheBehavior [ RunTime:0.002597s ]
INFO: [ view_filter ] --END-- [ RunTime:0.002670s ]
INFO: [ app_end ] --START--
INFO: Run Behavior\ShowPageTraceBehavior [ RunTime:0.003852s ]
INFO: [ app_end ] --END-- [ RunTime:0.003973s ]

[ 2017-05-08T15:27:36+08:00 ] 127.0.0.1 /tpg/admin.php/Home/Index/admintablelist/p/4.html
INFO: [ app_init ] --START--
INFO: Run Behavior\BuildLiteBehavior [ RunTime:0.000013s ]
INFO: [ app_init ] --END-- [ RunTime:0.001063s ]
INFO: [ app_begin ] --START--
INFO: Run Behavior\ReadHtmlCacheBehavior [ RunTime:0.003261s ]
INFO: [ app_begin ] --END-- [ RunTime:0.003337s ]
SQL: SHOW COLUMNS FROM `travel_jingdian` [ RunTime:0.0418s ]
SQL: SELECT COUNT(*) AS tp_count FROM `travel_jingdian` LIMIT 1   [ RunTime:0.0006s ]
SQL: SELECT * FROM `travel_jingdian` LIMIT 15,5   [ RunTime:0.0012s ]
INFO: [ view_parse ] --START--
INFO: [ template_filter ] --START--
INFO: Run Behavior\ContentReplaceBehavior [ RunTime:0.000147s ]
INFO: [ template_filter ] --END-- [ RunTime:0.000217s ]
INFO: Run Behavior\ParseTemplateBehavior [ RunTime:0.033574s ]
INFO: [ view_parse ] --END-- [ RunTime:0.033680s ]
INFO: [ view_filter ] --START--
INFO: Run Behavior\WriteHtmlCacheBehavior [ RunTime:0.006271s ]
INFO: [ view_filter ] --END-- [ RunTime:0.006349s ]
INFO: [ app_end ] --START--
INFO: Run Behavior\ShowPageTraceBehavior [ RunTime:0.005214s ]
INFO: [ app_end ] --END-- [ RunTime:0.005341s ]

[ 2017-05-08T15:28:01+08:00 ] 127.0.0.1 /tpg/admin.php/home/index/adminform
INFO: [ app_init ] --START--
INFO: Run Behavior\BuildLiteBehavior [ RunTime:0.000014s ]
INFO: [ app_init ] --END-- [ RunTime:0.001044s ]
INFO: [ app_begin ] --START--
INFO: Run Behavior\ReadHtmlCacheBehavior [ RunTime:0.005942s ]
INFO: [ app_begin ] --END-- [ RunTime:0.006247s ]
INFO: [ view_parse ] --START--
INFO: [ template_filter ] --START--
INFO: Run Behavior\ContentReplaceBehavior [ RunTime:0.000236s ]
INFO: [ template_filter ] --END-- [ RunTime:0.000308s ]
INFO: Run Behavior\ParseTemplateBehavior [ RunTime:0.039462s ]
INFO: [ view_parse ] --END-- [ RunTime:0.039566s ]
INFO: [ view_filter ] --START--
INFO: Run Behavior\WriteHtmlCacheBehavior [ RunTime:0.001742s ]
INFO: [ view_filter ] --END-- [ RunTime:0.001815s ]
INFO: [ app_end ] --START--
INFO: Run Behavior\ShowPageTraceBehavior [ RunTime:0.007602s ]
INFO: [ app_end ] --END-- [ RunTime:0.007701s ]

[ 2017-05-08T15:28:17+08:00 ] 127.0.0.1 /tpg/admin.php/home/index/adminform
INFO: [ app_init ] --START--
INFO: Run Behavior\BuildLiteBehavior [ RunTime:0.000024s ]
INFO: [ app_init ] --END-- [ RunTime:0.005144s ]
INFO: [ app_begin ] --START--
INFO: Run Behavior\ReadHtmlCacheBehavior [ RunTime:0.004749s ]
INFO: [ app_begin ] --END-- [ RunTime:0.004836s ]
INFO: [ view_parse ] --START--
INFO: [ template_filter ] --START--
INFO: Run Behavior\ContentReplaceBehavior [ RunTime:0.000154s ]
INFO: [ template_filter ] --END-- [ RunTime:0.000209s ]
INFO: Run Behavior\ParseTemplateBehavior [ RunTime:0.030004s ]
INFO: [ view_parse ] --END-- [ RunTime:0.030086s ]
INFO: [ view_filter ] --START--
INFO: Run Behavior\WriteHtmlCacheBehavior [ RunTime:0.002254s ]
INFO: [ view_filter ] --END-- [ RunTime:0.002318s ]
INFO: [ app_end ] --START--
INFO: Run Behavior\ShowPageTraceBehavior [ RunTime:0.003070s ]
INFO: [ app_end ] --END-- [ RunTime:0.003230s ]

[ 2017-05-08T15:28:49+08:00 ] 127.0.0.1 /tpg/admin.php/home/index/admintables
INFO: [ app_init ] --START--
INFO: Run Behavior\BuildLiteBehavior [ RunTime:0.000017s ]
INFO: [ app_init ] --END-- [ RunTime:0.001657s ]
INFO: [ app_begin ] --START--
INFO: Run Behavior\ReadHtmlCacheBehavior [ RunTime:0.003869s ]
INFO: [ app_begin ] --END-- [ RunTime:0.003957s ]
SQL: SHOW COLUMNS FROM `travel_jingdian` [ RunTime:0.0752s ]
SQL: SELECT * FROM `travel_jingdian`  [ RunTime:0.0009s ]
SQL: SHOW COLUMNS FROM `travel_users` [ RunTime:0.0247s ]
SQL: SELECT * FROM `travel_users`  [ RunTime:0.0003s ]
SQL: SHOW COLUMNS FROM `travel_meishi` [ RunTime:0.0215s ]
SQL: SELECT * FROM `travel_meishi`  [ RunTime:0.0006s ]
SQL: SHOW COLUMNS FROM `travel_xianlu` [ RunTime:0.0331s ]
SQL: SELECT * FROM `travel_xianlu`  [ RunTime:0.0004s ]
SQL: SHOW COLUMNS FROM `travel_jiudian` [ RunTime:0.0226s ]
SQL: SELECT * FROM `travel_jiudian`  [ RunTime:0.0007s ]
SQL: SHOW COLUMNS FROM `travel_pinglun` [ RunTime:0.0210s ]
SQL: SELECT * FROM `travel_pinglun`  [ RunTime:0.0006s ]
SQL: SELECT * FROM `travel_jingdian` WHERE ( jingdian_id='6' ) LIMIT 1   [ RunTime:0.0006s ]
SQL: SELECT * FROM `travel_jingdian` WHERE ( jingdian_id='10' ) LIMIT 1   [ RunTime:0.0005s ]
SQL: SELECT * FROM `travel_jingdian` WHERE ( jingdian_id='9' ) LIMIT 1   [ RunTime:0.0004s ]
SQL: SELECT * FROM `travel_jingdian` WHERE ( jingdian_id='24' ) LIMIT 1   [ RunTime:0.0003s ]
SQL: SELECT * FROM `travel_jingdian` WHERE ( jingdian_id='24' ) LIMIT 1   [ RunTime:0.0004s ]
SQL: SHOW COLUMNS FROM `travel_message` [ RunTime:0.0158s ]
SQL: SELECT * FROM `travel_message`  [ RunTime:0.0003s ]
INFO: [ view_parse ] --START--
INFO: [ template_filter ] --START--
INFO: Run Behavior\ContentReplaceBehavior [ RunTime:0.000206s ]
INFO: [ template_filter ] --END-- [ RunTime:0.000276s ]
INFO: Run Behavior\ParseTemplateBehavior [ RunTime:0.058235s ]
INFO: [ view_parse ] --END-- [ RunTime:0.058302s ]
INFO: [ view_filter ] --START--
INFO: Run Behavior\WriteHtmlCacheBehavior [ RunTime:0.001836s ]
INFO: [ view_filter ] --END-- [ RunTime:0.001895s ]
INFO: [ app_end ] --START--
INFO: Run Behavior\ShowPageTraceBehavior [ RunTime:0.002809s ]
INFO: [ app_end ] --END-- [ RunTime:0.002916s ]

[ 2017-05-08T15:57:36+08:00 ] 127.0.0.1 /tpg/admin.php
INFO: [ app_init ] --START--
INFO: Run Behavior\BuildLiteBehavior [ RunTime:0.000015s ]
INFO: [ app_init ] --END-- [ RunTime:0.001049s ]
INFO: [ app_begin ] --START--
INFO: Run Behavior\ReadHtmlCacheBehavior [ RunTime:0.002794s ]
INFO: [ app_begin ] --END-- [ RunTime:0.002863s ]
INFO: [ view_parse ] --START--
INFO: [ template_filter ] --START--
INFO: Run Behavior\ContentReplaceBehavior [ RunTime:0.000057s ]
INFO: [ template_filter ] --END-- [ RunTime:0.000119s ]
INFO: Run Behavior\ParseTemplateBehavior [ RunTime:0.028215s ]
INFO: [ view_parse ] --END-- [ RunTime:0.028304s ]
INFO: [ view_filter ] --START--
INFO: Run Behavior\WriteHtmlCacheBehavior [ RunTime:0.001879s ]
INFO: [ view_filter ] --END-- [ RunTime:0.001932s ]
INFO: [ app_end ] --START--
INFO: Run Behavior\ShowPageTraceBehavior [ RunTime:0.002043s ]
INFO: [ app_end ] --END-- [ RunTime:0.002092s ]

[ 2017-05-08T15:57:46+08:00 ] 127.0.0.1 /tpg/admin.php/home/index/admintables
INFO: [ app_init ] --START--
INFO: Run Behavior\BuildLiteBehavior [ RunTime:0.000020s ]
INFO: [ app_init ] --END-- [ RunTime:0.001360s ]
INFO: [ app_begin ] --START--
INFO: Run Behavior\ReadHtmlCacheBehavior [ RunTime:0.003498s ]
INFO: [ app_begin ] --END-- [ RunTime:0.003598s ]
SQL: SHOW COLUMNS FROM `travel_jingdian` [ RunTime:0.0301s ]
SQL: SELECT * FROM `travel_jingdian`  [ RunTime:0.0019s ]
SQL: SHOW COLUMNS FROM `travel_users` [ RunTime:0.0248s ]
SQL: SELECT * FROM `travel_users`  [ RunTime:0.0004s ]
SQL: SHOW COLUMNS FROM `travel_meishi` [ RunTime:0.0409s ]
SQL: SELECT * FROM `travel_meishi`  [ RunTime:0.0006s ]
SQL: SHOW COLUMNS FROM `travel_xianlu` [ RunTime:0.0366s ]
SQL: SELECT * FROM `travel_xianlu`  [ RunTime:0.0006s ]
SQL: SHOW COLUMNS FROM `travel_jiudian` [ RunTime:0.0341s ]
SQL: SELECT * FROM `travel_jiudian`  [ RunTime:0.0009s ]
SQL: SHOW COLUMNS FROM `travel_pinglun` [ RunTime:0.0227s ]
SQL: SELECT * FROM `travel_pinglun`  [ RunTime:0.0005s ]
SQL: SELECT * FROM `travel_jingdian` WHERE ( jingdian_id='6' ) LIMIT 1   [ RunTime:0.0070s ]
SQL: SELECT * FROM `travel_jingdian` WHERE ( jingdian_id='10' ) LIMIT 1   [ RunTime:0.0012s ]
SQL: SELECT * FROM `travel_jingdian` WHERE ( jingdian_id='9' ) LIMIT 1   [ RunTime:0.0015s ]
SQL: SELECT * FROM `travel_jingdian` WHERE ( jingdian_id='24' ) LIMIT 1   [ RunTime:0.0004s ]
SQL: SELECT * FROM `travel_jingdian` WHERE ( jingdian_id='24' ) LIMIT 1   [ RunTime:0.0003s ]
SQL: SHOW COLUMNS FROM `travel_message` [ RunTime:0.0330s ]
SQL: SELECT * FROM `travel_message`  [ RunTime:0.0019s ]
INFO: [ view_parse ] --START--
INFO: [ template_filter ] --START--
INFO: Run Behavior\ContentReplaceBehavior [ RunTime:0.000193s ]
INFO: [ template_filter ] --END-- [ RunTime:0.000253s ]
INFO: Run Behavior\ParseTemplateBehavior [ RunTime:0.035360s ]
INFO: [ view_parse ] --END-- [ RunTime:0.035467s ]
INFO: [ view_filter ] --START--
INFO: Run Behavior\WriteHtmlCacheBehavior [ RunTime:0.003828s ]
INFO: [ view_filter ] --END-- [ RunTime:0.003919s ]
INFO: [ app_end ] --START--
INFO: Run Behavior\ShowPageTraceBehavior [ RunTime:0.003012s ]
INFO: [ app_end ] --END-- [ RunTime:0.003266s ]

[ 2017-05-08T15:57:56+08:00 ] 127.0.0.1 /tpg/admin.php
INFO: [ app_init ] --START--
INFO: Run Behavior\BuildLiteBehavior [ RunTime:0.000015s ]
INFO: [ app_init ] --END-- [ RunTime:0.000973s ]
INFO: [ app_begin ] --START--
INFO: Run Behavior\ReadHtmlCacheBehavior [ RunTime:0.001536s ]
INFO: [ app_begin ] --END-- [ RunTime:0.001601s ]
INFO: [ view_parse ] --START--
INFO: [ template_filter ] --START--
INFO: Run Behavior\ContentReplaceBehavior [ RunTime:0.000073s ]
INFO: [ template_filter ] --END-- [ RunTime:0.000151s ]
INFO: Run Behavior\ParseTemplateBehavior [ RunTime:0.033128s ]
INFO: [ view_parse ] --END-- [ RunTime:0.033224s ]
INFO: [ view_filter ] --START--
INFO: Run Behavior\WriteHtmlCacheBehavior [ RunTime:0.001844s ]
INFO: [ view_filter ] --END-- [ RunTime:0.001903s ]
INFO: [ app_end ] --START--
INFO: Run Behavior\ShowPageTraceBehavior [ RunTime:0.001840s ]
INFO: [ app_end ] --END-- [ RunTime:0.001906s ]

[ 2017-05-08T15:58:10+08:00 ] 127.0.0.1 /tpg/admin.php
INFO: [ app_init ] --START--
INFO: Run Behavior\BuildLiteBehavior [ RunTime:0.000025s ]
INFO: [ app_init ] --END-- [ RunTime:0.004125s ]
INFO: [ app_begin ] --START--
INFO: Run Behavior\ReadHtmlCacheBehavior [ RunTime:0.002702s ]
INFO: [ app_begin ] --END-- [ RunTime:0.002827s ]
INFO: [ view_parse ] --START--
INFO: [ template_filter ] --START--
INFO: Run Behavior\ContentReplaceBehavior [ RunTime:0.000074s ]
INFO: [ template_filter ] --END-- [ RunTime:0.000155s ]
INFO: Run Behavior\ParseTemplateBehavior [ RunTime:0.034558s ]
INFO: [ view_parse ] --END-- [ RunTime:0.034836s ]
INFO: [ view_filter ] --START--
INFO: Run Behavior\WriteHtmlCacheBehavior [ RunTime:0.002649s ]
INFO: [ view_filter ] --END-- [ RunTime:0.002746s ]
INFO: [ app_end ] --START--
INFO: Run Behavior\ShowPageTraceBehavior [ RunTime:0.004341s ]
INFO: [ app_end ] --END-- [ RunTime:0.004437s ]

[ 2017-05-08T15:58:18+08:00 ] 127.0.0.1 /tpg/admin.php/home/index/admintables
INFO: [ app_init ] --START--
INFO: Run Behavior\BuildLiteBehavior [ RunTime:0.000023s ]
INFO: [ app_init ] --END-- [ RunTime:0.001914s ]
INFO: [ app_begin ] --START--
INFO: Run Behavior\ReadHtmlCacheBehavior [ RunTime:0.001719s ]
INFO: [ app_begin ] --END-- [ RunTime:0.001785s ]
SQL: SHOW COLUMNS FROM `travel_jingdian` [ RunTime:0.0195s ]
SQL: SELECT * FROM `travel_jingdian`  [ RunTime:0.0007s ]
SQL: SHOW COLUMNS FROM `travel_users` [ RunTime:0.0310s ]
SQL: SELECT * FROM `travel_users`  [ RunTime:0.0004s ]
SQL: SHOW COLUMNS FROM `travel_meishi` [ RunTime:0.0283s ]
SQL: SELECT * FROM `travel_meishi`  [ RunTime:0.0005s ]
SQL: SHOW COLUMNS FROM `travel_xianlu` [ RunTime:0.0416s ]
SQL: SELECT * FROM `travel_xianlu`  [ RunTime:0.0007s ]
SQL: SHOW COLUMNS FROM `travel_jiudian` [ RunTime:0.0258s ]
SQL: SELECT * FROM `travel_jiudian`  [ RunTime:0.0010s ]
SQL: SHOW COLUMNS FROM `travel_pinglun` [ RunTime:0.0259s ]
SQL: SELECT * FROM `travel_pinglun`  [ RunTime:0.0006s ]
SQL: SELECT * FROM `travel_jingdian` WHERE ( jingdian_id='6' ) LIMIT 1   [ RunTime:0.0011s ]
SQL: SELECT * FROM `travel_jingdian` WHERE ( jingdian_id='10' ) LIMIT 1   [ RunTime:0.0007s ]
SQL: SELECT * FROM `travel_jingdian` WHERE ( jingdian_id='9' ) LIMIT 1   [ RunTime:0.0005s ]
SQL: SELECT * FROM `travel_jingdian` WHERE ( jingdian_id='24' ) LIMIT 1   [ RunTime:0.0004s ]
SQL: SELECT * FROM `travel_jingdian` WHERE ( jingdian_id='24' ) LIMIT 1   [ RunTime:0.0007s ]
SQL: SHOW COLUMNS FROM `travel_message` [ RunTime:0.0267s ]
SQL: SELECT * FROM `travel_message`  [ RunTime:0.0005s ]
INFO: [ view_parse ] --START--
INFO: [ template_filter ] --START--
INFO: Run Behavior\ContentReplaceBehavior [ RunTime:0.000235s ]
INFO: [ template_filter ] --END-- [ RunTime:0.000292s ]
INFO: Run Behavior\ParseTemplateBehavior [ RunTime:0.038640s ]
INFO: [ view_parse ] --END-- [ RunTime:0.038725s ]
INFO: [ view_filter ] --START--
INFO: Run Behavior\WriteHtmlCacheBehavior [ RunTime:0.001428s ]
INFO: [ view_filter ] --END-- [ RunTime:0.001481s ]
INFO: [ app_end ] --START--
INFO: Run Behavior\ShowPageTraceBehavior [ RunTime:0.006470s ]
INFO: [ app_end ] --END-- [ RunTime:0.006817s ]

[ 2017-05-08T16:06:12+08:00 ] 127.0.0.1 /tpg/admin.php/home/index/admintables
INFO: [ app_init ] --START--
INFO: Run Behavior\BuildLiteBehavior [ RunTime:0.000022s ]
INFO: [ app_init ] --END-- [ RunTime:0.004502s ]
INFO: [ app_begin ] --START--
INFO: Run Behavior\ReadHtmlCacheBehavior [ RunTime:0.010109s ]
INFO: [ app_begin ] --END-- [ RunTime:0.010209s ]
SQL: SHOW COLUMNS FROM `travel_jingdian` [ RunTime:0.0614s ]
SQL: SELECT * FROM `travel_jingdian`  [ RunTime:0.0024s ]
SQL: SHOW COLUMNS FROM `travel_users` [ RunTime:0.0447s ]
SQL: SELECT * FROM `travel_users`  [ RunTime:0.0021s ]
SQL: SHOW COLUMNS FROM `travel_meishi` [ RunTime:0.0439s ]
SQL: SELECT * FROM `travel_meishi`  [ RunTime:0.0019s ]
SQL: SHOW COLUMNS FROM `travel_xianlu` [ RunTime:0.0403s ]
SQL: SELECT * FROM `travel_xianlu`  [ RunTime:0.0010s ]
SQL: SHOW COLUMNS FROM `travel_jiudian` [ RunTime:0.0315s ]
SQL: SELECT * FROM `travel_jiudian`  [ RunTime:0.0006s ]
SQL: SHOW COLUMNS FROM `travel_pinglun` [ RunTime:0.0160s ]
SQL: SELECT * FROM `travel_pinglun`  [ RunTime:0.0004s ]
SQL: SELECT * FROM `travel_jingdian` WHERE ( jingdian_id='6' ) LIMIT 1   [ RunTime:0.0003s ]
SQL: SELECT * FROM `travel_jingdian` WHERE ( jingdian_id='10' ) LIMIT 1   [ RunTime:0.0002s ]
SQL: SELECT * FROM `travel_jingdian` WHERE ( jingdian_id='9' ) LIMIT 1   [ RunTime:0.0002s ]
SQL: SELECT * FROM `travel_jingdian` WHERE ( jingdian_id='24' ) LIMIT 1   [ RunTime:0.0002s ]
SQL: SELECT * FROM `travel_jingdian` WHERE ( jingdian_id='24' ) LIMIT 1   [ RunTime:0.0002s ]
SQL: SHOW COLUMNS FROM `travel_message` [ RunTime:0.0317s ]
SQL: SELECT * FROM `travel_message`  [ RunTime:0.0006s ]
INFO: [ view_parse ] --START--
INFO: [ template_filter ] --START--
INFO: Run Behavior\ContentReplaceBehavior [ RunTime:0.000190s ]
INFO: [ template_filter ] --END-- [ RunTime:0.000245s ]
INFO: Run Behavior\ParseTemplateBehavior [ RunTime:0.032830s ]
INFO: [ view_parse ] --END-- [ RunTime:0.032931s ]
INFO: [ view_filter ] --START--
INFO: Run Behavior\WriteHtmlCacheBehavior [ RunTime:0.001437s ]
INFO: [ view_filter ] --END-- [ RunTime:0.001486s ]
INFO: [ app_end ] --START--
INFO: Run Behavior\ShowPageTraceBehavior [ RunTime:0.001853s ]
INFO: [ app_end ] --END-- [ RunTime:0.001922s ]

[ 2017-05-08T16:06:21+08:00 ] 127.0.0.1 /tpg/admin.php/home/Adminform/adminout
INFO: [ app_init ] --START--
INFO: Run Behavior\BuildLiteBehavior [ RunTime:0.000015s ]
INFO: [ app_init ] --END-- [ RunTime:0.001178s ]
INFO: [ app_begin ] --START--
INFO: Run Behavior\ReadHtmlCacheBehavior [ RunTime:0.001552s ]
INFO: [ app_begin ] --END-- [ RunTime:0.001610s ]
INFO: [ app_end ] --START--
INFO: Run Behavior\ShowPageTraceBehavior [ RunTime:0.002699s ]
INFO: [ app_end ] --END-- [ RunTime:0.002785s ]

[ 2017-05-08T16:06:21+08:00 ] 127.0.0.1 /tpg/admin.php
INFO: [ app_init ] --START--
INFO: Run Behavior\BuildLiteBehavior [ RunTime:0.000016s ]
INFO: [ app_init ] --END-- [ RunTime:0.000983s ]
INFO: [ app_begin ] --START--
INFO: Run Behavior\ReadHtmlCacheBehavior [ RunTime:0.001421s ]
INFO: [ app_begin ] --END-- [ RunTime:0.001485s ]
INFO: [ view_parse ] --START--
INFO: [ template_filter ] --START--
INFO: Run Behavior\ContentReplaceBehavior [ RunTime:0.000051s ]
INFO: [ template_filter ] --END-- [ RunTime:0.000111s ]
INFO: Run Behavior\ParseTemplateBehavior [ RunTime:0.018180s ]
INFO: [ view_parse ] --END-- [ RunTime:0.018277s ]
INFO: [ view_filter ] --START--
INFO: Run Behavior\WriteHtmlCacheBehavior [ RunTime:0.001476s ]
INFO: [ view_filter ] --END-- [ RunTime:0.001529s ]
INFO: [ app_end ] --START--
INFO: Run Behavior\ShowPageTraceBehavior [ RunTime:0.003771s ]
INFO: [ app_end ] --END-- [ RunTime:0.003856s ]

[ 2017-05-08T16:06:26+08:00 ] 127.0.0.1 /tpg/admin.php/home/index/admintables
INFO: [ app_init ] --START--
INFO: Run Behavior\BuildLiteBehavior [ RunTime:0.000021s ]
INFO: [ app_init ] --END-- [ RunTime:0.001513s ]
INFO: [ app_begin ] --START--
INFO: Run Behavior\ReadHtmlCacheBehavior [ RunTime:0.001553s ]
INFO: [ app_begin ] --END-- [ RunTime:0.001607s ]
SQL: SHOW COLUMNS FROM `travel_jingdian` [ RunTime:0.0163s ]
SQL: SELECT * FROM `travel_jingdian`  [ RunTime:0.0008s ]
SQL: SHOW COLUMNS FROM `travel_users` [ RunTime:0.0211s ]
SQL: SELECT * FROM `travel_users`  [ RunTime:0.0004s ]
SQL: SHOW COLUMNS FROM `travel_meishi` [ RunTime:0.0200s ]
SQL: SELECT * FROM `travel_meishi`  [ RunTime:0.0004s ]
SQL: SHOW COLUMNS FROM `travel_xianlu` [ RunTime:0.0167s ]
SQL: SELECT * FROM `travel_xianlu`  [ RunTime:0.0004s ]
SQL: SHOW COLUMNS FROM `travel_jiudian` [ RunTime:0.0209s ]
SQL: SELECT * FROM `travel_jiudian`  [ RunTime:0.0005s ]
SQL: SHOW COLUMNS FROM `travel_pinglun` [ RunTime:0.0224s ]
SQL: SELECT * FROM `travel_pinglun`  [ RunTime:0.0004s ]
SQL: SELECT * FROM `travel_jingdian` WHERE ( jingdian_id='6' ) LIMIT 1   [ RunTime:0.0003s ]
SQL: SELECT * FROM `travel_jingdian` WHERE ( jingdian_id='10' ) LIMIT 1   [ RunTime:0.0003s ]
SQL: SELECT * FROM `travel_jingdian` WHERE ( jingdian_id='9' ) LIMIT 1   [ RunTime:0.0003s ]
SQL: SELECT * FROM `travel_jingdian` WHERE ( jingdian_id='24' ) LIMIT 1   [ RunTime:0.0011s ]
SQL: SELECT * FROM `travel_jingdian` WHERE ( jingdian_id='24' ) LIMIT 1   [ RunTime:0.0006s ]
SQL: SHOW COLUMNS FROM `travel_message` [ RunTime:0.0184s ]
SQL: SELECT * FROM `travel_message`  [ RunTime:0.0004s ]
INFO: [ view_parse ] --START--
INFO: [ template_filter ] --START--
INFO: Run Behavior\ContentReplaceBehavior [ RunTime:0.000302s ]
INFO: [ template_filter ] --END-- [ RunTime:0.000429s ]
INFO: Run Behavior\ParseTemplateBehavior [ RunTime:0.034956s ]
INFO: [ view_parse ] --END-- [ RunTime:0.035041s ]
INFO: [ view_filter ] --START--
INFO: Run Behavior\WriteHtmlCacheBehavior [ RunTime:0.001367s ]
INFO: [ view_filter ] --END-- [ RunTime:0.001418s ]
INFO: [ app_end ] --START--
INFO: Run Behavior\ShowPageTraceBehavior [ RunTime:0.003687s ]
INFO: [ app_end ] --END-- [ RunTime:0.003806s ]

[ 2017-05-08T16:06:30+08:00 ] 127.0.0.1 /tpg/admin.php/home/index/admintables
INFO: [ app_init ] --START--
INFO: Run Behavior\BuildLiteBehavior [ RunTime:0.000023s ]
INFO: [ app_init ] --END-- [ RunTime:0.004047s ]
INFO: [ app_begin ] --START--
INFO: Run Behavior\ReadHtmlCacheBehavior [ RunTime:0.002721s ]
INFO: [ app_begin ] --END-- [ RunTime:0.002888s ]
SQL: SHOW COLUMNS FROM `travel_jingdian` [ RunTime:0.0362s ]
SQL: SELECT * FROM `travel_jingdian`  [ RunTime:0.0012s ]
SQL: SHOW COLUMNS FROM `travel_users` [ RunTime:0.0295s ]
SQL: SELECT * FROM `travel_users`  [ RunTime:0.0005s ]
SQL: SHOW COLUMNS FROM `travel_meishi` [ RunTime:0.0331s ]
SQL: SELECT * FROM `travel_meishi`  [ RunTime:0.0006s ]
SQL: SHOW COLUMNS FROM `travel_xianlu` [ RunTime:0.1141s ]
SQL: SELECT * FROM `travel_xianlu`  [ RunTime:0.0025s ]
SQL: SHOW COLUMNS FROM `travel_jiudian` [ RunTime:0.0238s ]
SQL: SELECT * FROM `travel_jiudian`  [ RunTime:0.0006s ]
SQL: SHOW COLUMNS FROM `travel_pinglun` [ RunTime:0.0315s ]
SQL: SELECT * FROM `travel_pinglun`  [ RunTime:0.0005s ]
SQL: SELECT * FROM `travel_jingdian` WHERE ( jingdian_id='6' ) LIMIT 1   [ RunTime:0.0004s ]
SQL: SELECT * FROM `travel_jingdian` WHERE ( jingdian_id='10' ) LIMIT 1   [ RunTime:0.0005s ]
SQL: SELECT * FROM `travel_jingdian` WHERE ( jingdian_id='9' ) LIMIT 1   [ RunTime:0.0015s ]
SQL: SELECT * FROM `travel_jingdian` WHERE ( jingdian_id='24' ) LIMIT 1   [ RunTime:0.0005s ]
SQL: SELECT * FROM `travel_jingdian` WHERE ( jingdian_id='24' ) LIMIT 1   [ RunTime:0.0004s ]
SQL: SHOW COLUMNS FROM `travel_message` [ RunTime:0.0397s ]
SQL: SELECT * FROM `travel_message`  [ RunTime:0.0006s ]
INFO: [ view_parse ] --START--
INFO: [ template_filter ] --START--
INFO: Run Behavior\ContentReplaceBehavior [ RunTime:0.000189s ]
INFO: [ template_filter ] --END-- [ RunTime:0.000248s ]
INFO: Run Behavior\ParseTemplateBehavior [ RunTime:0.045535s ]
INFO: [ view_parse ] --END-- [ RunTime:0.045648s ]
INFO: [ view_filter ] --START--
INFO: Run Behavior\WriteHtmlCacheBehavior [ RunTime:0.001625s ]
INFO: [ view_filter ] --END-- [ RunTime:0.001708s ]
INFO: [ app_end ] --START--
INFO: Run Behavior\ShowPageTraceBehavior [ RunTime:0.002400s ]
INFO: [ app_end ] --END-- [ RunTime:0.002529s ]

[ 2017-05-08T16:06:33+08:00 ] 127.0.0.1 /tpg/admin.php/home/Adminform/adminout
INFO: [ app_init ] --START--
INFO: Run Behavior\BuildLiteBehavior [ RunTime:0.000018s ]
INFO: [ app_init ] --END-- [ RunTime:0.000974s ]
INFO: [ app_begin ] --START--
INFO: Run Behavior\ReadHtmlCacheBehavior [ RunTime:0.001577s ]
INFO: [ app_begin ] --END-- [ RunTime:0.001669s ]
INFO: [ app_end ] --START--
INFO: Run Behavior\ShowPageTraceBehavior [ RunTime:0.001737s ]
INFO: [ app_end ] --END-- [ RunTime:0.001802s ]

[ 2017-05-08T16:06:33+08:00 ] 127.0.0.1 /tpg/admin.php
INFO: [ app_init ] --START--
INFO: Run Behavior\BuildLiteBehavior [ RunTime:0.000019s ]
INFO: [ app_init ] --END-- [ RunTime:0.001495s ]
INFO: [ app_begin ] --START--
INFO: Run Behavior\ReadHtmlCacheBehavior [ RunTime:0.001426s ]
INFO: [ app_begin ] --END-- [ RunTime:0.001484s ]
INFO: [ view_parse ] --START--
INFO: [ template_filter ] --START--
INFO: Run Behavior\ContentReplaceBehavior [ RunTime:0.000116s ]
INFO: [ template_filter ] --END-- [ RunTime:0.000244s ]
INFO: Run Behavior\ParseTemplateBehavior [ RunTime:0.020442s ]
INFO: [ view_parse ] --END-- [ RunTime:0.020554s ]
INFO: [ view_filter ] --START--
INFO: Run Behavior\WriteHtmlCacheBehavior [ RunTime:0.001760s ]
INFO: [ view_filter ] --END-- [ RunTime:0.001845s ]
INFO: [ app_end ] --START--
INFO: Run Behavior\ShowPageTraceBehavior [ RunTime:0.001584s ]
INFO: [ app_end ] --END-- [ RunTime:0.001635s ]

[ 2017-05-08T16:06:38+08:00 ] 127.0.0.1 /tpg/admin.php/home/index/admintables
INFO: [ app_init ] --START--
INFO: Run Behavior\BuildLiteBehavior [ RunTime:0.000020s ]
INFO: [ app_init ] --END-- [ RunTime:0.001217s ]
INFO: [ app_begin ] --START--
INFO: Run Behavior\ReadHtmlCacheBehavior [ RunTime:0.004714s ]
INFO: [ app_begin ] --END-- [ RunTime:0.004806s ]
SQL: SHOW COLUMNS FROM `travel_jingdian` [ RunTime:0.0355s ]
SQL: SELECT * FROM `travel_jingdian`  [ RunTime:0.0014s ]
SQL: SHOW COLUMNS FROM `travel_users` [ RunTime:0.0281s ]
SQL: SELECT * FROM `travel_users`  [ RunTime:0.0004s ]
SQL: SHOW COLUMNS FROM `travel_meishi` [ RunTime:0.0199s ]
SQL: SELECT * FROM `travel_meishi`  [ RunTime:0.0007s ]
SQL: SHOW COLUMNS FROM `travel_xianlu` [ RunTime:0.0210s ]
SQL: SELECT * FROM `travel_xianlu`  [ RunTime:0.0005s ]
SQL: SHOW COLUMNS FROM `travel_jiudian` [ RunTime:0.0156s ]
SQL: SELECT * FROM `travel_jiudian`  [ RunTime:0.0004s ]
SQL: SHOW COLUMNS FROM `travel_pinglun` [ RunTime:0.0264s ]
SQL: SELECT * FROM `travel_pinglun`  [ RunTime:0.0005s ]
SQL: SELECT * FROM `travel_jingdian` WHERE ( jingdian_id='6' ) LIMIT 1   [ RunTime:0.0004s ]
SQL: SELECT * FROM `travel_jingdian` WHERE ( jingdian_id='10' ) LIMIT 1   [ RunTime:0.0004s ]
SQL: SELECT * FROM `travel_jingdian` WHERE ( jingdian_id='9' ) LIMIT 1   [ RunTime:0.0004s ]
SQL: SELECT * FROM `travel_jingdian` WHERE ( jingdian_id='24' ) LIMIT 1   [ RunTime:0.0003s ]
SQL: SELECT * FROM `travel_jingdian` WHERE ( jingdian_id='24' ) LIMIT 1   [ RunTime:0.0003s ]
SQL: SHOW COLUMNS FROM `travel_message` [ RunTime:0.0264s ]
SQL: SELECT * FROM `travel_message`  [ RunTime:0.0004s ]
INFO: [ view_parse ] --START--
INFO: [ template_filter ] --START--
INFO: Run Behavior\ContentReplaceBehavior [ RunTime:0.000187s ]
INFO: [ template_filter ] --END-- [ RunTime:0.000243s ]
INFO: Run Behavior\ParseTemplateBehavior [ RunTime:0.031477s ]
INFO: [ view_parse ] --END-- [ RunTime:0.031547s ]
INFO: [ view_filter ] --START--
INFO: Run Behavior\WriteHtmlCacheBehavior [ RunTime:0.001351s ]
INFO: [ view_filter ] --END-- [ RunTime:0.001400s ]
INFO: [ app_end ] --START--
INFO: Run Behavior\ShowPageTraceBehavior [ RunTime:0.001894s ]
INFO: [ app_end ] --END-- [ RunTime:0.001983s ]

[ 2017-05-08T16:07:09+08:00 ] 127.0.0.1 /tpg/admin.php/home/index/admintables
INFO: [ app_init ] --START--
INFO: Run Behavior\BuildLiteBehavior [ RunTime:0.000015s ]
INFO: [ app_init ] --END-- [ RunTime:0.000959s ]
INFO: [ app_begin ] --START--
INFO: Run Behavior\ReadHtmlCacheBehavior [ RunTime:0.002687s ]
INFO: [ app_begin ] --END-- [ RunTime:0.002753s ]
SQL: SHOW COLUMNS FROM `travel_jingdian` [ RunTime:0.0204s ]
SQL: SELECT * FROM `travel_jingdian`  [ RunTime:0.0562s ]
SQL: SHOW COLUMNS FROM `travel_users` [ RunTime:0.0187s ]
SQL: SELECT * FROM `travel_users`  [ RunTime:0.0006s ]
SQL: SHOW COLUMNS FROM `travel_meishi` [ RunTime:0.0204s ]
SQL: SELECT * FROM `travel_meishi`  [ RunTime:0.0004s ]
SQL: SHOW COLUMNS FROM `travel_xianlu` [ RunTime:0.0193s ]
SQL: SELECT * FROM `travel_xianlu`  [ RunTime:0.0005s ]
SQL: SHOW COLUMNS FROM `travel_jiudian` [ RunTime:0.0185s ]
SQL: SELECT * FROM `travel_jiudian`  [ RunTime:0.0012s ]
SQL: SHOW COLUMNS FROM `travel_pinglun` [ RunTime:0.0248s ]
SQL: SELECT * FROM `travel_pinglun`  [ RunTime:0.0003s ]
SQL: SELECT * FROM `travel_jingdian` WHERE ( jingdian_id='6' ) LIMIT 1   [ RunTime:0.0003s ]
SQL: SELECT * FROM `travel_jingdian` WHERE ( jingdian_id='10' ) LIMIT 1   [ RunTime:0.0003s ]
SQL: SELECT * FROM `travel_jingdian` WHERE ( jingdian_id='9' ) LIMIT 1   [ RunTime:0.0003s ]
SQL: SELECT * FROM `travel_jingdian` WHERE ( jingdian_id='24' ) LIMIT 1   [ RunTime:0.0004s ]
SQL: SELECT * FROM `travel_jingdian` WHERE ( jingdian_id='24' ) LIMIT 1   [ RunTime:0.0003s ]
SQL: SHOW COLUMNS FROM `travel_message` [ RunTime:0.0164s ]
SQL: SELECT * FROM `travel_message`  [ RunTime:0.0009s ]
INFO: [ view_parse ] --START--
INFO: [ template_filter ] --START--
INFO: Run Behavior\ContentReplaceBehavior [ RunTime:0.000175s ]
INFO: [ template_filter ] --END-- [ RunTime:0.000226s ]
INFO: Run Behavior\ParseTemplateBehavior [ RunTime:0.040841s ]
INFO: [ view_parse ] --END-- [ RunTime:0.040922s ]
INFO: [ view_filter ] --START--
INFO: Run Behavior\WriteHtmlCacheBehavior [ RunTime:0.001785s ]
INFO: [ view_filter ] --END-- [ RunTime:0.001836s ]
INFO: [ app_end ] --START--
INFO: Run Behavior\ShowPageTraceBehavior [ RunTime:0.003479s ]
INFO: [ app_end ] --END-- [ RunTime:0.003599s ]

[ 2017-05-08T16:07:11+08:00 ] 127.0.0.1 /tpg/admin.php/home/Adminform/adminout
INFO: [ app_init ] --START--
INFO: Run Behavior\BuildLiteBehavior [ RunTime:0.000019s ]
INFO: [ app_init ] --END-- [ RunTime:0.001097s ]
INFO: [ app_begin ] --START--
INFO: Run Behavior\ReadHtmlCacheBehavior [ RunTime:0.002116s ]
INFO: [ app_begin ] --END-- [ RunTime:0.002192s ]
INFO: [ app_end ] --START--
INFO: Run Behavior\ShowPageTraceBehavior [ RunTime:0.002554s ]
INFO: [ app_end ] --END-- [ RunTime:0.002657s ]

[ 2017-05-08T16:07:11+08:00 ] 127.0.0.1 /tpg/admin.php
INFO: [ app_init ] --START--
INFO: Run Behavior\BuildLiteBehavior [ RunTime:0.000025s ]
INFO: [ app_init ] --END-- [ RunTime:0.003405s ]
INFO: [ app_begin ] --START--
INFO: Run Behavior\ReadHtmlCacheBehavior [ RunTime:0.002193s ]
INFO: [ app_begin ] --END-- [ RunTime:0.002267s ]
INFO: [ view_parse ] --START--
INFO: [ template_filter ] --START--
INFO: Run Behavior\ContentReplaceBehavior [ RunTime:0.000072s ]
INFO: [ template_filter ] --END-- [ RunTime:0.000152s ]
INFO: Run Behavior\ParseTemplateBehavior [ RunTime:0.019987s ]
INFO: [ view_parse ] --END-- [ RunTime:0.020090s ]
INFO: [ view_filter ] --START--
INFO: Run Behavior\WriteHtmlCacheBehavior [ RunTime:0.001583s ]
INFO: [ view_filter ] --END-- [ RunTime:0.001626s ]
INFO: [ app_end ] --START--
INFO: Run Behavior\ShowPageTraceBehavior [ RunTime:0.001859s ]
INFO: [ app_end ] --END-- [ RunTime:0.001915s ]

[ 2017-05-08T16:07:16+08:00 ] 127.0.0.1 /tpg/admin.php/home/index/admintables
INFO: [ app_init ] --START--
INFO: Run Behavior\BuildLiteBehavior [ RunTime:0.000014s ]
INFO: [ app_init ] --END-- [ RunTime:0.001021s ]
INFO: [ app_begin ] --START--
INFO: Run Behavior\ReadHtmlCacheBehavior [ RunTime:0.001921s ]
INFO: [ app_begin ] --END-- [ RunTime:0.001977s ]
SQL: SHOW COLUMNS FROM `travel_jingdian` [ RunTime:0.0151s ]
SQL: SELECT * FROM `travel_jingdian`  [ RunTime:0.0009s ]
SQL: SHOW COLUMNS FROM `travel_users` [ RunTime:0.0175s ]
SQL: SELECT * FROM `travel_users`  [ RunTime:0.0004s ]
SQL: SHOW COLUMNS FROM `travel_meishi` [ RunTime:0.0208s ]
SQL: SELECT * FROM `travel_meishi`  [ RunTime:0.0005s ]
SQL: SHOW COLUMNS FROM `travel_xianlu` [ RunTime:0.0185s ]
SQL: SELECT * FROM `travel_xianlu`  [ RunTime:0.0006s ]
SQL: SHOW COLUMNS FROM `travel_jiudian` [ RunTime:0.0297s ]
SQL: SELECT * FROM `travel_jiudian`  [ RunTime:0.0006s ]
SQL: SHOW COLUMNS FROM `travel_pinglun` [ RunTime:0.0204s ]
SQL: SELECT * FROM `travel_pinglun`  [ RunTime:0.0005s ]
SQL: SELECT * FROM `travel_jingdian` WHERE ( jingdian_id='6' ) LIMIT 1   [ RunTime:0.0006s ]
SQL: SELECT * FROM `travel_jingdian` WHERE ( jingdian_id='10' ) LIMIT 1   [ RunTime:0.0005s ]
SQL: SELECT * FROM `travel_jingdian` WHERE ( jingdian_id='9' ) LIMIT 1   [ RunTime:0.0005s ]
SQL: SELECT * FROM `travel_jingdian` WHERE ( jingdian_id='24' ) LIMIT 1   [ RunTime:0.0004s ]
SQL: SELECT * FROM `travel_jingdian` WHERE ( jingdian_id='24' ) LIMIT 1   [ RunTime:0.0003s ]
SQL: SHOW COLUMNS FROM `travel_message` [ RunTime:0.0183s ]
SQL: SELECT * FROM `travel_message`  [ RunTime:0.0004s ]
INFO: [ view_parse ] --START--
INFO: [ template_filter ] --START--
INFO: Run Behavior\ContentReplaceBehavior [ RunTime:0.000355s ]
INFO: [ template_filter ] --END-- [ RunTime:0.000476s ]
INFO: Run Behavior\ParseTemplateBehavior [ RunTime:0.034040s ]
INFO: [ view_parse ] --END-- [ RunTime:0.034105s ]
INFO: [ view_filter ] --START--
INFO: Run Behavior\WriteHtmlCacheBehavior [ RunTime:0.001648s ]
INFO: [ view_filter ] --END-- [ RunTime:0.001698s ]
INFO: [ app_end ] --START--
INFO: Run Behavior\ShowPageTraceBehavior [ RunTime:0.003859s ]
INFO: [ app_end ] --END-- [ RunTime:0.003999s ]

[ 2017-05-08T16:08:14+08:00 ] 127.0.0.1 /tpg/admin.php/home/index/admintables
INFO: [ app_init ] --START--
INFO: Run Behavior\BuildLiteBehavior [ RunTime:0.000021s ]
INFO: [ app_init ] --END-- [ RunTime:0.001276s ]
INFO: [ app_begin ] --START--
INFO: Run Behavior\ReadHtmlCacheBehavior [ RunTime:0.003791s ]
INFO: [ app_begin ] --END-- [ RunTime:0.004703s ]
SQL: SHOW COLUMNS FROM `travel_jingdian` [ RunTime:0.0290s ]
SQL: SELECT * FROM `travel_jingdian`  [ RunTime:0.0007s ]
SQL: SHOW COLUMNS FROM `travel_users` [ RunTime:0.0300s ]
SQL: SELECT * FROM `travel_users`  [ RunTime:0.0005s ]
SQL: SHOW COLUMNS FROM `travel_meishi` [ RunTime:0.0246s ]
SQL: SELECT * FROM `travel_meishi`  [ RunTime:0.0007s ]
SQL: SHOW COLUMNS FROM `travel_xianlu` [ RunTime:0.0292s ]
SQL: SELECT * FROM `travel_xianlu`  [ RunTime:0.0007s ]
SQL: SHOW COLUMNS FROM `travel_jiudian` [ RunTime:0.0292s ]
SQL: SELECT * FROM `travel_jiudian`  [ RunTime:0.0012s ]
SQL: SHOW COLUMNS FROM `travel_pinglun` [ RunTime:0.0598s ]
SQL: SELECT * FROM `travel_pinglun`  [ RunTime:0.0004s ]
SQL: SELECT * FROM `travel_jingdian` WHERE ( jingdian_id='6' ) LIMIT 1   [ RunTime:0.0004s ]
SQL: SELECT * FROM `travel_jingdian` WHERE ( jingdian_id='10' ) LIMIT 1   [ RunTime:0.0003s ]
SQL: SELECT * FROM `travel_jingdian` WHERE ( jingdian_id='9' ) LIMIT 1   [ RunTime:0.0004s ]
SQL: SELECT * FROM `travel_jingdian` WHERE ( jingdian_id='24' ) LIMIT 1   [ RunTime:0.0003s ]
SQL: SELECT * FROM `travel_jingdian` WHERE ( jingdian_id='24' ) LIMIT 1   [ RunTime:0.0010s ]
SQL: SHOW COLUMNS FROM `travel_message` [ RunTime:0.0442s ]
SQL: SELECT * FROM `travel_message`  [ RunTime:0.0005s ]
INFO: [ view_parse ] --START--
INFO: [ template_filter ] --START--
INFO: Run Behavior\ContentReplaceBehavior [ RunTime:0.000316s ]
INFO: [ template_filter ] --END-- [ RunTime:0.000431s ]
INFO: Run Behavior\ParseTemplateBehavior [ RunTime:0.078158s ]
INFO: [ view_parse ] --END-- [ RunTime:0.078255s ]
INFO: [ view_filter ] --START--
INFO: Run Behavior\WriteHtmlCacheBehavior [ RunTime:0.003961s ]
INFO: [ view_filter ] --END-- [ RunTime:0.006101s ]
INFO: [ app_end ] --START--
INFO: Run Behavior\ShowPageTraceBehavior [ RunTime:0.008591s ]
INFO: [ app_end ] --END-- [ RunTime:0.008726s ]

[ 2017-05-08T16:08:16+08:00 ] 127.0.0.1 /tpg/admin.php/home/Adminform/adminout
INFO: [ app_init ] --START--
INFO: Run Behavior\BuildLiteBehavior [ RunTime:0.000024s ]
INFO: [ app_init ] --END-- [ RunTime:0.003886s ]
INFO: [ app_begin ] --START--
INFO: Run Behavior\ReadHtmlCacheBehavior [ RunTime:0.003922s ]
INFO: [ app_begin ] --END-- [ RunTime:0.004003s ]
INFO: [ app_end ] --START--
INFO: Run Behavior\ShowPageTraceBehavior [ RunTime:0.005649s ]
INFO: [ app_end ] --END-- [ RunTime:0.005744s ]

[ 2017-05-08T16:08:44+08:00 ] 127.0.0.1 /tpg/admin.php/home/index/admintables
INFO: [ app_init ] --START--
INFO: Run Behavior\BuildLiteBehavior [ RunTime:0.000014s ]
INFO: [ app_init ] --END-- [ RunTime:0.001053s ]
INFO: [ app_begin ] --START--
INFO: Run Behavior\ReadHtmlCacheBehavior [ RunTime:0.002077s ]
INFO: [ app_begin ] --END-- [ RunTime:0.002137s ]
SQL: SHOW COLUMNS FROM `travel_jingdian` [ RunTime:0.0185s ]
SQL: SELECT * FROM `travel_jingdian`  [ RunTime:0.0008s ]
SQL: SHOW COLUMNS FROM `travel_users` [ RunTime:0.0185s ]
SQL: SELECT * FROM `travel_users`  [ RunTime:0.0004s ]
SQL: SHOW COLUMNS FROM `travel_meishi` [ RunTime:0.0302s ]
SQL: SELECT * FROM `travel_meishi`  [ RunTime:0.0004s ]
SQL: SHOW COLUMNS FROM `travel_xianlu` [ RunTime:0.0170s ]
SQL: SELECT * FROM `travel_xianlu`  [ RunTime:0.0004s ]
SQL: SHOW COLUMNS FROM `travel_jiudian` [ RunTime:0.0309s ]
SQL: SELECT * FROM `travel_jiudian`  [ RunTime:0.0008s ]
SQL: SHOW COLUMNS FROM `travel_pinglun` [ RunTime:0.0169s ]
SQL: SELECT * FROM `travel_pinglun`  [ RunTime:0.0005s ]
SQL: SELECT * FROM `travel_jingdian` WHERE ( jingdian_id='6' ) LIMIT 1   [ RunTime:0.0006s ]
SQL: SELECT * FROM `travel_jingdian` WHERE ( jingdian_id='10' ) LIMIT 1   [ RunTime:0.0005s ]
SQL: SELECT * FROM `travel_jingdian` WHERE ( jingdian_id='9' ) LIMIT 1   [ RunTime:0.0004s ]
SQL: SELECT * FROM `travel_jingdian` WHERE ( jingdian_id='24' ) LIMIT 1   [ RunTime:0.0004s ]
SQL: SELECT * FROM `travel_jingdian` WHERE ( jingdian_id='24' ) LIMIT 1   [ RunTime:0.0004s ]
SQL: SHOW COLUMNS FROM `travel_message` [ RunTime:0.0201s ]
SQL: SELECT * FROM `travel_message`  [ RunTime:0.0004s ]
INFO: [ view_parse ] --START--
INFO: [ template_filter ] --START--
INFO: Run Behavior\ContentReplaceBehavior [ RunTime:0.000196s ]
INFO: [ template_filter ] --END-- [ RunTime:0.000258s ]
INFO: Run Behavior\ParseTemplateBehavior [ RunTime:0.033285s ]
INFO: [ view_parse ] --END-- [ RunTime:0.033375s ]
INFO: [ view_filter ] --START--
INFO: Run Behavior\WriteHtmlCacheBehavior [ RunTime:0.002200s ]
INFO: [ view_filter ] --END-- [ RunTime:0.002302s ]
INFO: [ app_end ] --START--
INFO: Run Behavior\ShowPageTraceBehavior [ RunTime:0.004689s ]
INFO: [ app_end ] --END-- [ RunTime:0.004803s ]

[ 2017-05-08T16:08:47+08:00 ] 127.0.0.1 /tpg/admin.php/home/Adminform/adminout
INFO: [ app_init ] --START--
INFO: Run Behavior\BuildLiteBehavior [ RunTime:0.000014s ]
INFO: [ app_init ] --END-- [ RunTime:0.001029s ]
INFO: [ app_begin ] --START--
INFO: Run Behavior\ReadHtmlCacheBehavior [ RunTime:0.002021s ]
INFO: [ app_begin ] --END-- [ RunTime:0.002096s ]
INFO: [ app_end ] --START--
INFO: Run Behavior\ShowPageTraceBehavior [ RunTime:0.002118s ]
INFO: [ app_end ] --END-- [ RunTime:0.002228s ]

[ 2017-05-08T16:08:49+08:00 ] 127.0.0.1 /tpg/admin.php/home/Adminform/adminout
INFO: [ app_init ] --START--
INFO: Run Behavior\BuildLiteBehavior [ RunTime:0.000014s ]
INFO: [ app_init ] --END-- [ RunTime:0.001055s ]
INFO: [ app_begin ] --START--
INFO: Run Behavior\ReadHtmlCacheBehavior [ RunTime:0.002256s ]
INFO: [ app_begin ] --END-- [ RunTime:0.002337s ]
INFO: [ app_end ] --START--
INFO: Run Behavior\ShowPageTraceBehavior [ RunTime:0.002671s ]
INFO: [ app_end ] --END-- [ RunTime:0.002736s ]

[ 2017-05-08T16:08:53+08:00 ] 127.0.0.1 /tpg/admin.php/home/index/admintables
INFO: [ app_init ] --START--
INFO: Run Behavior\BuildLiteBehavior [ RunTime:0.000020s ]
INFO: [ app_init ] --END-- [ RunTime:0.001542s ]
INFO: [ app_begin ] --START--
INFO: Run Behavior\ReadHtmlCacheBehavior [ RunTime:0.002756s ]
INFO: [ app_begin ] --END-- [ RunTime:0.002837s ]
SQL: SHOW COLUMNS FROM `travel_jingdian` [ RunTime:0.0451s ]
SQL: SELECT * FROM `travel_jingdian`  [ RunTime:0.0005s ]
SQL: SHOW COLUMNS FROM `travel_users` [ RunTime:0.0197s ]
SQL: SELECT * FROM `travel_users`  [ RunTime:0.0005s ]
SQL: SHOW COLUMNS FROM `travel_meishi` [ RunTime:0.0400s ]
SQL: SELECT * FROM `travel_meishi`  [ RunTime:0.0006s ]
SQL: SHOW COLUMNS FROM `travel_xianlu` [ RunTime:0.0171s ]
SQL: SELECT * FROM `travel_xianlu`  [ RunTime:0.0011s ]
SQL: SHOW COLUMNS FROM `travel_jiudian` [ RunTime:0.0206s ]
SQL: SELECT * FROM `travel_jiudian`  [ RunTime:0.0005s ]
SQL: SHOW COLUMNS FROM `travel_pinglun` [ RunTime:0.0175s ]
SQL: SELECT * FROM `travel_pinglun`  [ RunTime:0.0003s ]
SQL: SELECT * FROM `travel_jingdian` WHERE ( jingdian_id='6' ) LIMIT 1   [ RunTime:0.0003s ]
SQL: SELECT * FROM `travel_jingdian` WHERE ( jingdian_id='10' ) LIMIT 1   [ RunTime:0.0002s ]
SQL: SELECT * FROM `travel_jingdian` WHERE ( jingdian_id='9' ) LIMIT 1   [ RunTime:0.0003s ]
SQL: SELECT * FROM `travel_jingdian` WHERE ( jingdian_id='24' ) LIMIT 1   [ RunTime:0.0002s ]
SQL: SELECT * FROM `travel_jingdian` WHERE ( jingdian_id='24' ) LIMIT 1   [ RunTime:0.0002s ]
SQL: SHOW COLUMNS FROM `travel_message` [ RunTime:0.0238s ]
SQL: SELECT * FROM `travel_message`  [ RunTime:0.0004s ]
INFO: [ view_parse ] --START--
INFO: [ template_filter ] --START--
INFO: Run Behavior\ContentReplaceBehavior [ RunTime:0.000342s ]
INFO: [ template_filter ] --END-- [ RunTime:0.000451s ]
INFO: Run Behavior\ParseTemplateBehavior [ RunTime:0.034437s ]
INFO: [ view_parse ] --END-- [ RunTime:0.034507s ]
INFO: [ view_filter ] --START--
INFO: Run Behavior\WriteHtmlCacheBehavior [ RunTime:0.001683s ]
INFO: [ view_filter ] --END-- [ RunTime:0.001734s ]
INFO: [ app_end ] --START--
INFO: Run Behavior\ShowPageTraceBehavior [ RunTime:0.002360s ]
INFO: [ app_end ] --END-- [ RunTime:0.002903s ]

[ 2017-05-08T16:09:09+08:00 ] 127.0.0.1 /tpg/admin.php/home/index/admintables
INFO: [ app_init ] --START--
INFO: Run Behavior\BuildLiteBehavior [ RunTime:0.000016s ]
INFO: [ app_init ] --END-- [ RunTime:0.001029s ]
INFO: [ app_begin ] --START--
INFO: Run Behavior\ReadHtmlCacheBehavior [ RunTime:0.002912s ]
INFO: [ app_begin ] --END-- [ RunTime:0.002982s ]
SQL: SHOW COLUMNS FROM `travel_jingdian` [ RunTime:0.0215s ]
SQL: SELECT * FROM `travel_jingdian`  [ RunTime:0.0009s ]
SQL: SHOW COLUMNS FROM `travel_users` [ RunTime:0.0258s ]
SQL: SELECT * FROM `travel_users`  [ RunTime:0.0004s ]
SQL: SHOW COLUMNS FROM `travel_meishi` [ RunTime:0.0195s ]
SQL: SELECT * FROM `travel_meishi`  [ RunTime:0.0009s ]
SQL: SHOW COLUMNS FROM `travel_xianlu` [ RunTime:0.0317s ]
SQL: SELECT * FROM `travel_xianlu`  [ RunTime:0.0009s ]
SQL: SHOW COLUMNS FROM `travel_jiudian` [ RunTime:0.0299s ]
SQL: SELECT * FROM `travel_jiudian`  [ RunTime:0.0004s ]
SQL: SHOW COLUMNS FROM `travel_pinglun` [ RunTime:0.0309s ]
SQL: SELECT * FROM `travel_pinglun`  [ RunTime:0.0006s ]
SQL: SELECT * FROM `travel_jingdian` WHERE ( jingdian_id='6' ) LIMIT 1   [ RunTime:0.0005s ]
SQL: SELECT * FROM `travel_jingdian` WHERE ( jingdian_id='10' ) LIMIT 1   [ RunTime:0.0004s ]
SQL: SELECT * FROM `travel_jingdian` WHERE ( jingdian_id='9' ) LIMIT 1   [ RunTime:0.0004s ]
SQL: SELECT * FROM `travel_jingdian` WHERE ( jingdian_id='24' ) LIMIT 1   [ RunTime:0.0006s ]
SQL: SELECT * FROM `travel_jingdian` WHERE ( jingdian_id='24' ) LIMIT 1   [ RunTime:0.0010s ]
SQL: SHOW COLUMNS FROM `travel_message` [ RunTime:0.0270s ]
SQL: SELECT * FROM `travel_message`  [ RunTime:0.0005s ]
INFO: [ view_parse ] --START--
INFO: [ template_filter ] --START--
INFO: Run Behavior\ContentReplaceBehavior [ RunTime:0.000329s ]
INFO: [ template_filter ] --END-- [ RunTime:0.000423s ]
INFO: Run Behavior\ParseTemplateBehavior [ RunTime:0.035008s ]
INFO: [ view_parse ] --END-- [ RunTime:0.035077s ]
INFO: [ view_filter ] --START--
INFO: Run Behavior\WriteHtmlCacheBehavior [ RunTime:0.002208s ]
INFO: [ view_filter ] --END-- [ RunTime:0.002261s ]
INFO: [ app_end ] --START--
INFO: Run Behavior\ShowPageTraceBehavior [ RunTime:0.004913s ]
INFO: [ app_end ] --END-- [ RunTime:0.005025s ]

[ 2017-05-08T16:09:12+08:00 ] 127.0.0.1 /tpg/admin.php/home/Adminform/adminout
INFO: [ app_init ] --START--
INFO: Run Behavior\BuildLiteBehavior [ RunTime:0.000020s ]
INFO: [ app_init ] --END-- [ RunTime:0.001285s ]
INFO: [ app_begin ] --START--
INFO: Run Behavior\ReadHtmlCacheBehavior [ RunTime:0.002538s ]
INFO: [ app_begin ] --END-- [ RunTime:0.002621s ]

[ 2017-05-08T16:10:00+08:00 ] 127.0.0.1 /tpg/admin.php/home/index/admintables
INFO: [ app_init ] --START--
INFO: Run Behavior\BuildLiteBehavior [ RunTime:0.000017s ]
INFO: [ app_init ] --END-- [ RunTime:0.001083s ]
INFO: [ app_begin ] --START--
INFO: Run Behavior\ReadHtmlCacheBehavior [ RunTime:0.001764s ]
INFO: [ app_begin ] --END-- [ RunTime:0.001826s ]
SQL: SHOW COLUMNS FROM `travel_jingdian` [ RunTime:0.0258s ]
SQL: SELECT * FROM `travel_jingdian`  [ RunTime:0.0008s ]
SQL: SHOW COLUMNS FROM `travel_users` [ RunTime:0.0230s ]
SQL: SELECT * FROM `travel_users`  [ RunTime:0.0005s ]
SQL: SHOW COLUMNS FROM `travel_meishi` [ RunTime:0.0199s ]
SQL: SELECT * FROM `travel_meishi`  [ RunTime:0.0006s ]
SQL: SHOW COLUMNS FROM `travel_xianlu` [ RunTime:0.0274s ]
SQL: SELECT * FROM `travel_xianlu`  [ RunTime:0.0005s ]
SQL: SHOW COLUMNS FROM `travel_jiudian` [ RunTime:0.0200s ]
SQL: SELECT * FROM `travel_jiudian`  [ RunTime:0.0006s ]
SQL: SHOW COLUMNS FROM `travel_pinglun` [ RunTime:0.0253s ]
SQL: SELECT * FROM `travel_pinglun`  [ RunTime:0.0004s ]
SQL: SELECT * FROM `travel_jingdian` WHERE ( jingdian_id='6' ) LIMIT 1   [ RunTime:0.0009s ]
SQL: SELECT * FROM `travel_jingdian` WHERE ( jingdian_id='10' ) LIMIT 1   [ RunTime:0.0006s ]
SQL: SELECT * FROM `travel_jingdian` WHERE ( jingdian_id='9' ) LIMIT 1   [ RunTime:0.0004s ]
SQL: SELECT * FROM `travel_jingdian` WHERE ( jingdian_id='24' ) LIMIT 1   [ RunTime:0.0003s ]
SQL: SELECT * FROM `travel_jingdian` WHERE ( jingdian_id='24' ) LIMIT 1   [ RunTime:0.0523s ]
SQL: SHOW COLUMNS FROM `travel_message` [ RunTime:0.0228s ]
SQL: SELECT * FROM `travel_message`  [ RunTime:0.0004s ]
INFO: [ view_parse ] --START--
INFO: [ template_filter ] --START--
INFO: Run Behavior\ContentReplaceBehavior [ RunTime:0.000184s ]
INFO: [ template_filter ] --END-- [ RunTime:0.000234s ]
INFO: Run Behavior\ParseTemplateBehavior [ RunTime:0.052865s ]
INFO: [ view_parse ] --END-- [ RunTime:0.052960s ]
INFO: [ view_filter ] --START--
INFO: Run Behavior\WriteHtmlCacheBehavior [ RunTime:0.001983s ]
INFO: [ view_filter ] --END-- [ RunTime:0.002048s ]
INFO: [ app_end ] --START--
INFO: Run Behavior\ShowPageTraceBehavior [ RunTime:0.002373s ]
INFO: [ app_end ] --END-- [ RunTime:0.002493s ]

[ 2017-05-08T16:10:03+08:00 ] 127.0.0.1 /tpg/admin.php/home/Adminform/adminout
INFO: [ app_init ] --START--
INFO: Run Behavior\BuildLiteBehavior [ RunTime:0.000025s ]
INFO: [ app_init ] --END-- [ RunTime:0.001335s ]
INFO: [ app_begin ] --START--
INFO: Run Behavior\ReadHtmlCacheBehavior [ RunTime:0.002248s ]
INFO: [ app_begin ] --END-- [ RunTime:0.002410s ]

[ 2017-05-08T16:10:18+08:00 ] 127.0.0.1 /tpg/admin.php/home/adminform/indexdeal
INFO: [ app_init ] --START--
INFO: Run Behavior\BuildLiteBehavior [ RunTime:0.000013s ]
INFO: [ app_init ] --END-- [ RunTime:0.001072s ]
INFO: [ app_begin ] --START--
INFO: Run Behavior\ReadHtmlCacheBehavior [ RunTime:0.001951s ]
INFO: [ app_begin ] --END-- [ RunTime:0.002021s ]

[ 2017-05-08T16:10:55+08:00 ] 127.0.0.1 /tpg/admin.php/home/adminform/indexdeal
INFO: [ app_init ] --START--
INFO: Run Behavior\BuildLiteBehavior [ RunTime:0.000015s ]
INFO: [ app_init ] --END-- [ RunTime:0.004247s ]
INFO: [ app_begin ] --START--
INFO: Run Behavior\ReadHtmlCacheBehavior [ RunTime:0.002509s ]
INFO: [ app_begin ] --END-- [ RunTime:0.002604s ]
SQL: SHOW COLUMNS FROM `travel_adminuers` [ RunTime:0.0192s ]
SQL: SELECT * FROM `travel_adminuers` WHERE ( adminemail='1591631526@qq.com' ) LIMIT 1   [ RunTime:0.0005s ]
SQL: SELECT * FROM `travel_adminuers`  [ RunTime:0.0005s ]
INFO: [ view_parse ] --START--
INFO: [ template_filter ] --START--
INFO: Run Behavior\ContentReplaceBehavior [ RunTime:0.000110s ]
INFO: [ template_filter ] --END-- [ RunTime:0.000161s ]
INFO: Run Behavior\ParseTemplateBehavior [ RunTime:0.021338s ]
INFO: [ view_parse ] --END-- [ RunTime:0.021422s ]
INFO: [ view_filter ] --START--
INFO: Run Behavior\WriteHtmlCacheBehavior [ RunTime:0.001849s ]
INFO: [ view_filter ] --END-- [ RunTime:0.001927s ]
INFO: [ app_end ] --START--
INFO: Run Behavior\ShowPageTraceBehavior [ RunTime:0.002898s ]
INFO: [ app_end ] --END-- [ RunTime:0.003009s ]

[ 2017-05-08T16:10:57+08:00 ] 127.0.0.1 /tpg/admin.php/home/Adminform/adminout
INFO: [ app_init ] --START--
INFO: Run Behavior\BuildLiteBehavior [ RunTime:0.000016s ]
INFO: [ app_init ] --END-- [ RunTime:0.001718s ]
INFO: [ app_begin ] --START--
INFO: Run Behavior\ReadHtmlCacheBehavior [ RunTime:0.001661s ]
INFO: [ app_begin ] --END-- [ RunTime:0.001733s ]
INFO: [ app_end ] --START--
INFO: Run Behavior\ShowPageTraceBehavior [ RunTime:0.002114s ]
INFO: [ app_end ] --END-- [ RunTime:0.002509s ]

[ 2017-05-08T16:10:57+08:00 ] 127.0.0.1 /tpg/admin.php
INFO: [ app_init ] --START--
INFO: Run Behavior\BuildLiteBehavior [ RunTime:0.000014s ]
INFO: [ app_init ] --END-- [ RunTime:0.001249s ]
INFO: [ app_begin ] --START--
INFO: Run Behavior\ReadHtmlCacheBehavior [ RunTime:0.002640s ]
INFO: [ app_begin ] --END-- [ RunTime:0.002713s ]
INFO: [ view_parse ] --START--
INFO: [ template_filter ] --START--
INFO: Run Behavior\ContentReplaceBehavior [ RunTime:0.000053s ]
INFO: [ template_filter ] --END-- [ RunTime:0.000111s ]
INFO: Run Behavior\ParseTemplateBehavior [ RunTime:0.018399s ]
INFO: [ view_parse ] --END-- [ RunTime:0.018467s ]
INFO: [ view_filter ] --START--
INFO: Run Behavior\WriteHtmlCacheBehavior [ RunTime:0.001401s ]
INFO: [ view_filter ] --END-- [ RunTime:0.001471s ]
INFO: [ app_end ] --START--
INFO: Run Behavior\ShowPageTraceBehavior [ RunTime:0.001493s ]
INFO: [ app_end ] --END-- [ RunTime:0.001543s ]

[ 2017-05-08T16:11:04+08:00 ] 127.0.0.1 /tpg/admin.php/home/adminform/indexdeal
INFO: [ app_init ] --START--
INFO: Run Behavior\BuildLiteBehavior [ RunTime:0.000090s ]
INFO: [ app_init ] --END-- [ RunTime:0.001902s ]
INFO: [ app_begin ] --START--
INFO: Run Behavior\ReadHtmlCacheBehavior [ RunTime:0.002496s ]
INFO: [ app_begin ] --END-- [ RunTime:0.002577s ]
SQL: SHOW COLUMNS FROM `travel_adminuers` [ RunTime:0.0394s ]
SQL: SELECT * FROM `travel_adminuers` WHERE ( adminemail='1591631526@qq.com' ) LIMIT 1   [ RunTime:0.0005s ]
SQL: SELECT * FROM `travel_adminuers`  [ RunTime:0.0003s ]
INFO: [ view_parse ] --START--
INFO: [ template_filter ] --START--
INFO: Run Behavior\ContentReplaceBehavior [ RunTime:0.000104s ]
INFO: [ template_filter ] --END-- [ RunTime:0.000154s ]
INFO: Run Behavior\ParseTemplateBehavior [ RunTime:0.020465s ]
INFO: [ view_parse ] --END-- [ RunTime:0.020539s ]
INFO: [ view_filter ] --START--
INFO: Run Behavior\WriteHtmlCacheBehavior [ RunTime:0.001443s ]
INFO: [ view_filter ] --END-- [ RunTime:0.001485s ]
INFO: [ app_end ] --START--
INFO: Run Behavior\ShowPageTraceBehavior [ RunTime:0.001996s ]
INFO: [ app_end ] --END-- [ RunTime:0.002080s ]

[ 2017-05-08T16:11:15+08:00 ] 127.0.0.1 /tpg/admin.php/home/Adminform/adminout
INFO: [ app_init ] --START--
INFO: Run Behavior\BuildLiteBehavior [ RunTime:0.000013s ]
INFO: [ app_init ] --END-- [ RunTime:0.001018s ]
INFO: [ app_begin ] --START--
INFO: Run Behavior\ReadHtmlCacheBehavior [ RunTime:0.001363s ]
INFO: [ app_begin ] --END-- [ RunTime:0.001430s ]
INFO: [ app_end ] --START--
INFO: Run Behavior\ShowPageTraceBehavior [ RunTime:0.001492s ]
INFO: [ app_end ] --END-- [ RunTime:0.001563s ]

[ 2017-05-08T16:11:15+08:00 ] 127.0.0.1 /tpg/admin.php
INFO: [ app_init ] --START--
INFO: Run Behavior\BuildLiteBehavior [ RunTime:0.000013s ]
INFO: [ app_init ] --END-- [ RunTime:0.000974s ]
INFO: [ app_begin ] --START--
INFO: Run Behavior\ReadHtmlCacheBehavior [ RunTime:0.001470s ]
INFO: [ app_begin ] --END-- [ RunTime:0.001526s ]
INFO: [ view_parse ] --START--
INFO: [ template_filter ] --START--
INFO: Run Behavior\ContentReplaceBehavior [ RunTime:0.000049s ]
INFO: [ template_filter ] --END-- [ RunTime:0.000118s ]
INFO: Run Behavior\ParseTemplateBehavior [ RunTime:0.016453s ]
INFO: [ view_parse ] --END-- [ RunTime:0.016524s ]
INFO: [ view_filter ] --START--
INFO: Run Behavior\WriteHtmlCacheBehavior [ RunTime:0.003532s ]
INFO: [ view_filter ] --END-- [ RunTime:0.003690s ]
INFO: [ app_end ] --START--
INFO: Run Behavior\ShowPageTraceBehavior [ RunTime:0.002412s ]
INFO: [ app_end ] --END-- [ RunTime:0.002501s ]

[ 2017-05-08T16:11:20+08:00 ] 127.0.0.1 /tpg/admin.php/home/adminform/indexdeal
INFO: [ app_init ] --START--
INFO: Run Behavior\BuildLiteBehavior [ RunTime:0.000022s ]
INFO: [ app_init ] --END-- [ RunTime:0.001559s ]
INFO: [ app_begin ] --START--
INFO: Run Behavior\ReadHtmlCacheBehavior [ RunTime:0.004387s ]
INFO: [ app_begin ] --END-- [ RunTime:0.004494s ]
SQL: SHOW COLUMNS FROM `travel_adminuers` [ RunTime:0.0508s ]
SQL: SELECT * FROM `travel_adminuers` WHERE ( adminemail='' ) LIMIT 1   [ RunTime:0.0005s ]
SQL: SELECT * FROM `travel_adminuers`  [ RunTime:0.0003s ]
INFO: [ app_end ] --START--
INFO: Run Behavior\ShowPageTraceBehavior [ RunTime:0.003615s ]
INFO: [ app_end ] --END-- [ RunTime:0.003695s ]

[ 2017-05-08T16:13:05+08:00 ] 127.0.0.1 /tpg/admin.php
INFO: [ app_init ] --START--
INFO: Run Behavior\BuildLiteBehavior [ RunTime:0.000013s ]
INFO: [ app_init ] --END-- [ RunTime:0.000999s ]
INFO: [ app_begin ] --START--
INFO: Run Behavior\ReadHtmlCacheBehavior [ RunTime:0.003573s ]
INFO: [ app_begin ] --END-- [ RunTime:0.003675s ]
INFO: [ view_parse ] --START--
INFO: [ template_filter ] --START--
INFO: Run Behavior\ContentReplaceBehavior [ RunTime:0.000085s ]
INFO: [ template_filter ] --END-- [ RunTime:0.000182s ]
INFO: Run Behavior\ParseTemplateBehavior [ RunTime:0.017156s ]
INFO: [ view_parse ] --END-- [ RunTime:0.017223s ]
INFO: [ view_filter ] --START--
INFO: Run Behavior\WriteHtmlCacheBehavior [ RunTime:0.001522s ]
INFO: [ view_filter ] --END-- [ RunTime:0.001614s ]
INFO: [ app_end ] --START--
INFO: Run Behavior\ShowPageTraceBehavior [ RunTime:0.003268s ]
INFO: [ app_end ] --END-- [ RunTime:0.003346s ]

[ 2017-05-08T16:13:15+08:00 ] 127.0.0.1 /tpg/admin.php/home/adminform/indexdeal
INFO: [ app_init ] --START--
INFO: Run Behavior\BuildLiteBehavior [ RunTime:0.000021s ]
INFO: [ app_init ] --END-- [ RunTime:0.005432s ]
INFO: [ app_begin ] --START--
INFO: Run Behavior\ReadHtmlCacheBehavior [ RunTime:0.002150s ]
INFO: [ app_begin ] --END-- [ RunTime:0.002271s ]
SQL: SHOW COLUMNS FROM `travel_adminuers` [ RunTime:0.0159s ]
SQL: SELECT * FROM `travel_adminuers` WHERE ( adminemail='1591631526@qq.com' ) LIMIT 1   [ RunTime:0.0004s ]
SQL: SELECT * FROM `travel_adminuers`  [ RunTime:0.0003s ]
INFO: [ view_parse ] --START--
INFO: [ template_filter ] --START--
INFO: Run Behavior\ContentReplaceBehavior [ RunTime:0.000104s ]
INFO: [ template_filter ] --END-- [ RunTime:0.000154s ]
INFO: Run Behavior\ParseTemplateBehavior [ RunTime:0.045331s ]
INFO: [ view_parse ] --END-- [ RunTime:0.045426s ]
INFO: [ view_filter ] --START--
INFO: Run Behavior\WriteHtmlCacheBehavior [ RunTime:0.001618s ]
INFO: [ view_filter ] --END-- [ RunTime:0.001678s ]
INFO: [ app_end ] --START--
INFO: Run Behavior\ShowPageTraceBehavior [ RunTime:0.003074s ]
INFO: [ app_end ] --END-- [ RunTime:0.003201s ]

[ 2017-05-08T16:13:18+08:00 ] 127.0.0.1 /tpg/admin.php/home/index/admincalendar
INFO: [ app_init ] --START--
INFO: Run Behavior\BuildLiteBehavior [ RunTime:0.000086s ]
INFO: [ app_init ] --END-- [ RunTime:0.001996s ]
INFO: [ app_begin ] --START--
INFO: Run Behavior\ReadHtmlCacheBehavior [ RunTime:0.005433s ]
INFO: [ app_begin ] --END-- [ RunTime:0.005523s ]
INFO: [ view_parse ] --START--
INFO: [ template_filter ] --START--
INFO: Run Behavior\ContentReplaceBehavior [ RunTime:0.000154s ]
INFO: [ template_filter ] --END-- [ RunTime:0.000228s ]
INFO: Run Behavior\ParseTemplateBehavior [ RunTime:0.028444s ]
INFO: [ view_parse ] --END-- [ RunTime:0.028548s ]
INFO: [ view_filter ] --START--
INFO: Run Behavior\WriteHtmlCacheBehavior [ RunTime:0.001901s ]
INFO: [ view_filter ] --END-- [ RunTime:0.002108s ]
INFO: [ app_end ] --START--
INFO: Run Behavior\ShowPageTraceBehavior [ RunTime:0.003979s ]
INFO: [ app_end ] --END-- [ RunTime:0.004101s ]

[ 2017-05-08T16:18:30+08:00 ] 127.0.0.1 /tpg/admin.php/home/index/admincalendar
INFO: [ app_init ] --START--
INFO: Run Behavior\BuildLiteBehavior [ RunTime:0.000018s ]
INFO: [ app_init ] --END-- [ RunTime:0.001805s ]
INFO: [ app_begin ] --START--
INFO: Run Behavior\ReadHtmlCacheBehavior [ RunTime:0.002275s ]
INFO: [ app_begin ] --END-- [ RunTime:0.002368s ]
INFO: [ view_parse ] --START--
INFO: [ template_filter ] --START--
INFO: Run Behavior\ContentReplaceBehavior [ RunTime:0.000091s ]
INFO: [ template_filter ] --END-- [ RunTime:0.000140s ]
INFO: Run Behavior\ParseTemplateBehavior [ RunTime:0.229017s ]
INFO: [ view_parse ] --END-- [ RunTime:0.229131s ]
INFO: [ view_filter ] --START--
INFO: Run Behavior\WriteHtmlCacheBehavior [ RunTime:0.002820s ]
INFO: [ view_filter ] --END-- [ RunTime:0.002917s ]
INFO: [ app_end ] --START--
INFO: Run Behavior\ShowPageTraceBehavior [ RunTime:0.002710s ]
INFO: [ app_end ] --END-- [ RunTime:0.002907s ]

[ 2017-05-08T16:18:37+08:00 ] 127.0.0.1 /tpg/admin.php/home/index/admincalendar
INFO: [ app_init ] --START--
INFO: Run Behavior\BuildLiteBehavior [ RunTime:0.000025s ]
INFO: [ app_init ] --END-- [ RunTime:0.002040s ]
INFO: [ app_begin ] --START--
INFO: Run Behavior\ReadHtmlCacheBehavior [ RunTime:0.001944s ]
INFO: [ app_begin ] --END-- [ RunTime:0.002017s ]
INFO: [ view_parse ] --START--
INFO: [ template_filter ] --START--
INFO: Run Behavior\ContentReplaceBehavior [ RunTime:0.000154s ]
INFO: [ template_filter ] --END-- [ RunTime:0.000236s ]
INFO: Run Behavior\ParseTemplateBehavior [ RunTime:0.030966s ]
INFO: [ view_parse ] --END-- [ RunTime:0.031070s ]
INFO: [ view_filter ] --START--
INFO: Run Behavior\WriteHtmlCacheBehavior [ RunTime:0.002946s ]
INFO: [ view_filter ] --END-- [ RunTime:0.003022s ]
INFO: [ app_end ] --START--
INFO: Run Behavior\ShowPageTraceBehavior [ RunTime:0.003327s ]
INFO: [ app_end ] --END-- [ RunTime:0.003509s ]

[ 2017-05-08T16:18:41+08:00 ] 127.0.0.1 /tpg/admin.php/home/index/admincalendar
INFO: [ app_init ] --START--
INFO: Run Behavior\BuildLiteBehavior [ RunTime:0.000071s ]
INFO: [ app_init ] --END-- [ RunTime:0.003328s ]
INFO: [ app_begin ] --START--
INFO: Run Behavior\ReadHtmlCacheBehavior [ RunTime:0.003013s ]
INFO: [ app_begin ] --END-- [ RunTime:0.003104s ]
INFO: [ view_parse ] --START--
INFO: [ template_filter ] --START--
INFO: Run Behavior\ContentReplaceBehavior [ RunTime:0.000138s ]
INFO: [ template_filter ] --END-- [ RunTime:0.000201s ]
INFO: Run Behavior\ParseTemplateBehavior [ RunTime:0.024526s ]
INFO: [ view_parse ] --END-- [ RunTime:0.024599s ]
INFO: [ view_filter ] --START--
INFO: Run Behavior\WriteHtmlCacheBehavior [ RunTime:0.003557s ]
INFO: [ view_filter ] --END-- [ RunTime:0.003641s ]
INFO: [ app_end ] --START--
INFO: Run Behavior\ShowPageTraceBehavior [ RunTime:0.004624s ]
INFO: [ app_end ] --END-- [ RunTime:0.004739s ]

[ 2017-05-08T16:18:43+08:00 ] 127.0.0.1 /tpg/admin.php/home/index/admincalendar
INFO: [ app_init ] --START--
INFO: Run Behavior\BuildLiteBehavior [ RunTime:0.000016s ]
INFO: [ app_init ] --END-- [ RunTime:0.001090s ]
INFO: [ app_begin ] --START--
INFO: Run Behavior\ReadHtmlCacheBehavior [ RunTime:0.001627s ]
INFO: [ app_begin ] --END-- [ RunTime:0.001679s ]
INFO: [ view_parse ] --START--
INFO: [ template_filter ] --START--
INFO: Run Behavior\ContentReplaceBehavior [ RunTime:0.000097s ]
INFO: [ template_filter ] --END-- [ RunTime:0.000150s ]
INFO: Run Behavior\ParseTemplateBehavior [ RunTime:0.021486s ]
INFO: [ view_parse ] --END-- [ RunTime:0.021563s ]
INFO: [ view_filter ] --START--
INFO: Run Behavior\WriteHtmlCacheBehavior [ RunTime:0.001443s ]
INFO: [ view_filter ] --END-- [ RunTime:0.001488s ]
INFO: [ app_end ] --START--
INFO: Run Behavior\ShowPageTraceBehavior [ RunTime:0.002537s ]
INFO: [ app_end ] --END-- [ RunTime:0.002616s ]

[ 2017-05-08T16:19:00+08:00 ] 127.0.0.1 /tpg/admin.php/home/index/admincalendar
INFO: [ app_init ] --START--
INFO: Run Behavior\BuildLiteBehavior [ RunTime:0.000021s ]
INFO: [ app_init ] --END-- [ RunTime:0.002851s ]
INFO: [ app_begin ] --START--
INFO: Run Behavior\ReadHtmlCacheBehavior [ RunTime:0.003146s ]
INFO: [ app_begin ] --END-- [ RunTime:0.003256s ]
INFO: [ view_parse ] --START--
INFO: [ template_filter ] --START--
INFO: Run Behavior\ContentReplaceBehavior [ RunTime:0.000563s ]
INFO: [ template_filter ] --END-- [ RunTime:0.000670s ]
INFO: Run Behavior\ParseTemplateBehavior [ RunTime:0.065778s ]
INFO: [ view_parse ] --END-- [ RunTime:0.065913s ]
INFO: [ view_filter ] --START--
INFO: Run Behavior\WriteHtmlCacheBehavior [ RunTime:0.003916s ]
INFO: [ view_filter ] --END-- [ RunTime:0.004011s ]
INFO: [ app_end ] --START--
INFO: Run Behavior\ShowPageTraceBehavior [ RunTime:0.003839s ]
INFO: [ app_end ] --END-- [ RunTime:0.004043s ]

[ 2017-05-08T16:19:11+08:00 ] 127.0.0.1 /tpg/admin.php/home/index/admincalendar
INFO: [ app_init ] --START--
INFO: Run Behavior\BuildLiteBehavior [ RunTime:0.000012s ]
INFO: [ app_init ] --END-- [ RunTime:0.001051s ]
INFO: [ app_begin ] --START--
INFO: Run Behavior\ReadHtmlCacheBehavior [ RunTime:0.001768s ]
INFO: [ app_begin ] --END-- [ RunTime:0.001836s ]
INFO: [ view_parse ] --START--
INFO: [ template_filter ] --START--
INFO: Run Behavior\ContentReplaceBehavior [ RunTime:0.000141s ]
INFO: [ template_filter ] --END-- [ RunTime:0.000219s ]
INFO: Run Behavior\ParseTemplateBehavior [ RunTime:0.019061s ]
INFO: [ view_parse ] --END-- [ RunTime:0.019121s ]
INFO: [ view_filter ] --START--
INFO: Run Behavior\WriteHtmlCacheBehavior [ RunTime:0.001320s ]
INFO: [ view_filter ] --END-- [ RunTime:0.001361s ]
INFO: [ app_end ] --START--
INFO: Run Behavior\ShowPageTraceBehavior [ RunTime:0.003865s ]
INFO: [ app_end ] --END-- [ RunTime:0.003970s ]

[ 2017-05-08T16:19:44+08:00 ] 127.0.0.1 /tpg/admin.php/home/index/admincalendar
INFO: [ app_init ] --START--
INFO: Run Behavior\BuildLiteBehavior [ RunTime:0.000030s ]
INFO: [ app_init ] --END-- [ RunTime:0.002228s ]
INFO: [ app_begin ] --START--
INFO: Run Behavior\ReadHtmlCacheBehavior [ RunTime:0.001727s ]
INFO: [ app_begin ] --END-- [ RunTime:0.001797s ]
INFO: [ view_parse ] --START--
INFO: [ template_filter ] --START--
INFO: Run Behavior\ContentReplaceBehavior [ RunTime:0.000174s ]
INFO: [ template_filter ] --END-- [ RunTime:0.000283s ]
INFO: Run Behavior\ParseTemplateBehavior [ RunTime:0.023845s ]
INFO: [ view_parse ] --END-- [ RunTime:0.023943s ]
INFO: [ view_filter ] --START--
INFO: Run Behavior\WriteHtmlCacheBehavior [ RunTime:0.001425s ]
INFO: [ view_filter ] --END-- [ RunTime:0.001471s ]
INFO: [ app_end ] --START--
INFO: Run Behavior\ShowPageTraceBehavior [ RunTime:0.004641s ]
INFO: [ app_end ] --END-- [ RunTime:0.004773s ]

[ 2017-05-08T16:19:46+08:00 ] 127.0.0.1 /tpg/admin.php/home/index/admincalendar
INFO: [ app_init ] --START--
INFO: Run Behavior\BuildLiteBehavior [ RunTime:0.000028s ]
INFO: [ app_init ] --END-- [ RunTime:0.001718s ]
INFO: [ app_begin ] --START--
INFO: Run Behavior\ReadHtmlCacheBehavior [ RunTime:0.001798s ]
INFO: [ app_begin ] --END-- [ RunTime:0.001913s ]
INFO: [ view_parse ] --START--
INFO: [ template_filter ] --START--
INFO: Run Behavior\ContentReplaceBehavior [ RunTime:0.000170s ]
INFO: [ template_filter ] --END-- [ RunTime:0.000295s ]
INFO: Run Behavior\ParseTemplateBehavior [ RunTime:0.027046s ]
INFO: [ view_parse ] --END-- [ RunTime:0.027118s ]
INFO: [ view_filter ] --START--
INFO: Run Behavior\WriteHtmlCacheBehavior [ RunTime:0.001678s ]
INFO: [ view_filter ] --END-- [ RunTime:0.001732s ]
INFO: [ app_end ] --START--
INFO: Run Behavior\ShowPageTraceBehavior [ RunTime:0.002991s ]
INFO: [ app_end ] --END-- [ RunTime:0.003313s ]

[ 2017-05-08T16:19:48+08:00 ] 127.0.0.1 /tpg/admin.php/home/index/admincalendar
INFO: [ app_init ] --START--
INFO: Run Behavior\BuildLiteBehavior [ RunTime:0.000019s ]
INFO: [ app_init ] --END-- [ RunTime:0.001794s ]
INFO: [ app_begin ] --START--
INFO: Run Behavior\ReadHtmlCacheBehavior [ RunTime:0.001803s ]
INFO: [ app_begin ] --END-- [ RunTime:0.001874s ]
INFO: [ view_parse ] --START--
INFO: [ template_filter ] --START--
INFO: Run Behavior\ContentReplaceBehavior [ RunTime:0.000121s ]
INFO: [ template_filter ] --END-- [ RunTime:0.000176s ]
INFO: Run Behavior\ParseTemplateBehavior [ RunTime:0.022863s ]
INFO: [ view_parse ] --END-- [ RunTime:0.022957s ]
INFO: [ view_filter ] --START--
INFO: Run Behavior\WriteHtmlCacheBehavior [ RunTime:0.001751s ]
INFO: [ view_filter ] --END-- [ RunTime:0.001823s ]
INFO: [ app_end ] --START--
INFO: Run Behavior\ShowPageTraceBehavior [ RunTime:0.002628s ]
INFO: [ app_end ] --END-- [ RunTime:0.002737s ]

[ 2017-05-08T16:20:18+08:00 ] 127.0.0.1 /tpg/admin.php/home/index/admincalendar
INFO: [ app_init ] --START--
INFO: Run Behavior\BuildLiteBehavior [ RunTime:0.000015s ]
INFO: [ app_init ] --END-- [ RunTime:0.001191s ]
INFO: [ app_begin ] --START--
INFO: Run Behavior\ReadHtmlCacheBehavior [ RunTime:0.001627s ]
INFO: [ app_begin ] --END-- [ RunTime:0.001685s ]
INFO: [ view_parse ] --START--
INFO: [ template_filter ] --START--
INFO: Run Behavior\ContentReplaceBehavior [ RunTime:0.000084s ]
INFO: [ template_filter ] --END-- [ RunTime:0.000133s ]
INFO: Run Behavior\ParseTemplateBehavior [ RunTime:0.021015s ]
INFO: [ view_parse ] --END-- [ RunTime:0.021084s ]
INFO: [ view_filter ] --START--
INFO: Run Behavior\WriteHtmlCacheBehavior [ RunTime:0.001460s ]
INFO: [ view_filter ] --END-- [ RunTime:0.001507s ]
INFO: [ app_end ] --START--
INFO: Run Behavior\ShowPageTraceBehavior [ RunTime:0.002541s ]
INFO: [ app_end ] --END-- [ RunTime:0.002727s ]

[ 2017-05-08T16:20:49+08:00 ] 127.0.0.1 /tpg/admin.php/home/index/admincalendar
INFO: [ app_init ] --START--
INFO: Run Behavior\BuildLiteBehavior [ RunTime:0.000013s ]
INFO: [ app_init ] --END-- [ RunTime:0.001066s ]
INFO: [ app_begin ] --START--
INFO: Run Behavior\ReadHtmlCacheBehavior [ RunTime:0.001691s ]
INFO: [ app_begin ] --END-- [ RunTime:0.001743s ]
INFO: [ view_parse ] --START--
INFO: [ template_filter ] --START--
INFO: Run Behavior\ContentReplaceBehavior [ RunTime:0.000086s ]
INFO: [ template_filter ] --END-- [ RunTime:0.000131s ]
INFO: Run Behavior\ParseTemplateBehavior [ RunTime:0.031895s ]
INFO: [ view_parse ] --END-- [ RunTime:0.031956s ]
INFO: [ view_filter ] --START--
INFO: Run Behavior\WriteHtmlCacheBehavior [ RunTime:0.001422s ]
INFO: [ view_filter ] --END-- [ RunTime:0.001464s ]
INFO: [ app_end ] --START--
INFO: Run Behavior\ShowPageTraceBehavior [ RunTime:0.002198s ]
INFO: [ app_end ] --END-- [ RunTime:0.002269s ]

[ 2017-05-08T16:25:41+08:00 ] 127.0.0.1 /tpg/admin.php/home/index/admincalendar
INFO: [ app_init ] --START--
INFO: Run Behavior\BuildLiteBehavior [ RunTime:0.000014s ]
INFO: [ app_init ] --END-- [ RunTime:0.001005s ]
INFO: [ app_begin ] --START--
INFO: Run Behavior\ReadHtmlCacheBehavior [ RunTime:0.001951s ]
INFO: [ app_begin ] --END-- [ RunTime:0.002065s ]
INFO: [ view_parse ] --START--
INFO: [ template_filter ] --START--
INFO: Run Behavior\ContentReplaceBehavior [ RunTime:0.000086s ]
INFO: [ template_filter ] --END-- [ RunTime:0.000135s ]
INFO: Run Behavior\ParseTemplateBehavior [ RunTime:0.024908s ]
INFO: [ view_parse ] --END-- [ RunTime:0.024973s ]
INFO: [ view_filter ] --START--
INFO: Run Behavior\WriteHtmlCacheBehavior [ RunTime:0.002056s ]
INFO: [ view_filter ] --END-- [ RunTime:0.002138s ]
INFO: [ app_end ] --START--
INFO: Run Behavior\ShowPageTraceBehavior [ RunTime:0.002639s ]
INFO: [ app_end ] --END-- [ RunTime:0.002716s ]

[ 2017-05-08T16:26:17+08:00 ] 127.0.0.1 /tpg/admin.php/home/index/admincalendar
INFO: [ app_init ] --START--
INFO: Run Behavior\BuildLiteBehavior [ RunTime:0.000027s ]
INFO: [ app_init ] --END-- [ RunTime:0.001542s ]
INFO: [ app_begin ] --START--
INFO: Run Behavior\ReadHtmlCacheBehavior [ RunTime:0.001791s ]
INFO: [ app_begin ] --END-- [ RunTime:0.001856s ]
INFO: [ view_parse ] --START--
INFO: [ template_filter ] --START--
INFO: Run Behavior\ContentReplaceBehavior [ RunTime:0.000099s ]
INFO: [ template_filter ] --END-- [ RunTime:0.000156s ]
INFO: Run Behavior\ParseTemplateBehavior [ RunTime:0.023406s ]
INFO: [ view_parse ] --END-- [ RunTime:0.023514s ]
INFO: [ view_filter ] --START--
INFO: Run Behavior\WriteHtmlCacheBehavior [ RunTime:0.001179s ]
INFO: [ view_filter ] --END-- [ RunTime:0.001237s ]
INFO: [ app_end ] --START--
INFO: Run Behavior\ShowPageTraceBehavior [ RunTime:0.003144s ]
INFO: [ app_end ] --END-- [ RunTime:0.003523s ]

[ 2017-05-08T16:26:59+08:00 ] 127.0.0.1 /tpg/admin.php/home/index/admincalendar
INFO: [ app_init ] --START--
INFO: Run Behavior\BuildLiteBehavior [ RunTime:0.000015s ]
INFO: [ app_init ] --END-- [ RunTime:0.001414s ]
INFO: [ app_begin ] --START--
INFO: Run Behavior\ReadHtmlCacheBehavior [ RunTime:0.001577s ]
INFO: [ app_begin ] --END-- [ RunTime:0.001632s ]
INFO: [ view_parse ] --START--
INFO: [ template_filter ] --START--
INFO: Run Behavior\ContentReplaceBehavior [ RunTime:0.000185s ]
INFO: [ template_filter ] --END-- [ RunTime:0.000236s ]
INFO: Run Behavior\ParseTemplateBehavior [ RunTime:0.021926s ]
INFO: [ view_parse ] --END-- [ RunTime:0.022025s ]
INFO: [ view_filter ] --START--
INFO: Run Behavior\WriteHtmlCacheBehavior [ RunTime:0.001026s ]
INFO: [ view_filter ] --END-- [ RunTime:0.001070s ]
INFO: [ app_end ] --START--
INFO: Run Behavior\ShowPageTraceBehavior [ RunTime:0.005136s ]
INFO: [ app_end ] --END-- [ RunTime:0.005282s ]

[ 2017-05-08T16:45:31+08:00 ] 127.0.0.1 /tpg/admin.php
INFO: [ app_init ] --START--
INFO: Run Behavior\BuildLiteBehavior [ RunTime:0.000019s ]
INFO: [ app_init ] --END-- [ RunTime:0.001908s ]
INFO: [ app_begin ] --START--
INFO: Run Behavior\ReadHtmlCacheBehavior [ RunTime:0.001599s ]
INFO: [ app_begin ] --END-- [ RunTime:0.001659s ]
INFO: [ view_parse ] --START--
INFO: [ template_filter ] --START--
INFO: Run Behavior\ContentReplaceBehavior [ RunTime:0.000051s ]
INFO: [ template_filter ] --END-- [ RunTime:0.000113s ]
INFO: Run Behavior\ParseTemplateBehavior [ RunTime:0.045302s ]
INFO: [ view_parse ] --END-- [ RunTime:0.045375s ]
INFO: [ view_filter ] --START--
INFO: Run Behavior\WriteHtmlCacheBehavior [ RunTime:0.001369s ]
INFO: [ view_filter ] --END-- [ RunTime:0.001414s ]
INFO: [ app_end ] --START--
INFO: Run Behavior\ShowPageTraceBehavior [ RunTime:0.001553s ]
INFO: [ app_end ] --END-- [ RunTime:0.001603s ]

[ 2017-05-08T21:26:48+08:00 ] 127.0.0.1 /tpg/admin.php
INFO: [ app_init ] --START--
INFO: Run Behavior\BuildLiteBehavior [ RunTime:0.000021s ]
INFO: [ app_init ] --END-- [ RunTime:0.002688s ]
INFO: [ app_begin ] --START--
INFO: Run Behavior\ReadHtmlCacheBehavior [ RunTime:0.001699s ]
INFO: [ app_begin ] --END-- [ RunTime:0.001799s ]
INFO: [ view_parse ] --START--
INFO: [ template_filter ] --START--
INFO: Run Behavior\ContentReplaceBehavior [ RunTime:0.000075s ]
INFO: [ template_filter ] --END-- [ RunTime:0.000167s ]
INFO: Run Behavior\ParseTemplateBehavior [ RunTime:0.043081s ]
INFO: [ view_parse ] --END-- [ RunTime:0.043205s ]
INFO: [ view_filter ] --START--
INFO: Run Behavior\WriteHtmlCacheBehavior [ RunTime:0.001335s ]
INFO: [ view_filter ] --END-- [ RunTime:0.001417s ]
INFO: [ app_end ] --START--
INFO: Run Behavior\ShowPageTraceBehavior [ RunTime:0.001893s ]
INFO: [ app_end ] --END-- [ RunTime:0.001947s ]

[ 2017-05-08T21:26:57+08:00 ] 127.0.0.1 /tpg/admin.php/home/adminform/indexdeal
INFO: [ app_init ] --START--
INFO: Run Behavior\BuildLiteBehavior [ RunTime:0.000016s ]
INFO: [ app_init ] --END-- [ RunTime:0.003339s ]
INFO: [ app_begin ] --START--
INFO: Run Behavior\ReadHtmlCacheBehavior [ RunTime:0.001799s ]
INFO: [ app_begin ] --END-- [ RunTime:0.001870s ]
SQL: SHOW COLUMNS FROM `travel_adminuers` [ RunTime:0.0481s ]
SQL: SELECT * FROM `travel_adminuers` WHERE ( adminemail='1591631526@qq.com' ) LIMIT 1   [ RunTime:0.0094s ]
SQL: SELECT * FROM `travel_adminuers`  [ RunTime:0.0006s ]
INFO: [ view_parse ] --START--
INFO: [ template_filter ] --START--
INFO: Run Behavior\ContentReplaceBehavior [ RunTime:0.000110s ]
INFO: [ template_filter ] --END-- [ RunTime:0.000163s ]
INFO: Run Behavior\ParseTemplateBehavior [ RunTime:0.070089s ]
INFO: [ view_parse ] --END-- [ RunTime:0.070167s ]
INFO: [ view_filter ] --START--
INFO: Run Behavior\WriteHtmlCacheBehavior [ RunTime:0.001993s ]
INFO: [ view_filter ] --END-- [ RunTime:0.002044s ]
INFO: [ app_end ] --START--
INFO: Run Behavior\ShowPageTraceBehavior [ RunTime:0.003148s ]
INFO: [ app_end ] --END-- [ RunTime:0.003303s ]

[ 2017-05-08T21:26:58+08:00 ] 127.0.0.1 /tpg/admin.php/home/adminform/assets/i/favicon.png
INFO: [ app_init ] --START--
INFO: Run Behavior\BuildLiteBehavior [ RunTime:0.000034s ]
INFO: [ app_init ] --END-- [ RunTime:0.001727s ]

[ 2017-05-08T21:27:02+08:00 ] 127.0.0.1 /tpg/admin.php/home/index/admincalendar
INFO: [ app_init ] --START--
INFO: Run Behavior\BuildLiteBehavior [ RunTime:0.000029s ]
INFO: [ app_init ] --END-- [ RunTime:0.001401s ]
INFO: [ app_begin ] --START--
INFO: Run Behavior\ReadHtmlCacheBehavior [ RunTime:0.002501s ]
INFO: [ app_begin ] --END-- [ RunTime:0.002577s ]
INFO: [ view_parse ] --START--
INFO: [ template_filter ] --START--
INFO: Run Behavior\ContentReplaceBehavior [ RunTime:0.000080s ]
INFO: [ template_filter ] --END-- [ RunTime:0.000122s ]
INFO: Run Behavior\ParseTemplateBehavior [ RunTime:0.032109s ]
INFO: [ view_parse ] --END-- [ RunTime:0.032174s ]
INFO: [ view_filter ] --START--
INFO: Run Behavior\WriteHtmlCacheBehavior [ RunTime:0.002935s ]
INFO: [ view_filter ] --END-- [ RunTime:0.002990s ]
INFO: [ app_end ] --START--
INFO: Run Behavior\ShowPageTraceBehavior [ RunTime:0.003261s ]
INFO: [ app_end ] --END-- [ RunTime:0.003345s ]

[ 2017-05-08T21:27:02+08:00 ] 127.0.0.1 /tpg/admin.php/home/index/assets/i/favicon.png
INFO: [ app_init ] --START--
INFO: Run Behavior\BuildLiteBehavior [ RunTime:0.000021s ]
INFO: [ app_init ] --END-- [ RunTime:0.001748s ]

[ 2017-05-08T21:27:10+08:00 ] 127.0.0.1 /tpg/admin.php/home/index/adminform
INFO: [ app_init ] --START--
INFO: Run Behavior\BuildLiteBehavior [ RunTime:0.000014s ]
INFO: [ app_init ] --END-- [ RunTime:0.001344s ]
INFO: [ app_begin ] --START--
INFO: Run Behavior\ReadHtmlCacheBehavior [ RunTime:0.001826s ]
INFO: [ app_begin ] --END-- [ RunTime:0.001895s ]
INFO: [ view_parse ] --START--
INFO: [ template_filter ] --START--
INFO: Run Behavior\ContentReplaceBehavior [ RunTime:0.000236s ]
INFO: [ template_filter ] --END-- [ RunTime:0.000313s ]
INFO: Run Behavior\ParseTemplateBehavior [ RunTime:0.042397s ]
INFO: [ view_parse ] --END-- [ RunTime:0.042467s ]
INFO: [ view_filter ] --START--
INFO: Run Behavior\WriteHtmlCacheBehavior [ RunTime:0.001344s ]
INFO: [ view_filter ] --END-- [ RunTime:0.001384s ]
INFO: [ app_end ] --START--
INFO: Run Behavior\ShowPageTraceBehavior [ RunTime:0.005482s ]
INFO: [ app_end ] --END-- [ RunTime:0.005663s ]

[ 2017-05-08T21:27:24+08:00 ] 127.0.0.1 /tpg/admin.php/home/index/admintableimg
INFO: [ app_init ] --START--
INFO: Run Behavior\BuildLiteBehavior [ RunTime:0.000016s ]
INFO: [ app_init ] --END-- [ RunTime:0.001448s ]
INFO: [ app_begin ] --START--
INFO: Run Behavior\ReadHtmlCacheBehavior [ RunTime:0.001759s ]
INFO: [ app_begin ] --END-- [ RunTime:0.001819s ]
SQL: SHOW COLUMNS FROM `travel_jingdian` [ RunTime:0.0226s ]
SQL: SELECT COUNT(*) AS tp_count FROM `travel_jingdian` LIMIT 1   [ RunTime:0.0769s ]
SQL: SELECT * FROM `travel_jingdian` LIMIT 0,5   [ RunTime:0.0004s ]
INFO: [ view_parse ] --START--
INFO: [ template_filter ] --START--
INFO: Run Behavior\ContentReplaceBehavior [ RunTime:0.000177s ]
INFO: [ template_filter ] --END-- [ RunTime:0.000242s ]
INFO: Run Behavior\ParseTemplateBehavior [ RunTime:0.035848s ]
INFO: [ view_parse ] --END-- [ RunTime:0.035933s ]
INFO: [ view_filter ] --START--
INFO: Run Behavior\WriteHtmlCacheBehavior [ RunTime:0.002835s ]
INFO: [ view_filter ] --END-- [ RunTime:0.002976s ]
INFO: [ app_end ] --START--
INFO: Run Behavior\ShowPageTraceBehavior [ RunTime:0.002050s ]
INFO: [ app_end ] --END-- [ RunTime:0.002136s ]

[ 2017-05-08T21:27:24+08:00 ] 127.0.0.1 /tpg/admin.php/home/index/%7B%7Bone.jingdian_image%7D%7D
INFO: [ app_init ] --START--
INFO: Run Behavior\BuildLiteBehavior [ RunTime:0.000022s ]
INFO: [ app_init ] --END-- [ RunTime:0.001421s ]
INFO: [ app_begin ] --START--
INFO: Run Behavior\ReadHtmlCacheBehavior [ RunTime:0.001773s ]
INFO: [ app_begin ] --END-- [ RunTime:0.001845s ]
ERR: 非法操作:{{one.jingdian_image}}

[ 2017-05-08T21:27:24+08:00 ] 127.0.0.1 /tpg/admin.php/Home/Index/pageimg
INFO: [ app_init ] --START--
INFO: Run Behavior\BuildLiteBehavior [ RunTime:0.000016s ]
INFO: [ app_init ] --END-- [ RunTime:0.001567s ]
INFO: [ app_begin ] --START--
INFO: Run Behavior\ReadHtmlCacheBehavior [ RunTime:0.001938s ]
INFO: [ app_begin ] --END-- [ RunTime:0.002006s ]
SQL: SHOW COLUMNS FROM `travel_jingdian` [ RunTime:0.0283s ]
SQL: SELECT * FROM `travel_jingdian`  [ RunTime:0.0009s ]

[ 2017-05-08T21:29:07+08:00 ] 127.0.0.1 /tpg/admin.php/home/index/admintables
INFO: [ app_init ] --START--
INFO: Run Behavior\BuildLiteBehavior [ RunTime:0.000017s ]
INFO: [ app_init ] --END-- [ RunTime:0.001297s ]
INFO: [ app_begin ] --START--
INFO: Run Behavior\ReadHtmlCacheBehavior [ RunTime:0.002720s ]
INFO: [ app_begin ] --END-- [ RunTime:0.002797s ]
SQL: SHOW COLUMNS FROM `travel_jingdian` [ RunTime:0.0248s ]
SQL: SELECT * FROM `travel_jingdian`  [ RunTime:0.0009s ]
SQL: SHOW COLUMNS FROM `travel_users` [ RunTime:0.0205s ]
SQL: SELECT * FROM `travel_users`  [ RunTime:0.0005s ]
SQL: SHOW COLUMNS FROM `travel_meishi` [ RunTime:0.0204s ]
SQL: SELECT * FROM `travel_meishi`  [ RunTime:0.0006s ]
SQL: SHOW COLUMNS FROM `travel_xianlu` [ RunTime:0.0229s ]
SQL: SELECT * FROM `travel_xianlu`  [ RunTime:0.0004s ]
SQL: SHOW COLUMNS FROM `travel_jiudian` [ RunTime:0.0215s ]
SQL: SELECT * FROM `travel_jiudian`  [ RunTime:0.0004s ]
SQL: SHOW COLUMNS FROM `travel_pinglun` [ RunTime:0.0196s ]
SQL: SELECT * FROM `travel_pinglun`  [ RunTime:0.0004s ]
SQL: SELECT * FROM `travel_jingdian` WHERE ( jingdian_id='6' ) LIMIT 1   [ RunTime:0.0106s ]
SQL: SELECT * FROM `travel_jingdian` WHERE ( jingdian_id='10' ) LIMIT 1   [ RunTime:0.0028s ]
SQL: SELECT * FROM `travel_jingdian` WHERE ( jingdian_id='9' ) LIMIT 1   [ RunTime:0.0004s ]
SQL: SELECT * FROM `travel_jingdian` WHERE ( jingdian_id='24' ) LIMIT 1   [ RunTime:0.0007s ]
SQL: SELECT * FROM `travel_jingdian` WHERE ( jingdian_id='24' ) LIMIT 1   [ RunTime:0.0005s ]
SQL: SHOW COLUMNS FROM `travel_message` [ RunTime:0.0310s ]
SQL: SELECT * FROM `travel_message`  [ RunTime:0.0007s ]
INFO: [ view_parse ] --START--
INFO: [ template_filter ] --START--
INFO: Run Behavior\ContentReplaceBehavior [ RunTime:0.000221s ]
INFO: [ template_filter ] --END-- [ RunTime:0.000282s ]
INFO: Run Behavior\ParseTemplateBehavior [ RunTime:0.066804s ]
INFO: [ view_parse ] --END-- [ RunTime:0.066878s ]
INFO: [ view_filter ] --START--
INFO: Run Behavior\WriteHtmlCacheBehavior [ RunTime:0.001979s ]
INFO: [ view_filter ] --END-- [ RunTime:0.002029s ]
INFO: [ app_end ] --START--
INFO: Run Behavior\ShowPageTraceBehavior [ RunTime:0.005319s ]
INFO: [ app_end ] --END-- [ RunTime:0.005439s ]

[ 2017-05-08T21:30:48+08:00 ] 127.0.0.1 /tpg/admin.php/home/index/admintablelist
INFO: [ app_init ] --START--
INFO: Run Behavior\BuildLiteBehavior [ RunTime:0.000015s ]
INFO: [ app_init ] --END-- [ RunTime:0.001239s ]
INFO: [ app_begin ] --START--
INFO: Run Behavior\ReadHtmlCacheBehavior [ RunTime:0.002105s ]
INFO: [ app_begin ] --END-- [ RunTime:0.002164s ]
SQL: SHOW COLUMNS FROM `travel_jingdian` [ RunTime:0.0194s ]
SQL: SELECT COUNT(*) AS tp_count FROM `travel_jingdian` LIMIT 1   [ RunTime:0.0006s ]
SQL: SELECT * FROM `travel_jingdian` LIMIT 0,5   [ RunTime:0.0008s ]
INFO: [ view_parse ] --START--
INFO: [ template_filter ] --START--
INFO: Run Behavior\ContentReplaceBehavior [ RunTime:0.000153s ]
INFO: [ template_filter ] --END-- [ RunTime:0.000229s ]
INFO: Run Behavior\ParseTemplateBehavior [ RunTime:0.072058s ]
INFO: [ view_parse ] --END-- [ RunTime:0.072130s ]
INFO: [ view_filter ] --START--
INFO: Run Behavior\WriteHtmlCacheBehavior [ RunTime:0.001995s ]
INFO: [ view_filter ] --END-- [ RunTime:0.002058s ]
INFO: [ app_end ] --START--
INFO: Run Behavior\ShowPageTraceBehavior [ RunTime:0.002828s ]
INFO: [ app_end ] --END-- [ RunTime:0.002910s ]

[ 2017-05-08T21:30:56+08:00 ] 127.0.0.1 /tpg/admin.php/home/index/admintableimg
INFO: [ app_init ] --START--
INFO: Run Behavior\BuildLiteBehavior [ RunTime:0.000032s ]
INFO: [ app_init ] --END-- [ RunTime:0.001141s ]
INFO: [ app_begin ] --START--
INFO: Run Behavior\ReadHtmlCacheBehavior [ RunTime:0.001533s ]
INFO: [ app_begin ] --END-- [ RunTime:0.001601s ]
SQL: SHOW COLUMNS FROM `travel_jingdian` [ RunTime:0.0208s ]
SQL: SELECT COUNT(*) AS tp_count FROM `travel_jingdian` LIMIT 1   [ RunTime:0.0004s ]
SQL: SELECT * FROM `travel_jingdian` LIMIT 0,5   [ RunTime:0.0007s ]
INFO: [ view_parse ] --START--
INFO: [ template_filter ] --START--
INFO: Run Behavior\ContentReplaceBehavior [ RunTime:0.000121s ]
INFO: [ template_filter ] --END-- [ RunTime:0.000174s ]
INFO: Run Behavior\ParseTemplateBehavior [ RunTime:0.020488s ]
INFO: [ view_parse ] --END-- [ RunTime:0.020581s ]
INFO: [ view_filter ] --START--
INFO: Run Behavior\WriteHtmlCacheBehavior [ RunTime:0.001463s ]
INFO: [ view_filter ] --END-- [ RunTime:0.001511s ]
INFO: [ app_end ] --START--
INFO: Run Behavior\ShowPageTraceBehavior [ RunTime:0.002300s ]
INFO: [ app_end ] --END-- [ RunTime:0.002405s ]

[ 2017-05-08T21:30:56+08:00 ] 127.0.0.1 /tpg/admin.php/home/index/%7B%7Bone.jingdian_image%7D%7D
INFO: [ app_init ] --START--
INFO: Run Behavior\BuildLiteBehavior [ RunTime:0.000017s ]
INFO: [ app_init ] --END-- [ RunTime:0.001042s ]
INFO: [ app_begin ] --START--
INFO: Run Behavior\ReadHtmlCacheBehavior [ RunTime:0.002802s ]
INFO: [ app_begin ] --END-- [ RunTime:0.002867s ]
ERR: 非法操作:{{one.jingdian_image}}

[ 2017-05-08T21:30:56+08:00 ] 127.0.0.1 /tpg/admin.php/Home/Index/pageimg
INFO: [ app_init ] --START--
INFO: Run Behavior\BuildLiteBehavior [ RunTime:0.000021s ]
INFO: [ app_init ] --END-- [ RunTime:0.004126s ]
INFO: [ app_begin ] --START--
INFO: Run Behavior\ReadHtmlCacheBehavior [ RunTime:0.002507s ]
INFO: [ app_begin ] --END-- [ RunTime:0.002603s ]
SQL: SHOW COLUMNS FROM `travel_jingdian` [ RunTime:0.0246s ]
SQL: SELECT * FROM `travel_jingdian`  [ RunTime:0.0071s ]

[ 2017-05-08T21:32:14+08:00 ] 127.0.0.1 /tpg/admin.php
INFO: [ app_init ] --START--
INFO: Run Behavior\BuildLiteBehavior [ RunTime:0.000029s ]
INFO: [ app_init ] --END-- [ RunTime:0.001377s ]
INFO: [ app_begin ] --START--
INFO: Run Behavior\ReadHtmlCacheBehavior [ RunTime:0.004165s ]
INFO: [ app_begin ] --END-- [ RunTime:0.004263s ]
INFO: [ view_parse ] --START--
INFO: [ template_filter ] --START--
INFO: Run Behavior\ContentReplaceBehavior [ RunTime:0.000088s ]
INFO: [ template_filter ] --END-- [ RunTime:0.000194s ]
INFO: Run Behavior\ParseTemplateBehavior [ RunTime:0.036550s ]
INFO: [ view_parse ] --END-- [ RunTime:0.036757s ]
INFO: [ view_filter ] --START--
INFO: Run Behavior\WriteHtmlCacheBehavior [ RunTime:0.001513s ]
INFO: [ view_filter ] --END-- [ RunTime:0.001575s ]
INFO: [ app_end ] --START--
INFO: Run Behavior\ShowPageTraceBehavior [ RunTime:0.002475s ]
INFO: [ app_end ] --END-- [ RunTime:0.002602s ]

[ 2017-05-08T21:53:30+08:00 ] 127.0.0.1 /tpg/admin.php/home/Adminform/adminout
INFO: [ app_init ] --START--
INFO: Run Behavior\BuildLiteBehavior [ RunTime:0.000028s ]
INFO: [ app_init ] --END-- [ RunTime:0.001860s ]
INFO: [ app_begin ] --START--
INFO: Run Behavior\ReadHtmlCacheBehavior [ RunTime:0.001633s ]
INFO: [ app_begin ] --END-- [ RunTime:0.001717s ]
INFO: [ app_end ] --START--
INFO: Run Behavior\ShowPageTraceBehavior [ RunTime:0.001805s ]
INFO: [ app_end ] --END-- [ RunTime:0.001866s ]

[ 2017-05-08T21:53:30+08:00 ] 127.0.0.1 /tpg/admin.php
INFO: [ app_init ] --START--
INFO: Run Behavior\BuildLiteBehavior [ RunTime:0.000017s ]
INFO: [ app_init ] --END-- [ RunTime:0.001024s ]
INFO: [ app_begin ] --START--
INFO: Run Behavior\ReadHtmlCacheBehavior [ RunTime:0.003144s ]
INFO: [ app_begin ] --END-- [ RunTime:0.003253s ]
INFO: [ view_parse ] --START--
INFO: [ template_filter ] --START--
INFO: Run Behavior\ContentReplaceBehavior [ RunTime:0.000063s ]
INFO: [ template_filter ] --END-- [ RunTime:0.000147s ]
INFO: Run Behavior\ParseTemplateBehavior [ RunTime:0.017101s ]
INFO: [ view_parse ] --END-- [ RunTime:0.017177s ]
INFO: [ view_filter ] --START--
INFO: Run Behavior\WriteHtmlCacheBehavior [ RunTime:0.001296s ]
INFO: [ view_filter ] --END-- [ RunTime:0.001340s ]
INFO: [ app_end ] --START--
INFO: Run Behavior\ShowPageTraceBehavior [ RunTime:0.001704s ]
INFO: [ app_end ] --END-- [ RunTime:0.001755s ]

[ 2017-05-08T22:18:25+08:00 ] 127.0.0.1 /tpg/admin.php
INFO: [ app_init ] --START--
INFO: Run Behavior\BuildLiteBehavior [ RunTime:0.000022s ]
INFO: [ app_init ] --END-- [ RunTime:0.001428s ]
INFO: [ app_begin ] --START--
INFO: Run Behavior\ReadHtmlCacheBehavior [ RunTime:0.002498s ]
INFO: [ app_begin ] --END-- [ RunTime:0.002592s ]
INFO: [ view_parse ] --START--
INFO: [ template_filter ] --START--
INFO: Run Behavior\ContentReplaceBehavior [ RunTime:0.000089s ]
INFO: [ template_filter ] --END-- [ RunTime:0.000180s ]
INFO: Run Behavior\ParseTemplateBehavior [ RunTime:0.039228s ]
INFO: [ view_parse ] --END-- [ RunTime:0.039326s ]
INFO: [ view_filter ] --START--
INFO: Run Behavior\WriteHtmlCacheBehavior [ RunTime:0.003338s ]
INFO: [ view_filter ] --END-- [ RunTime:0.003406s ]
INFO: [ app_end ] --START--
INFO: Run Behavior\ShowPageTraceBehavior [ RunTime:0.002822s ]
INFO: [ app_end ] --END-- [ RunTime:0.002967s ]

