[ 2017-05-09T10:43:34+08:00 ] 127.0.0.1 /tpg/admin.php
INFO: [ app_init ] --START--
INFO: Run Behavior\BuildLiteBehavior [ RunTime:0.000013s ]
INFO: [ app_init ] --END-- [ RunTime:0.001009s ]
INFO: [ app_begin ] --START--
INFO: Run Behavior\ReadHtmlCacheBehavior [ RunTime:0.002038s ]
INFO: [ app_begin ] --END-- [ RunTime:0.002113s ]
INFO: [ view_parse ] --START--
INFO: [ template_filter ] --START--
INFO: Run Behavior\ContentReplaceBehavior [ RunTime:0.000046s ]
INFO: [ template_filter ] --END-- [ RunTime:0.000107s ]
INFO: Run Behavior\ParseTemplateBehavior [ RunTime:0.030092s ]
INFO: [ view_parse ] --END-- [ RunTime:0.030166s ]
INFO: [ view_filter ] --START--
INFO: Run Behavior\WriteHtmlCacheBehavior [ RunTime:0.001169s ]
INFO: [ view_filter ] --END-- [ RunTime:0.001211s ]
INFO: [ app_end ] --START--
INFO: Run Behavior\ShowPageTraceBehavior [ RunTime:0.001353s ]
INFO: [ app_end ] --END-- [ RunTime:0.001397s ]

[ 2017-05-09T12:14:47+08:00 ] 127.0.0.1 /tpg/admin.php
INFO: [ app_init ] --START--
INFO: Run Behavior\BuildLiteBehavior [ RunTime:0.000014s ]
INFO: [ app_init ] --END-- [ RunTime:0.001088s ]
INFO: [ app_begin ] --START--
INFO: Run Behavior\ReadHtmlCacheBehavior [ RunTime:0.001484s ]
INFO: [ app_begin ] --END-- [ RunTime:0.001554s ]
INFO: [ view_parse ] --START--
INFO: [ template_filter ] --START--
INFO: Run Behavior\ContentReplaceBehavior [ RunTime:0.000071s ]
INFO: [ template_filter ] --END-- [ RunTime:0.000141s ]
INFO: Run Behavior\ParseTemplateBehavior [ RunTime:0.010859s ]
INFO: [ view_parse ] --END-- [ RunTime:0.010931s ]
INFO: [ view_filter ] --START--
INFO: Run Behavior\WriteHtmlCacheBehavior [ RunTime:0.001179s ]
INFO: [ view_filter ] --END-- [ RunTime:0.001220s ]
INFO: [ app_end ] --START--
INFO: Run Behavior\ShowPageTraceBehavior [ RunTime:0.001417s ]
INFO: [ app_end ] --END-- [ RunTime:0.001460s ]

[ 2017-05-09T12:15:22+08:00 ] 127.0.0.1 /tpg/admin.php
INFO: [ app_init ] --START--
INFO: Run Behavior\BuildLiteBehavior [ RunTime:0.000014s ]
INFO: [ app_init ] --END-- [ RunTime:0.001206s ]
INFO: [ app_begin ] --START--
INFO: Run Behavior\ReadHtmlCacheBehavior [ RunTime:0.001649s ]
INFO: [ app_begin ] --END-- [ RunTime:0.001736s ]
INFO: [ view_parse ] --START--
INFO: [ template_filter ] --START--
INFO: Run Behavior\ContentReplaceBehavior [ RunTime:0.000060s ]
INFO: [ template_filter ] --END-- [ RunTime:0.000126s ]
INFO: Run Behavior\ParseTemplateBehavior [ RunTime:0.010393s ]
INFO: [ view_parse ] --END-- [ RunTime:0.010458s ]
INFO: [ view_filter ] --START--
INFO: Run Behavior\WriteHtmlCacheBehavior [ RunTime:0.001145s ]
INFO: [ view_filter ] --END-- [ RunTime:0.001184s ]
INFO: [ app_end ] --START--
INFO: Run Behavior\ShowPageTraceBehavior [ RunTime:0.001352s ]
INFO: [ app_end ] --END-- [ RunTime:0.001394s ]

[ 2017-05-09T14:43:46+08:00 ] 127.0.0.1 /tpg/admin.php/home/adminform/indexdeal
INFO: [ app_init ] --START--
INFO: Run Behavior\BuildLiteBehavior [ RunTime:0.000015s ]
INFO: [ app_init ] --END-- [ RunTime:0.001095s ]
INFO: [ app_begin ] --START--
INFO: Run Behavior\ReadHtmlCacheBehavior [ RunTime:0.001648s ]
INFO: [ app_begin ] --END-- [ RunTime:0.001732s ]
SQL: SHOW COLUMNS FROM `travel_adminuers` [ RunTime:0.0509s ]
SQL: SELECT * FROM `travel_adminuers` WHERE ( adminemail='1591631526@qq.com' ) LIMIT 1   [ RunTime:0.0004s ]
SQL: SELECT * FROM `travel_adminuers`  [ RunTime:0.0003s ]
INFO: [ app_end ] --START--
INFO: Run Behavior\ShowPageTraceBehavior [ RunTime:0.001728s ]
INFO: [ app_end ] --END-- [ RunTime:0.001798s ]

[ 2017-05-09T14:43:54+08:00 ] 127.0.0.1 /tpg/admin.php/home/adminform/indexdeal
INFO: [ app_init ] --START--
INFO: Run Behavior\BuildLiteBehavior [ RunTime:0.000026s ]
INFO: [ app_init ] --END-- [ RunTime:0.001123s ]
INFO: [ app_begin ] --START--
INFO: Run Behavior\ReadHtmlCacheBehavior [ RunTime:0.001315s ]
INFO: [ app_begin ] --END-- [ RunTime:0.001396s ]
SQL: SHOW COLUMNS FROM `travel_adminuers` [ RunTime:0.0057s ]
SQL: SELECT * FROM `travel_adminuers` WHERE ( adminemail='1591631526@qq.com' ) LIMIT 1   [ RunTime:0.0005s ]
SQL: SELECT * FROM `travel_adminuers`  [ RunTime:0.0004s ]
INFO: [ view_parse ] --START--
INFO: [ template_filter ] --START--
INFO: Run Behavior\ContentReplaceBehavior [ RunTime:0.000118s ]
INFO: [ template_filter ] --END-- [ RunTime:0.000166s ]
INFO: Run Behavior\ParseTemplateBehavior [ RunTime:0.044138s ]
INFO: [ view_parse ] --END-- [ RunTime:0.044210s ]
INFO: [ view_filter ] --START--
INFO: Run Behavior\WriteHtmlCacheBehavior [ RunTime:0.000967s ]
INFO: [ view_filter ] --END-- [ RunTime:0.001012s ]
INFO: [ app_end ] --START--
INFO: Run Behavior\ShowPageTraceBehavior [ RunTime:0.002205s ]
INFO: [ app_end ] --END-- [ RunTime:0.002296s ]

[ 2017-05-09T14:43:54+08:00 ] 127.0.0.1 /tpg/admin.php/home/adminform/assets/i/favicon.png
INFO: [ app_init ] --START--
INFO: Run Behavior\BuildLiteBehavior [ RunTime:0.000016s ]
INFO: [ app_init ] --END-- [ RunTime:0.001041s ]

[ 2017-05-09T14:44:06+08:00 ] 127.0.0.1 /tpg/admin.php/home/index/admintables
INFO: [ app_init ] --START--
INFO: Run Behavior\BuildLiteBehavior [ RunTime:0.000015s ]
INFO: [ app_init ] --END-- [ RunTime:0.000868s ]
INFO: [ app_begin ] --START--
INFO: Run Behavior\ReadHtmlCacheBehavior [ RunTime:0.001168s ]
INFO: [ app_begin ] --END-- [ RunTime:0.001225s ]
SQL: SHOW COLUMNS FROM `travel_jingdian` [ RunTime:0.0071s ]
SQL: SELECT * FROM `travel_jingdian`  [ RunTime:0.0006s ]
SQL: SHOW COLUMNS FROM `travel_users` [ RunTime:0.0056s ]
SQL: SELECT * FROM `travel_users`  [ RunTime:0.0003s ]
SQL: SHOW COLUMNS FROM `travel_meishi` [ RunTime:0.0057s ]
SQL: SELECT * FROM `travel_meishi`  [ RunTime:0.0004s ]
SQL: SHOW COLUMNS FROM `travel_xianlu` [ RunTime:0.0057s ]
SQL: SELECT * FROM `travel_xianlu`  [ RunTime:0.0004s ]
SQL: SHOW COLUMNS FROM `travel_jiudian` [ RunTime:0.0060s ]
SQL: SELECT * FROM `travel_jiudian`  [ RunTime:0.0005s ]
SQL: SHOW COLUMNS FROM `travel_pinglun` [ RunTime:0.0060s ]
SQL: SELECT * FROM `travel_pinglun`  [ RunTime:0.0003s ]
SQL: SELECT * FROM `travel_jingdian` WHERE ( jingdian_id='6' ) LIMIT 1   [ RunTime:0.0003s ]
SQL: SELECT * FROM `travel_jingdian` WHERE ( jingdian_id='10' ) LIMIT 1   [ RunTime:0.0003s ]
SQL: SELECT * FROM `travel_jingdian` WHERE ( jingdian_id='9' ) LIMIT 1   [ RunTime:0.0003s ]
SQL: SELECT * FROM `travel_jingdian` WHERE ( jingdian_id='24' ) LIMIT 1   [ RunTime:0.0003s ]
SQL: SELECT * FROM `travel_jingdian` WHERE ( jingdian_id='24' ) LIMIT 1   [ RunTime:0.0003s ]
SQL: SHOW COLUMNS FROM `travel_message` [ RunTime:0.0056s ]
SQL: SELECT * FROM `travel_message`  [ RunTime:0.0004s ]
INFO: [ view_parse ] --START--
INFO: [ template_filter ] --START--
INFO: Run Behavior\ContentReplaceBehavior [ RunTime:0.000206s ]
INFO: [ template_filter ] --END-- [ RunTime:0.000267s ]
INFO: Run Behavior\ParseTemplateBehavior [ RunTime:0.038471s ]
INFO: [ view_parse ] --END-- [ RunTime:0.038560s ]
INFO: [ view_filter ] --START--
INFO: Run Behavior\WriteHtmlCacheBehavior [ RunTime:0.001028s ]
INFO: [ view_filter ] --END-- [ RunTime:0.001075s ]
INFO: [ app_end ] --START--
INFO: Run Behavior\ShowPageTraceBehavior [ RunTime:0.001729s ]
INFO: [ app_end ] --END-- [ RunTime:0.001834s ]

[ 2017-05-09T14:44:08+08:00 ] 127.0.0.1 /tpg/admin.php/home/index/assets/i/favicon.png
INFO: [ app_init ] --START--
INFO: Run Behavior\BuildLiteBehavior [ RunTime:0.000031s ]
INFO: [ app_init ] --END-- [ RunTime:0.001160s ]

[ 2017-05-09T14:44:10+08:00 ] 127.0.0.1 /tpg/admin.php/home/index/admincalendar
INFO: [ app_init ] --START--
INFO: Run Behavior\BuildLiteBehavior [ RunTime:0.000021s ]
INFO: [ app_init ] --END-- [ RunTime:0.001270s ]
INFO: [ app_begin ] --START--
INFO: Run Behavior\ReadHtmlCacheBehavior [ RunTime:0.001086s ]
INFO: [ app_begin ] --END-- [ RunTime:0.001147s ]
INFO: [ view_parse ] --START--
INFO: [ template_filter ] --START--
INFO: Run Behavior\ContentReplaceBehavior [ RunTime:0.000088s ]
INFO: [ template_filter ] --END-- [ RunTime:0.000136s ]
INFO: Run Behavior\ParseTemplateBehavior [ RunTime:0.201794s ]
INFO: [ view_parse ] --END-- [ RunTime:0.201862s ]
INFO: [ view_filter ] --START--
INFO: Run Behavior\WriteHtmlCacheBehavior [ RunTime:0.000802s ]
INFO: [ view_filter ] --END-- [ RunTime:0.000844s ]
INFO: [ app_end ] --START--
INFO: Run Behavior\ShowPageTraceBehavior [ RunTime:0.001634s ]
INFO: [ app_end ] --END-- [ RunTime:0.001720s ]

[ 2017-05-09T14:44:17+08:00 ] 127.0.0.1 /tpg/admin.php/home/index/adminform
INFO: [ app_init ] --START--
INFO: Run Behavior\BuildLiteBehavior [ RunTime:0.000014s ]
INFO: [ app_init ] --END-- [ RunTime:0.000999s ]
INFO: [ app_begin ] --START--
INFO: Run Behavior\ReadHtmlCacheBehavior [ RunTime:0.001180s ]
INFO: [ app_begin ] --END-- [ RunTime:0.001242s ]
INFO: [ view_parse ] --START--
INFO: [ template_filter ] --START--
INFO: Run Behavior\ContentReplaceBehavior [ RunTime:0.000291s ]
INFO: [ template_filter ] --END-- [ RunTime:0.000385s ]
INFO: Run Behavior\ParseTemplateBehavior [ RunTime:0.125746s ]
INFO: [ view_parse ] --END-- [ RunTime:0.125814s ]
INFO: [ view_filter ] --START--
INFO: Run Behavior\WriteHtmlCacheBehavior [ RunTime:0.000956s ]
INFO: [ view_filter ] --END-- [ RunTime:0.001000s ]
INFO: [ app_end ] --START--
INFO: Run Behavior\ShowPageTraceBehavior [ RunTime:0.001276s ]
INFO: [ app_end ] --END-- [ RunTime:0.001363s ]

[ 2017-05-09T14:44:29+08:00 ] 127.0.0.1 /tpg/admin.php/home/index/admintablelist
INFO: [ app_init ] --START--
INFO: Run Behavior\BuildLiteBehavior [ RunTime:0.000015s ]
INFO: [ app_init ] --END-- [ RunTime:0.000863s ]
INFO: [ app_begin ] --START--
INFO: Run Behavior\ReadHtmlCacheBehavior [ RunTime:0.001515s ]
INFO: [ app_begin ] --END-- [ RunTime:0.001572s ]
SQL: SHOW COLUMNS FROM `travel_jingdian` [ RunTime:0.0068s ]
SQL: SELECT COUNT(*) AS tp_count FROM `travel_jingdian` LIMIT 1   [ RunTime:0.0004s ]
SQL: SELECT * FROM `travel_jingdian` LIMIT 0,5   [ RunTime:0.0006s ]
INFO: [ view_parse ] --START--
INFO: [ template_filter ] --START--
INFO: Run Behavior\ContentReplaceBehavior [ RunTime:0.000087s ]
INFO: [ template_filter ] --END-- [ RunTime:0.000135s ]
INFO: Run Behavior\ParseTemplateBehavior [ RunTime:0.029825s ]
INFO: [ view_parse ] --END-- [ RunTime:0.029898s ]
INFO: [ view_filter ] --START--
INFO: Run Behavior\WriteHtmlCacheBehavior [ RunTime:0.001366s ]
INFO: [ view_filter ] --END-- [ RunTime:0.001412s ]
INFO: [ app_end ] --START--
INFO: Run Behavior\ShowPageTraceBehavior [ RunTime:0.002537s ]
INFO: [ app_end ] --END-- [ RunTime:0.002624s ]

[ 2017-05-09T14:44:33+08:00 ] 127.0.0.1 /tpg/admin.php/Home/Index/admintablelist/p/2.html
INFO: [ app_init ] --START--
INFO: Run Behavior\BuildLiteBehavior [ RunTime:0.000015s ]
INFO: [ app_init ] --END-- [ RunTime:0.000838s ]
INFO: [ app_begin ] --START--
INFO: Run Behavior\ReadHtmlCacheBehavior [ RunTime:0.001196s ]
INFO: [ app_begin ] --END-- [ RunTime:0.001266s ]
SQL: SHOW COLUMNS FROM `travel_jingdian` [ RunTime:0.0078s ]
SQL: SELECT COUNT(*) AS tp_count FROM `travel_jingdian` LIMIT 1   [ RunTime:0.0005s ]
SQL: SELECT * FROM `travel_jingdian` LIMIT 5,5   [ RunTime:0.0005s ]
INFO: [ view_parse ] --START--
INFO: [ template_filter ] --START--
INFO: Run Behavior\ContentReplaceBehavior [ RunTime:0.000150s ]
INFO: [ template_filter ] --END-- [ RunTime:0.000228s ]
INFO: Run Behavior\ParseTemplateBehavior [ RunTime:0.015553s ]
INFO: [ view_parse ] --END-- [ RunTime:0.015624s ]
INFO: [ view_filter ] --START--
INFO: Run Behavior\WriteHtmlCacheBehavior [ RunTime:0.000952s ]
INFO: [ view_filter ] --END-- [ RunTime:0.001014s ]
INFO: [ app_end ] --START--
INFO: Run Behavior\ShowPageTraceBehavior [ RunTime:0.001876s ]
INFO: [ app_end ] --END-- [ RunTime:0.001978s ]

[ 2017-05-09T14:44:33+08:00 ] 127.0.0.1 /tpg/admin.php/Home/Index/admintablelist/p/assets/i/favicon.png
INFO: [ app_init ] --START--
INFO: Run Behavior\BuildLiteBehavior [ RunTime:0.000020s ]
INFO: [ app_init ] --END-- [ RunTime:0.000890s ]

[ 2017-05-09T14:44:36+08:00 ] 127.0.0.1 /tpg/admin.php/home/index/admintableimg
INFO: [ app_init ] --START--
INFO: Run Behavior\BuildLiteBehavior [ RunTime:0.000020s ]
INFO: [ app_init ] --END-- [ RunTime:0.001078s ]
INFO: [ app_begin ] --START--
INFO: Run Behavior\ReadHtmlCacheBehavior [ RunTime:0.001024s ]
INFO: [ app_begin ] --END-- [ RunTime:0.001104s ]
SQL: SHOW COLUMNS FROM `travel_jingdian` [ RunTime:0.0080s ]
SQL: SELECT COUNT(*) AS tp_count FROM `travel_jingdian` LIMIT 1   [ RunTime:0.0003s ]
SQL: SELECT * FROM `travel_jingdian` LIMIT 0,5   [ RunTime:0.0005s ]
INFO: [ view_parse ] --START--
INFO: [ template_filter ] --START--
INFO: Run Behavior\ContentReplaceBehavior [ RunTime:0.000121s ]
INFO: [ template_filter ] --END-- [ RunTime:0.000173s ]
INFO: Run Behavior\ParseTemplateBehavior [ RunTime:0.022290s ]
INFO: [ view_parse ] --END-- [ RunTime:0.022383s ]
INFO: [ view_filter ] --START--
INFO: Run Behavior\WriteHtmlCacheBehavior [ RunTime:0.000837s ]
INFO: [ view_filter ] --END-- [ RunTime:0.000876s ]
INFO: [ app_end ] --START--
INFO: Run Behavior\ShowPageTraceBehavior [ RunTime:0.001165s ]
INFO: [ app_end ] --END-- [ RunTime:0.001217s ]

[ 2017-05-09T14:44:37+08:00 ] 127.0.0.1 /tpg/admin.php/home/index/%7B%7Bone.jingdian_image%7D%7D
INFO: [ app_init ] --START--
INFO: Run Behavior\BuildLiteBehavior [ RunTime:0.000024s ]
INFO: [ app_init ] --END-- [ RunTime:0.001143s ]
INFO: [ app_begin ] --START--
INFO: Run Behavior\ReadHtmlCacheBehavior [ RunTime:0.001617s ]
INFO: [ app_begin ] --END-- [ RunTime:0.001730s ]
ERR: 非法操作:{{one.jingdian_image}}

[ 2017-05-09T14:44:37+08:00 ] 127.0.0.1 /tpg/admin.php/Home/Index/pageimg
INFO: [ app_init ] --START--
INFO: Run Behavior\BuildLiteBehavior [ RunTime:0.000018s ]
INFO: [ app_init ] --END-- [ RunTime:0.001382s ]
INFO: [ app_begin ] --START--
INFO: Run Behavior\ReadHtmlCacheBehavior [ RunTime:0.001020s ]
INFO: [ app_begin ] --END-- [ RunTime:0.001080s ]
SQL: SHOW COLUMNS FROM `travel_jingdian` [ RunTime:0.0075s ]
SQL: SELECT * FROM `travel_jingdian`  [ RunTime:0.0005s ]

[ 2017-05-09T15:22:06+08:00 ] 127.0.0.1 /tpg/admin.php/home/index/admintables
INFO: [ app_init ] --START--
INFO: Run Behavior\BuildLiteBehavior [ RunTime:0.000012s ]
INFO: [ app_init ] --END-- [ RunTime:0.000940s ]
INFO: [ app_begin ] --START--
INFO: Run Behavior\ReadHtmlCacheBehavior [ RunTime:0.001358s ]
INFO: [ app_begin ] --END-- [ RunTime:0.001417s ]
SQL: SHOW COLUMNS FROM `travel_jingdian` [ RunTime:0.0062s ]
SQL: SELECT * FROM `travel_jingdian`  [ RunTime:0.0006s ]
SQL: SHOW COLUMNS FROM `travel_users` [ RunTime:0.0059s ]
SQL: SELECT * FROM `travel_users`  [ RunTime:0.0003s ]
SQL: SHOW COLUMNS FROM `travel_meishi` [ RunTime:0.0056s ]
SQL: SELECT * FROM `travel_meishi`  [ RunTime:0.0004s ]
SQL: SHOW COLUMNS FROM `travel_xianlu` [ RunTime:0.0054s ]
SQL: SELECT * FROM `travel_xianlu`  [ RunTime:0.0006s ]
SQL: SHOW COLUMNS FROM `travel_jiudian` [ RunTime:0.0059s ]
SQL: SELECT * FROM `travel_jiudian`  [ RunTime:0.0004s ]
SQL: SHOW COLUMNS FROM `travel_pinglun` [ RunTime:0.0053s ]
SQL: SELECT * FROM `travel_pinglun`  [ RunTime:0.0003s ]
SQL: SELECT * FROM `travel_jingdian` WHERE ( jingdian_id='6' ) LIMIT 1   [ RunTime:0.0003s ]
SQL: SELECT * FROM `travel_jingdian` WHERE ( jingdian_id='10' ) LIMIT 1   [ RunTime:0.0003s ]
SQL: SELECT * FROM `travel_jingdian` WHERE ( jingdian_id='9' ) LIMIT 1   [ RunTime:0.0003s ]
SQL: SELECT * FROM `travel_jingdian` WHERE ( jingdian_id='24' ) LIMIT 1   [ RunTime:0.0002s ]
SQL: SELECT * FROM `travel_jingdian` WHERE ( jingdian_id='24' ) LIMIT 1   [ RunTime:0.0003s ]
SQL: SHOW COLUMNS FROM `travel_message` [ RunTime:0.0053s ]
SQL: SELECT * FROM `travel_message`  [ RunTime:0.0004s ]
INFO: [ view_parse ] --START--
INFO: [ template_filter ] --START--
INFO: Run Behavior\ContentReplaceBehavior [ RunTime:0.000189s ]
INFO: [ template_filter ] --END-- [ RunTime:0.000259s ]
INFO: Run Behavior\ParseTemplateBehavior [ RunTime:0.025159s ]
INFO: [ view_parse ] --END-- [ RunTime:0.025218s ]
INFO: [ view_filter ] --START--
INFO: Run Behavior\WriteHtmlCacheBehavior [ RunTime:0.001185s ]
INFO: [ view_filter ] --END-- [ RunTime:0.001226s ]
INFO: [ app_end ] --START--
INFO: Run Behavior\ShowPageTraceBehavior [ RunTime:0.001785s ]
INFO: [ app_end ] --END-- [ RunTime:0.001864s ]

[ 2017-05-09T15:22:13+08:00 ] 127.0.0.1 /tpg/admin.php/home/index/admintablelist
INFO: [ app_init ] --START--
INFO: Run Behavior\BuildLiteBehavior [ RunTime:0.000012s ]
INFO: [ app_init ] --END-- [ RunTime:0.000785s ]
INFO: [ app_begin ] --START--
INFO: Run Behavior\ReadHtmlCacheBehavior [ RunTime:0.001148s ]
INFO: [ app_begin ] --END-- [ RunTime:0.001381s ]
SQL: SHOW COLUMNS FROM `travel_jingdian` [ RunTime:0.0054s ]
SQL: SELECT COUNT(*) AS tp_count FROM `travel_jingdian` LIMIT 1   [ RunTime:0.0003s ]
SQL: SELECT * FROM `travel_jingdian` LIMIT 0,5   [ RunTime:0.0004s ]
INFO: [ view_parse ] --START--
INFO: [ template_filter ] --START--
INFO: Run Behavior\ContentReplaceBehavior [ RunTime:0.000075s ]
INFO: [ template_filter ] --END-- [ RunTime:0.000119s ]
INFO: Run Behavior\ParseTemplateBehavior [ RunTime:0.013808s ]
INFO: [ view_parse ] --END-- [ RunTime:0.013879s ]
INFO: [ view_filter ] --START--
INFO: Run Behavior\WriteHtmlCacheBehavior [ RunTime:0.001001s ]
INFO: [ view_filter ] --END-- [ RunTime:0.001049s ]
INFO: [ app_end ] --START--
INFO: Run Behavior\ShowPageTraceBehavior [ RunTime:0.001758s ]
INFO: [ app_end ] --END-- [ RunTime:0.001837s ]

[ 2017-05-09T15:22:16+08:00 ] 127.0.0.1 /tpg/admin.php/Home/Index/admintablelist/p/2.html
INFO: [ app_init ] --START--
INFO: Run Behavior\BuildLiteBehavior [ RunTime:0.000013s ]
INFO: [ app_init ] --END-- [ RunTime:0.000974s ]
INFO: [ app_begin ] --START--
INFO: Run Behavior\ReadHtmlCacheBehavior [ RunTime:0.000974s ]
INFO: [ app_begin ] --END-- [ RunTime:0.001023s ]
SQL: SHOW COLUMNS FROM `travel_jingdian` [ RunTime:0.0064s ]
SQL: SELECT COUNT(*) AS tp_count FROM `travel_jingdian` LIMIT 1   [ RunTime:0.0003s ]
SQL: SELECT * FROM `travel_jingdian` LIMIT 5,5   [ RunTime:0.0005s ]
INFO: [ view_parse ] --START--
INFO: [ template_filter ] --START--
INFO: Run Behavior\ContentReplaceBehavior [ RunTime:0.000073s ]
INFO: [ template_filter ] --END-- [ RunTime:0.000113s ]
INFO: Run Behavior\ParseTemplateBehavior [ RunTime:0.012446s ]
INFO: [ view_parse ] --END-- [ RunTime:0.012531s ]
INFO: [ view_filter ] --START--
INFO: Run Behavior\WriteHtmlCacheBehavior [ RunTime:0.001303s ]
INFO: [ view_filter ] --END-- [ RunTime:0.001372s ]
INFO: [ app_end ] --START--
INFO: Run Behavior\ShowPageTraceBehavior [ RunTime:0.001632s ]
INFO: [ app_end ] --END-- [ RunTime:0.001712s ]

