[ 2017-05-14T13:23:24+08:00 ] 127.0.0.1 /tpg/worker.appcache
INFO: [ app_init ] --START--
INFO: Run Behavior\BuildLiteBehavior [ RunTime:0.000014s ]
INFO: [ app_init ] --END-- [ RunTime:0.001271s ]
ERR: 无法加载模块:Worker

[ 2017-05-14T13:23:41+08:00 ] 127.0.0.1 /tpg/worker.appcache
INFO: [ app_init ] --START--
INFO: Run Behavior\BuildLiteBehavior [ RunTime:0.000031s ]
INFO: [ app_init ] --END-- [ RunTime:0.001625s ]
ERR: 无法加载模块:Worker

[ 2017-05-14T14:37:58+08:00 ] 127.0.0.1 /tpg/Public/cate/js/cufon-replace.js
INFO: [ app_init ] --START--
INFO: Run Behavior\BuildLiteBehavior [ RunTime:0.000031s ]
INFO: [ app_init ] --END-- [ RunTime:0.001427s ]
ERR: 无法加载模块:Public

[ 2017-05-14T14:37:58+08:00 ] 127.0.0.1 /tpg/Public/cate/js/cufon-replace.js
INFO: [ app_init ] --START--
INFO: Run Behavior\BuildLiteBehavior [ RunTime:0.000016s ]
INFO: [ app_init ] --END-- [ RunTime:0.000893s ]
ERR: 无法加载模块:Public

[ 2017-05-14T14:38:04+08:00 ] 127.0.0.1 /tpg/Public/cate/js/cufon-replace.js
INFO: [ app_init ] --START--
INFO: Run Behavior\BuildLiteBehavior [ RunTime:0.000027s ]
INFO: [ app_init ] --END-- [ RunTime:0.002450s ]
ERR: 无法加载模块:Public

[ 2017-05-14T14:38:09+08:00 ] 127.0.0.1 /tpg/Public/cate/js/cufon-replace.js
INFO: [ app_init ] --START--
INFO: Run Behavior\BuildLiteBehavior [ RunTime:0.000025s ]
INFO: [ app_init ] --END-- [ RunTime:0.001126s ]
ERR: 无法加载模块:Public

[ 2017-05-14T14:38:10+08:00 ] 127.0.0.1 /tpg/Public/cate/js/cufon-replace.js
INFO: [ app_init ] --START--
INFO: Run Behavior\BuildLiteBehavior [ RunTime:0.000023s ]
INFO: [ app_init ] --END-- [ RunTime:0.000763s ]
ERR: 无法加载模块:Public

[ 2017-05-14T14:38:12+08:00 ] 127.0.0.1 /tpg/Public/cate/js/cufon-replace.js
INFO: [ app_init ] --START--
INFO: Run Behavior\BuildLiteBehavior [ RunTime:0.000026s ]
INFO: [ app_init ] --END-- [ RunTime:0.001204s ]
ERR: 无法加载模块:Public

[ 2017-05-14T14:38:12+08:00 ] 127.0.0.1 /tpg/Public/cate/js/cufon-replace.js
INFO: [ app_init ] --START--
INFO: Run Behavior\BuildLiteBehavior [ RunTime:0.000021s ]
INFO: [ app_init ] --END-- [ RunTime:0.001013s ]
ERR: 无法加载模块:Public

[ 2017-05-14T14:38:14+08:00 ] 127.0.0.1 /tpg/Public/cate/js/cufon-replace.js
INFO: [ app_init ] --START--
INFO: Run Behavior\BuildLiteBehavior [ RunTime:0.000021s ]
INFO: [ app_init ] --END-- [ RunTime:0.001667s ]
ERR: 无法加载模块:Public

[ 2017-05-14T14:38:14+08:00 ] 127.0.0.1 /tpg/Public/cate/js/cufon-replace.js
INFO: [ app_init ] --START--
INFO: Run Behavior\BuildLiteBehavior [ RunTime:0.000022s ]
INFO: [ app_init ] --END-- [ RunTime:0.001051s ]
ERR: 无法加载模块:Public

[ 2017-05-14T14:38:15+08:00 ] 127.0.0.1 /tpg/Public/cate/js/cufon-replace.js
INFO: [ app_init ] --START--
INFO: Run Behavior\BuildLiteBehavior [ RunTime:0.000038s ]
INFO: [ app_init ] --END-- [ RunTime:0.001422s ]
ERR: 无法加载模块:Public

[ 2017-05-14T14:38:16+08:00 ] 127.0.0.1 /tpg/Public/cate/js/cufon-replace.js
INFO: [ app_init ] --START--
INFO: Run Behavior\BuildLiteBehavior [ RunTime:0.000024s ]
INFO: [ app_init ] --END-- [ RunTime:0.003312s ]
ERR: 无法加载模块:Public

[ 2017-05-14T14:38:40+08:00 ] 127.0.0.1 /tpg/Public/cate/js/cufon-replace.js
INFO: [ app_init ] --START--
INFO: Run Behavior\BuildLiteBehavior [ RunTime:0.000020s ]
INFO: [ app_init ] --END-- [ RunTime:0.001303s ]
ERR: 无法加载模块:Public

[ 2017-05-14T14:38:40+08:00 ] 127.0.0.1 /tpg/Public/cate/js/cufon-replace.js
INFO: [ app_init ] --START--
INFO: Run Behavior\BuildLiteBehavior [ RunTime:0.000014s ]
INFO: [ app_init ] --END-- [ RunTime:0.000832s ]
ERR: 无法加载模块:Public

[ 2017-05-14T14:38:43+08:00 ] 127.0.0.1 /tpg/Public/images/jdbg.png
INFO: [ app_init ] --START--
INFO: Run Behavior\BuildLiteBehavior [ RunTime:0.000024s ]
INFO: [ app_init ] --END-- [ RunTime:0.001890s ]
ERR: 无法加载模块:Public

[ 2017-05-14T14:38:43+08:00 ] 127.0.0.1 /tpg/Public/images/more5.jpg
INFO: [ app_init ] --START--
INFO: Run Behavior\BuildLiteBehavior [ RunTime:0.000028s ]
INFO: [ app_init ] --END-- [ RunTime:0.001414s ]
ERR: 无法加载模块:Public

[ 2017-05-14T14:38:48+08:00 ] 127.0.0.1 /tpg/Public/images/jdbg.png
INFO: [ app_init ] --START--
INFO: Run Behavior\BuildLiteBehavior [ RunTime:0.000019s ]
INFO: [ app_init ] --END-- [ RunTime:0.003436s ]
ERR: 无法加载模块:Public

[ 2017-05-14T14:38:48+08:00 ] 127.0.0.1 /tpg/Public/images/more5.jpg
INFO: [ app_init ] --START--
INFO: Run Behavior\BuildLiteBehavior [ RunTime:0.000042s ]
INFO: [ app_init ] --END-- [ RunTime:0.007893s ]
ERR: 无法加载模块:Public

[ 2017-05-14T14:38:53+08:00 ] 127.0.0.1 /tpg/Public/images/jdbg.png
INFO: [ app_init ] --START--
INFO: Run Behavior\BuildLiteBehavior [ RunTime:0.000026s ]
INFO: [ app_init ] --END-- [ RunTime:0.002313s ]
ERR: 无法加载模块:Public

[ 2017-05-14T14:38:53+08:00 ] 127.0.0.1 /tpg/Public/images/more5.jpg
INFO: [ app_init ] --START--
INFO: Run Behavior\BuildLiteBehavior [ RunTime:0.000025s ]
INFO: [ app_init ] --END-- [ RunTime:0.006523s ]
ERR: 无法加载模块:Public

[ 2017-05-14T14:39:04+08:00 ] 127.0.0.1 /tpg/Public/images/more5.jpg
INFO: [ app_init ] --START--
INFO: Run Behavior\BuildLiteBehavior [ RunTime:0.000023s ]
INFO: [ app_init ] --END-- [ RunTime:0.001394s ]
ERR: 无法加载模块:Public

[ 2017-05-14T14:39:04+08:00 ] 127.0.0.1 /tpg/Public/images/jdbg.png
INFO: [ app_init ] --START--
INFO: Run Behavior\BuildLiteBehavior [ RunTime:0.000022s ]
INFO: [ app_init ] --END-- [ RunTime:0.001423s ]
ERR: 无法加载模块:Public

[ 2017-05-14T14:39:56+08:00 ] 127.0.0.1 /tpg/Public/images/jdbg.png
INFO: [ app_init ] --START--
INFO: Run Behavior\BuildLiteBehavior [ RunTime:0.000023s ]
INFO: [ app_init ] --END-- [ RunTime:0.001305s ]
ERR: 无法加载模块:Public

[ 2017-05-14T14:39:56+08:00 ] 127.0.0.1 /tpg/Public/images/more5.jpg
INFO: [ app_init ] --START--
INFO: Run Behavior\BuildLiteBehavior [ RunTime:0.000023s ]
INFO: [ app_init ] --END-- [ RunTime:0.001666s ]
ERR: 无法加载模块:Public

[ 2017-05-14T14:40:00+08:00 ] 127.0.0.1 /tpg/Public/images/more5.jpg
INFO: [ app_init ] --START--
INFO: Run Behavior\BuildLiteBehavior [ RunTime:0.000023s ]
INFO: [ app_init ] --END-- [ RunTime:0.001400s ]
ERR: 无法加载模块:Public

[ 2017-05-14T14:40:00+08:00 ] 127.0.0.1 /tpg/Public/images/jdbg.png
INFO: [ app_init ] --START--
INFO: Run Behavior\BuildLiteBehavior [ RunTime:0.000027s ]
INFO: [ app_init ] --END-- [ RunTime:0.001410s ]
ERR: 无法加载模块:Public

[ 2017-05-14T14:40:05+08:00 ] 127.0.0.1 /tpg/Public/images/jdbg.png
INFO: [ app_init ] --START--
INFO: Run Behavior\BuildLiteBehavior [ RunTime:0.000024s ]
INFO: [ app_init ] --END-- [ RunTime:0.001285s ]
ERR: 无法加载模块:Public

[ 2017-05-14T14:40:05+08:00 ] 127.0.0.1 /tpg/Public/images/more5.jpg
INFO: [ app_init ] --START--
INFO: Run Behavior\BuildLiteBehavior [ RunTime:0.000021s ]
INFO: [ app_init ] --END-- [ RunTime:0.001335s ]
ERR: 无法加载模块:Public

[ 2017-05-14T14:40:21+08:00 ] 127.0.0.1 /tpg/Public/images/jdbg.png
INFO: [ app_init ] --START--
INFO: Run Behavior\BuildLiteBehavior [ RunTime:0.000027s ]
INFO: [ app_init ] --END-- [ RunTime:0.001616s ]
ERR: 无法加载模块:Public

[ 2017-05-14T14:40:21+08:00 ] 127.0.0.1 /tpg/Public/images/more5.jpg
INFO: [ app_init ] --START--
INFO: Run Behavior\BuildLiteBehavior [ RunTime:0.000023s ]
INFO: [ app_init ] --END-- [ RunTime:0.001291s ]
ERR: 无法加载模块:Public

[ 2017-05-14T14:40:25+08:00 ] 127.0.0.1 /tpg/Public/images/jdbg.png
INFO: [ app_init ] --START--
INFO: Run Behavior\BuildLiteBehavior [ RunTime:0.000036s ]
INFO: [ app_init ] --END-- [ RunTime:0.002048s ]
ERR: 无法加载模块:Public


[ 2017-05-14T14:41:04+08:00 ] 127.0.0.1 /tpg/Public/images/jdbg.png
INFO: [ app_init ] --START--
INFO: Run Behavior\BuildLiteBehavior [ RunTime:0.000027s ]
INFO: [ app_init ] --END-- [ RunTime:0.001217s ]
ERR: 无法加载模块:Public

[ 2017-05-14T14:41:04+08:00 ] 127.0.0.1 /tpg/Public/images/more5.jpg
INFO: [ app_init ] --START--
INFO: Run Behavior\BuildLiteBehavior [ RunTime:0.000026s ]
INFO: [ app_init ] --END-- [ RunTime:0.001293s ]
ERR: 无法加载模块:Public

[ 2017-05-14T14:41:06+08:00 ] 127.0.0.1 /tpg/Public/images/jdbg.png
INFO: [ app_init ] --START--
INFO: Run Behavior\BuildLiteBehavior [ RunTime:0.000022s ]
INFO: [ app_init ] --END-- [ RunTime:0.003402s ]
ERR: 无法加载模块:Public

[ 2017-05-14T14:41:06+08:00 ] 127.0.0.1 /tpg/Public/images/more5.jpg
INFO: [ app_init ] --START--
INFO: Run Behavior\BuildLiteBehavior [ RunTime:0.000023s ]
INFO: [ app_init ] --END-- [ RunTime:0.009417s ]
ERR: 无法加载模块:Public

[ 2017-05-14T14:41:09+08:00 ] 127.0.0.1 /tpg/Public/images/jdbg.png
INFO: [ app_init ] --START--
INFO: Run Behavior\BuildLiteBehavior [ RunTime:0.000029s ]
INFO: [ app_init ] --END-- [ RunTime:0.002679s ]
ERR: 无法加载模块:Public

[ 2017-05-14T14:41:09+08:00 ] 127.0.0.1 /tpg/Public/images/more5.jpg
INFO: [ app_init ] --START--
INFO: Run Behavior\BuildLiteBehavior [ RunTime:0.000047s ]
INFO: [ app_init ] --END-- [ RunTime:0.001379s ]
ERR: 无法加载模块:Public

[ 2017-05-14T14:41:15+08:00 ] 127.0.0.1 /tpg/Public/images/jdbg.png
INFO: [ app_init ] --START--
INFO: Run Behavior\BuildLiteBehavior [ RunTime:0.000022s ]
INFO: [ app_init ] --END-- [ RunTime:0.001674s ]
ERR: 无法加载模块:Public

[ 2017-05-14T14:41:15+08:00 ] 127.0.0.1 /tpg/Public/images/more5.jpg
INFO: [ app_init ] --START--
INFO: Run Behavior\BuildLiteBehavior [ RunTime:0.000015s ]
INFO: [ app_init ] --END-- [ RunTime:0.001116s ]
ERR: 无法加载模块:Public

[ 2017-05-14T14:41:34+08:00 ] 127.0.0.1 /tpg/Public/images/jdbg.png
INFO: [ app_init ] --START--
INFO: Run Behavior\BuildLiteBehavior [ RunTime:0.000016s ]
INFO: [ app_init ] --END-- [ RunTime:0.000738s ]
ERR: 无法加载模块:Public

[ 2017-05-14T14:41:34+08:00 ] 127.0.0.1 /tpg/Public/images/more5.jpg
INFO: [ app_init ] --START--
INFO: Run Behavior\BuildLiteBehavior [ RunTime:0.000024s ]
INFO: [ app_init ] --END-- [ RunTime:0.001749s ]
ERR: 无法加载模块:Public

[ 2017-05-14T14:42:06+08:00 ] 127.0.0.1 /tpg/Public/images/jdbg.png
INFO: [ app_init ] --START--
INFO: Run Behavior\BuildLiteBehavior [ RunTime:0.000027s ]
INFO: [ app_init ] --END-- [ RunTime:0.001247s ]
ERR: 无法加载模块:Public

[ 2017-05-14T14:42:06+08:00 ] 127.0.0.1 /tpg/Public/images/more5.jpg
INFO: [ app_init ] --START--
INFO: Run Behavior\BuildLiteBehavior [ RunTime:0.000029s ]
INFO: [ app_init ] --END-- [ RunTime:0.002528s ]
ERR: 无法加载模块:Public

[ 2017-05-14T14:42:11+08:00 ] 127.0.0.1 /tpg/Public/images/jdbg.png
INFO: [ app_init ] --START--
INFO: Run Behavior\BuildLiteBehavior [ RunTime:0.000025s ]
INFO: [ app_init ] --END-- [ RunTime:0.002009s ]
ERR: 无法加载模块:Public

[ 2017-05-14T14:42:11+08:00 ] 127.0.0.1 /tpg/Public/images/more5.jpg
INFO: [ app_init ] --START--
INFO: Run Behavior\BuildLiteBehavior [ RunTime:0.000024s ]
INFO: [ app_init ] --END-- [ RunTime:0.001324s ]
ERR: 无法加载模块:Public

[ 2017-05-14T14:42:47+08:00 ] 127.0.0.1 /tpg/Public/images/jdbg.png
INFO: [ app_init ] --START--
INFO: Run Behavior\BuildLiteBehavior [ RunTime:0.000096s ]
INFO: [ app_init ] --END-- [ RunTime:0.002297s ]
ERR: 无法加载模块:Public

[ 2017-05-14T14:42:47+08:00 ] 127.0.0.1 /tpg/Public/images/more5.jpg
INFO: [ app_init ] --START--
INFO: Run Behavior\BuildLiteBehavior [ RunTime:0.000040s ]
INFO: [ app_init ] --END-- [ RunTime:0.001942s ]
ERR: 无法加载模块:Public

[ 2017-05-14T14:42:50+08:00 ] 127.0.0.1 /tpg/Public/images/jdbg.png
INFO: [ app_init ] --START--
INFO: Run Behavior\BuildLiteBehavior [ RunTime:0.000028s ]
INFO: [ app_init ] --END-- [ RunTime:0.001562s ]
ERR: 无法加载模块:Public

[ 2017-05-14T14:42:50+08:00 ] 127.0.0.1 /tpg/Public/images/more5.jpg
INFO: [ app_init ] --START--
INFO: Run Behavior\BuildLiteBehavior [ RunTime:0.000027s ]
INFO: [ app_init ] --END-- [ RunTime:0.001306s ]
ERR: 无法加载模块:Public

[ 2017-05-14T14:42:53+08:00 ] 127.0.0.1 /tpg/Public/images/jdbg.png
INFO: [ app_init ] --START--
INFO: Run Behavior\BuildLiteBehavior [ RunTime:0.000022s ]
INFO: [ app_init ] --END-- [ RunTime:0.001266s ]
ERR: 无法加载模块:Public

[ 2017-05-14T14:42:53+08:00 ] 127.0.0.1 /tpg/Public/images/more5.jpg
INFO: [ app_init ] --START--
INFO: Run Behavior\BuildLiteBehavior [ RunTime:0.000028s ]
INFO: [ app_init ] --END-- [ RunTime:0.003039s ]
ERR: 无法加载模块:Public

[ 2017-05-14T14:44:25+08:00 ] 127.0.0.1 /tpg/Public/images/jdbg.png
INFO: [ app_init ] --START--
INFO: Run Behavior\BuildLiteBehavior [ RunTime:0.000022s ]
INFO: [ app_init ] --END-- [ RunTime:0.001087s ]
ERR: 无法加载模块:Public

[ 2017-05-14T14:44:25+08:00 ] 127.0.0.1 /tpg/Public/images/more5.jpg
INFO: [ app_init ] --START--
INFO: Run Behavior\BuildLiteBehavior [ RunTime:0.000023s ]
INFO: [ app_init ] --END-- [ RunTime:0.001165s ]
ERR: 无法加载模块:Public

[ 2017-05-14T14:44:42+08:00 ] 127.0.0.1 /tpg/Public/images/jdbg.png
INFO: [ app_init ] --START--
INFO: Run Behavior\BuildLiteBehavior [ RunTime:0.000023s ]
INFO: [ app_init ] --END-- [ RunTime:0.001422s ]
ERR: 无法加载模块:Public

[ 2017-05-14T14:44:42+08:00 ] 127.0.0.1 /tpg/Public/images/more5.jpg
INFO: [ app_init ] --START--
INFO: Run Behavior\BuildLiteBehavior [ RunTime:0.000028s ]
INFO: [ app_init ] --END-- [ RunTime:0.001269s ]
ERR: 无法加载模块:Public

[ 2017-05-14T14:44:45+08:00 ] 127.0.0.1 /tpg/Public/images/jdbg.png
INFO: [ app_init ] --START--
INFO: Run Behavior\BuildLiteBehavior [ RunTime:0.000027s ]
INFO: [ app_init ] --END-- [ RunTime:0.001254s ]
ERR: 无法加载模块:Public

[ 2017-05-14T14:44:45+08:00 ] 127.0.0.1 /tpg/Public/images/more5.jpg
INFO: [ app_init ] --START--
INFO: Run Behavior\BuildLiteBehavior [ RunTime:0.000034s ]
INFO: [ app_init ] --END-- [ RunTime:0.002701s ]
ERR: 无法加载模块:Public

[ 2017-05-14T14:45:21+08:00 ] 127.0.0.1 /tpg/Public/images/jdbg.png
INFO: [ app_init ] --START--
INFO: Run Behavior\BuildLiteBehavior [ RunTime:0.000022s ]
INFO: [ app_init ] --END-- [ RunTime:0.001216s ]
ERR: 无法加载模块:Public


[ 2017-05-14T14:45:24+08:00 ] 127.0.0.1 /tpg/Public/images/jdbg.png
INFO: [ app_init ] --START--
INFO: Run Behavior\BuildLiteBehavior [ RunTime:0.000092s ]
INFO: [ app_init ] --END-- [ RunTime:0.001367s ]
ERR: 无法加载模块:Public

[ 2017-05-14T14:45:24+08:00 ] 127.0.0.1 /tpg/Public/images/more5.jpg
INFO: [ app_init ] --START--
INFO: Run Behavior\BuildLiteBehavior [ RunTime:0.000022s ]
INFO: [ app_init ] --END-- [ RunTime:0.001376s ]
ERR: 无法加载模块:Public

[ 2017-05-14T14:46:02+08:00 ] 127.0.0.1 /tpg/Public/images/jdbg.png
INFO: [ app_init ] --START--
INFO: Run Behavior\BuildLiteBehavior [ RunTime:0.000112s ]
INFO: [ app_init ] --END-- [ RunTime:0.002288s ]
ERR: 无法加载模块:Public

[ 2017-05-14T14:46:02+08:00 ] 127.0.0.1 /tpg/Public/images/more5.jpg
INFO: [ app_init ] --START--
INFO: Run Behavior\BuildLiteBehavior [ RunTime:0.000028s ]
INFO: [ app_init ] --END-- [ RunTime:0.001130s ]
ERR: 无法加载模块:Public

[ 2017-05-14T14:46:27+08:00 ] 127.0.0.1 /tpg/Public/images/jdbg.png
INFO: [ app_init ] --START--
INFO: Run Behavior\BuildLiteBehavior [ RunTime:0.000021s ]
INFO: [ app_init ] --END-- [ RunTime:0.001280s ]
ERR: 无法加载模块:Public

[ 2017-05-14T14:46:27+08:00 ] 127.0.0.1 /tpg/Public/images/more5.jpg
INFO: [ app_init ] --START--
INFO: Run Behavior\BuildLiteBehavior [ RunTime:0.000017s ]
INFO: [ app_init ] --END-- [ RunTime:0.001166s ]
ERR: 无法加载模块:Public

[ 2017-05-14T14:46:32+08:00 ] 127.0.0.1 /tpg/Public/images/jdbg.png
INFO: [ app_init ] --START--
INFO: Run Behavior\BuildLiteBehavior [ RunTime:0.000022s ]
INFO: [ app_init ] --END-- [ RunTime:0.001381s ]
ERR: 无法加载模块:Public


[ 2017-05-14T14:46:41+08:00 ] 127.0.0.1 /tpg/Public/images/jdbg.png
INFO: [ app_init ] --START--
INFO: Run Behavior\BuildLiteBehavior [ RunTime:0.000027s ]
INFO: [ app_init ] --END-- [ RunTime:0.001299s ]
ERR: 无法加载模块:Public

[ 2017-05-14T14:46:41+08:00 ] 127.0.0.1 /tpg/Public/images/more5.jpg
INFO: [ app_init ] --START--
INFO: Run Behavior\BuildLiteBehavior [ RunTime:0.000018s ]
INFO: [ app_init ] --END-- [ RunTime:0.001271s ]
ERR: 无法加载模块:Public

[ 2017-05-14T14:47:22+08:00 ] 127.0.0.1 /tpg/Public/images/more5.jpg
INFO: [ app_init ] --START--
INFO: Run Behavior\BuildLiteBehavior [ RunTime:0.000016s ]
INFO: [ app_init ] --END-- [ RunTime:0.000827s ]
ERR: 无法加载模块:Public

[ 2017-05-14T14:47:22+08:00 ] 127.0.0.1 /tpg/Public/images/jdbg.png
INFO: [ app_init ] --START--
INFO: Run Behavior\BuildLiteBehavior [ RunTime:0.000022s ]
INFO: [ app_init ] --END-- [ RunTime:0.001088s ]
ERR: 无法加载模块:Public

[ 2017-05-14T14:47:55+08:00 ] 127.0.0.1 /tpg/Public/images/jdbg.png
INFO: [ app_init ] --START--
INFO: Run Behavior\BuildLiteBehavior [ RunTime:0.000025s ]
INFO: [ app_init ] --END-- [ RunTime:0.001128s ]
ERR: 无法加载模块:Public

[ 2017-05-14T14:47:55+08:00 ] 127.0.0.1 /tpg/Public/images/more5.jpg
INFO: [ app_init ] --START--
INFO: Run Behavior\BuildLiteBehavior [ RunTime:0.000029s ]
INFO: [ app_init ] --END-- [ RunTime:0.003290s ]
ERR: 无法加载模块:Public

[ 2017-05-14T14:47:59+08:00 ] 127.0.0.1 /tpg/Public/images/jdbg.png
INFO: [ app_init ] --START--
INFO: Run Behavior\BuildLiteBehavior [ RunTime:0.000027s ]
INFO: [ app_init ] --END-- [ RunTime:0.001279s ]
ERR: 无法加载模块:Public

[ 2017-05-14T14:47:59+08:00 ] 127.0.0.1 /tpg/Public/images/more5.jpg
INFO: [ app_init ] --START--
INFO: Run Behavior\BuildLiteBehavior [ RunTime:0.000023s ]
INFO: [ app_init ] --END-- [ RunTime:0.001369s ]
ERR: 无法加载模块:Public

[ 2017-05-14T14:48:44+08:00 ] 127.0.0.1 /tpg/Public/images/jdbg.png
INFO: [ app_init ] --START--
INFO: Run Behavior\BuildLiteBehavior [ RunTime:0.000022s ]
INFO: [ app_init ] --END-- [ RunTime:0.001089s ]
ERR: 无法加载模块:Public

[ 2017-05-14T14:48:44+08:00 ] 127.0.0.1 /tpg/Public/images/more5.jpg
INFO: [ app_init ] --START--
INFO: Run Behavior\BuildLiteBehavior [ RunTime:0.000037s ]
INFO: [ app_init ] --END-- [ RunTime:0.001581s ]
ERR: 无法加载模块:Public

[ 2017-05-14T14:49:03+08:00 ] 127.0.0.1 /tpg/Public/images/more5.jpg
INFO: [ app_init ] --START--
INFO: Run Behavior\BuildLiteBehavior [ RunTime:0.000021s ]
INFO: [ app_init ] --END-- [ RunTime:0.001325s ]
ERR: 无法加载模块:Public

[ 2017-05-14T14:49:03+08:00 ] 127.0.0.1 /tpg/Public/images/jdbg.png
INFO: [ app_init ] --START--
INFO: Run Behavior\BuildLiteBehavior [ RunTime:0.000020s ]
INFO: [ app_init ] --END-- [ RunTime:0.001434s ]
ERR: 无法加载模块:Public

[ 2017-05-14T14:49:10+08:00 ] 127.0.0.1 /tpg/Public/images/jdbg.png
INFO: [ app_init ] --START--
INFO: Run Behavior\BuildLiteBehavior [ RunTime:0.000028s ]
INFO: [ app_init ] --END-- [ RunTime:0.001315s ]
ERR: 无法加载模块:Public

[ 2017-05-14T14:49:10+08:00 ] 127.0.0.1 /tpg/Public/images/more5.jpg
INFO: [ app_init ] --START--
INFO: Run Behavior\BuildLiteBehavior [ RunTime:0.000015s ]
INFO: [ app_init ] --END-- [ RunTime:0.000929s ]
ERR: 无法加载模块:Public

[ 2017-05-14T14:49:18+08:00 ] 127.0.0.1 /tpg/Public/images/jdbg.png
INFO: [ app_init ] --START--
INFO: Run Behavior\BuildLiteBehavior [ RunTime:0.000024s ]
INFO: [ app_init ] --END-- [ RunTime:0.001354s ]
ERR: 无法加载模块:Public

[ 2017-05-14T14:49:18+08:00 ] 127.0.0.1 /tpg/Public/images/more5.jpg
INFO: [ app_init ] --START--
INFO: Run Behavior\BuildLiteBehavior [ RunTime:0.000022s ]
INFO: [ app_init ] --END-- [ RunTime:0.001293s ]
ERR: 无法加载模块:Public

[ 2017-05-14T14:49:31+08:00 ] 127.0.0.1 /tpg/Public/cate/js/cufon-replace.js
INFO: [ app_init ] --START--
INFO: Run Behavior\BuildLiteBehavior [ RunTime:0.000022s ]
INFO: [ app_init ] --END-- [ RunTime:0.002322s ]
ERR: 无法加载模块:Public

[ 2017-05-14T14:49:31+08:00 ] 127.0.0.1 /tpg/Public/cate/js/cufon-replace.js
INFO: [ app_init ] --START--
INFO: Run Behavior\BuildLiteBehavior [ RunTime:0.000016s ]
INFO: [ app_init ] --END-- [ RunTime:0.000990s ]
ERR: 无法加载模块:Public

[ 2017-05-14T14:49:55+08:00 ] 127.0.0.1 /tpg/Public/images/jdbg.png
INFO: [ app_init ] --START--
INFO: Run Behavior\BuildLiteBehavior [ RunTime:0.000023s ]
INFO: [ app_init ] --END-- [ RunTime:0.001162s ]
ERR: 无法加载模块:Public

[ 2017-05-14T14:49:55+08:00 ] 127.0.0.1 /tpg/Public/images/more5.jpg
INFO: [ app_init ] --START--
INFO: Run Behavior\BuildLiteBehavior [ RunTime:0.000022s ]
INFO: [ app_init ] --END-- [ RunTime:0.001279s ]
ERR: 无法加载模块:Public

[ 2017-05-14T14:50:17+08:00 ] 127.0.0.1 /tpg/Public/images/jdbg.png
INFO: [ app_init ] --START--
INFO: Run Behavior\BuildLiteBehavior [ RunTime:0.000028s ]
INFO: [ app_init ] --END-- [ RunTime:0.002622s ]
ERR: 无法加载模块:Public

[ 2017-05-14T14:50:17+08:00 ] 127.0.0.1 /tpg/Public/images/more5.jpg
INFO: [ app_init ] --START--
INFO: Run Behavior\BuildLiteBehavior [ RunTime:0.000019s ]
INFO: [ app_init ] --END-- [ RunTime:0.001128s ]
ERR: 无法加载模块:Public

[ 2017-05-14T14:50:51+08:00 ] 127.0.0.1 /tpg/Public/cate/js/cufon-replace.js
INFO: [ app_init ] --START--
INFO: Run Behavior\BuildLiteBehavior [ RunTime:0.000054s ]
INFO: [ app_init ] --END-- [ RunTime:0.001086s ]
ERR: 无法加载模块:Public

[ 2017-05-14T14:50:51+08:00 ] 127.0.0.1 /tpg/Public/cate/js/cufon-replace.js
INFO: [ app_init ] --START--
INFO: Run Behavior\BuildLiteBehavior [ RunTime:0.000018s ]
INFO: [ app_init ] --END-- [ RunTime:0.000735s ]
ERR: 无法加载模块:Public

[ 2017-05-14T14:51:01+08:00 ] 127.0.0.1 /tpg/assets/i/favicon.png
INFO: [ app_init ] --START--
INFO: Run Behavior\BuildLiteBehavior [ RunTime:0.000012s ]
INFO: [ app_init ] --END-- [ RunTime:0.000714s ]
ERR: 无法加载模块:Assets

[ 2017-05-14T14:51:08+08:00 ] 127.0.0.1 /tpg/worker.appcache
INFO: [ app_init ] --START--
INFO: Run Behavior\BuildLiteBehavior [ RunTime:0.000026s ]
INFO: [ app_init ] --END-- [ RunTime:0.001396s ]
ERR: 无法加载模块:Worker

[ 2017-05-14T14:51:23+08:00 ] 127.0.0.1 /tpg/worker.appcache
INFO: [ app_init ] --START--
INFO: Run Behavior\BuildLiteBehavior [ RunTime:0.000024s ]
INFO: [ app_init ] --END-- [ RunTime:0.001374s ]
ERR: 无法加载模块:Worker

[ 2017-05-14T15:22:27+08:00 ] 127.0.0.1 /tpg/worker.appcache
INFO: [ app_init ] --START--
INFO: Run Behavior\BuildLiteBehavior [ RunTime:0.000027s ]
INFO: [ app_init ] --END-- [ RunTime:0.004379s ]
ERR: 无法加载模块:Worker

[ 2017-05-14T15:22:44+08:00 ] 127.0.0.1 /tpg/worker.appcache
INFO: [ app_init ] --START--
INFO: Run Behavior\BuildLiteBehavior [ RunTime:0.000019s ]
INFO: [ app_init ] --END-- [ RunTime:0.001037s ]
ERR: 无法加载模块:Worker

[ 2017-05-14T15:23:00+08:00 ] 127.0.0.1 /tpg/Public/images/jdbg.png
INFO: [ app_init ] --START--
INFO: Run Behavior\BuildLiteBehavior [ RunTime:0.000042s ]
INFO: [ app_init ] --END-- [ RunTime:0.001184s ]
ERR: 无法加载模块:Public

[ 2017-05-14T15:23:00+08:00 ] 127.0.0.1 /tpg/Public/images/more5.jpg
INFO: [ app_init ] --START--
INFO: Run Behavior\BuildLiteBehavior [ RunTime:0.000024s ]
INFO: [ app_init ] --END-- [ RunTime:0.012353s ]
ERR: 无法加载模块:Public

[ 2017-05-14T15:24:43+08:00 ] 127.0.0.1 /tpg/worker.appcache
INFO: [ app_init ] --START--
INFO: Run Behavior\BuildLiteBehavior [ RunTime:0.000021s ]
INFO: [ app_init ] --END-- [ RunTime:0.001165s ]
ERR: 无法加载模块:Worker

[ 2017-05-14T15:24:53+08:00 ] 127.0.0.1 /tpg/Public/images/jdbg.png
INFO: [ app_init ] --START--
INFO: Run Behavior\BuildLiteBehavior [ RunTime:0.000025s ]
INFO: [ app_init ] --END-- [ RunTime:0.001195s ]
ERR: 无法加载模块:Public

[ 2017-05-14T15:24:53+08:00 ] 127.0.0.1 /tpg/Public/images/more5.jpg
INFO: [ app_init ] --START--
INFO: Run Behavior\BuildLiteBehavior [ RunTime:0.000032s ]
INFO: [ app_init ] --END-- [ RunTime:0.044218s ]
ERR: 无法加载模块:Public

[ 2017-05-14T15:25:30+08:00 ] 127.0.0.1 /tpg/Public/images/jdbg.png
INFO: [ app_init ] --START--
INFO: Run Behavior\BuildLiteBehavior [ RunTime:0.000023s ]
INFO: [ app_init ] --END-- [ RunTime:0.001564s ]
ERR: 无法加载模块:Public

[ 2017-05-14T15:25:30+08:00 ] 127.0.0.1 /tpg/Public/images/more5.jpg
INFO: [ app_init ] --START--
INFO: Run Behavior\BuildLiteBehavior [ RunTime:0.000025s ]
INFO: [ app_init ] --END-- [ RunTime:0.001356s ]
ERR: 无法加载模块:Public

[ 2017-05-14T15:25:39+08:00 ] 127.0.0.1 /tpg/Public/cate/js/cufon-replace.js
INFO: [ app_init ] --START--
INFO: Run Behavior\BuildLiteBehavior [ RunTime:0.000026s ]
INFO: [ app_init ] --END-- [ RunTime:0.001467s ]
ERR: 无法加载模块:Public

[ 2017-05-14T15:25:40+08:00 ] 127.0.0.1 /tpg/Public/cate/js/cufon-replace.js
INFO: [ app_init ] --START--
INFO: Run Behavior\BuildLiteBehavior [ RunTime:0.000030s ]
INFO: [ app_init ] --END-- [ RunTime:0.001332s ]
ERR: 无法加载模块:Public

[ 2017-05-14T15:25:44+08:00 ] 127.0.0.1 /tpg/Public/images/jdbg.png
INFO: [ app_init ] --START--
INFO: Run Behavior\BuildLiteBehavior [ RunTime:0.000025s ]
INFO: [ app_init ] --END-- [ RunTime:0.001027s ]
ERR: 无法加载模块:Public

[ 2017-05-14T15:25:44+08:00 ] 127.0.0.1 /tpg/Public/images/more5.jpg
INFO: [ app_init ] --START--
INFO: Run Behavior\BuildLiteBehavior [ RunTime:0.000024s ]
INFO: [ app_init ] --END-- [ RunTime:0.001262s ]
ERR: 无法加载模块:Public

[ 2017-05-14T15:25:56+08:00 ] 127.0.0.1 /tpg/worker.appcache
INFO: [ app_init ] --START--
INFO: Run Behavior\BuildLiteBehavior [ RunTime:0.000024s ]
INFO: [ app_init ] --END-- [ RunTime:0.001314s ]
ERR: 无法加载模块:Worker

[ 2017-05-14T17:21:53+08:00 ] 127.0.0.1 /tpg/worker.appcache
INFO: [ app_init ] --START--
INFO: Run Behavior\BuildLiteBehavior [ RunTime:0.000022s ]
INFO: [ app_init ] --END-- [ RunTime:0.001278s ]
ERR: 无法加载模块:Worker

[ 2017-05-14T22:28:50+08:00 ] 10.103.9.101 /tpg/worker.appcache
INFO: [ app_init ] --START--
INFO: Run Behavior\BuildLiteBehavior [ RunTime:0.000019s ]
INFO: [ app_init ] --END-- [ RunTime:0.000940s ]
ERR: 无法加载模块:Worker

[ 2017-05-14T22:29:01+08:00 ] 10.103.9.101 /tpg/worker.appcache
INFO: [ app_init ] --START--
INFO: Run Behavior\BuildLiteBehavior [ RunTime:0.000019s ]
INFO: [ app_init ] --END-- [ RunTime:0.000990s ]
ERR: 无法加载模块:Worker

[ 2017-05-14T22:29:18+08:00 ] 10.103.9.101 /tpg/Public/cate/js/cufon-replace.js
INFO: [ app_init ] --START--
INFO: Run Behavior\BuildLiteBehavior [ RunTime:0.000024s ]
INFO: [ app_init ] --END-- [ RunTime:0.003094s ]
ERR: 无法加载模块:Public

[ 2017-05-14T22:30:16+08:00 ] 10.103.9.101 /tpg/Public/cate/js/cufon-replace.js
INFO: [ app_init ] --START--
INFO: Run Behavior\BuildLiteBehavior [ RunTime:0.000029s ]
INFO: [ app_init ] --END-- [ RunTime:0.002610s ]
ERR: 无法加载模块:Public

[ 2017-05-14T22:32:34+08:00 ] 10.103.9.101 /tpg/Public/cate/js/cufon-replace.js
INFO: [ app_init ] --START--
INFO: Run Behavior\BuildLiteBehavior [ RunTime:0.000018s ]
INFO: [ app_init ] --END-- [ RunTime:0.000955s ]
ERR: 无法加载模块:Public

[ 2017-05-14T22:32:56+08:00 ] 10.103.9.101 /tpg/worker.appcache
INFO: [ app_init ] --START--
INFO: Run Behavior\BuildLiteBehavior [ RunTime:0.000030s ]
INFO: [ app_init ] --END-- [ RunTime:0.000919s ]
ERR: 无法加载模块:Worker

[ 2017-05-14T22:34:30+08:00 ] 10.103.9.101 /tpg/Public/images/more5.jpg
INFO: [ app_init ] --START--
INFO: Run Behavior\BuildLiteBehavior [ RunTime:0.000016s ]
INFO: [ app_init ] --END-- [ RunTime:0.000788s ]
ERR: 无法加载模块:Public

[ 2017-05-14T22:34:30+08:00 ] 10.103.9.101 /tpg/Public/images/jdbg.png
INFO: [ app_init ] --START--
INFO: Run Behavior\BuildLiteBehavior [ RunTime:0.000026s ]
INFO: [ app_init ] --END-- [ RunTime:0.001478s ]
ERR: 无法加载模块:Public

[ 2017-05-14T22:38:36+08:00 ] 127.0.0.1 /tpg/Public/cate/js/cufon-replace.js
INFO: [ app_init ] --START--
INFO: Run Behavior\BuildLiteBehavior [ RunTime:0.000015s ]
INFO: [ app_init ] --END-- [ RunTime:0.000995s ]
ERR: 无法加载模块:Public

[ 2017-05-14T22:38:39+08:00 ] 127.0.0.1 /tpg/Public/cate/js/cufon-replace.js
INFO: [ app_init ] --START--
INFO: Run Behavior\BuildLiteBehavior [ RunTime:0.000023s ]
INFO: [ app_init ] --END-- [ RunTime:0.001174s ]
ERR: 无法加载模块:Public

